Using pre-set license
Built from '2022.3/staging' branch; Version is '2022.3.7f1 (b16b3b16c7a0) revision 11627323'; Using compiler version '192829333'; Build Type 'Release'
OS: 'Windows 11  (10.0.22621) 64bit Professional' Language: 'pl' Physical Memory: 65420 MB
BatchMode: 1, IsHumanControllingUs: 0, StartBugReporterOnCrash: 0, Is64bit: 1, IsPro: 1

COMMAND LINE ARGUMENTS:
C:\Program Files\Unity\Hub\Editor\2022.3.7f1\Editor\Unity.exe
-adb2
-batchMode
-noUpm
-name
AssetImportWorker4
-projectPath
C:/Users/Student/Desktop/top-shoter-main
-logFile
Logs/AssetImportWorker4.log
-srvPort
52991
Successfully changed project path to: C:/Users/Student/Desktop/top-shoter-main
C:/Users/Student/Desktop/top-shoter-main
[UnityMemory] Configuration Parameters - Can be set up in boot.config
    "memorysetup-bucket-allocator-granularity=16"
    "memorysetup-bucket-allocator-bucket-count=8"
    "memorysetup-bucket-allocator-block-size=33554432"
    "memorysetup-bucket-allocator-block-count=8"
    "memorysetup-main-allocator-block-size=16777216"
    "memorysetup-thread-allocator-block-size=16777216"
    "memorysetup-gfx-main-allocator-block-size=16777216"
    "memorysetup-gfx-thread-allocator-block-size=16777216"
    "memorysetup-cache-allocator-block-size=4194304"
    "memorysetup-typetree-allocator-block-size=2097152"
    "memorysetup-profiler-bucket-allocator-granularity=16"
    "memorysetup-profiler-bucket-allocator-bucket-count=8"
    "memorysetup-profiler-bucket-allocator-block-size=33554432"
    "memorysetup-profiler-bucket-allocator-block-count=8"
    "memorysetup-profiler-allocator-block-size=16777216"
    "memorysetup-profiler-editor-allocator-block-size=1048576"
    "memorysetup-temp-allocator-size-main=16777216"
    "memorysetup-job-temp-allocator-block-size=2097152"
    "memorysetup-job-temp-allocator-block-size-background=1048576"
    "memorysetup-job-temp-allocator-reduction-small-platforms=262144"
    "memorysetup-allocator-temp-initial-block-size-main=262144"
    "memorysetup-allocator-temp-initial-block-size-worker=262144"
    "memorysetup-temp-allocator-size-background-worker=32768"
    "memorysetup-temp-allocator-size-job-worker=262144"
    "memorysetup-temp-allocator-size-preload-manager=33554432"
    "memorysetup-temp-allocator-size-nav-mesh-worker=65536"
    "memorysetup-temp-allocator-size-audio-worker=65536"
    "memorysetup-temp-allocator-size-cloud-worker=32768"
    "memorysetup-temp-allocator-size-gi-baking-worker=262144"
    "memorysetup-temp-allocator-size-gfx=262144"
Player connection [14540] Host "[IP] 10.171.170.75 [Port] 0 [Flags] 2 [Guid] 3956550645 [EditorId] 3956550645 [Version] 1048832 [Id] WindowsEditor(7,S55-107-27) [Debug] 1 [PackageName] WindowsEditor [ProjectName] Editor" joined multi-casting on [225.0.0.222:54997]...

Player connection [14540] Host "[IP] 10.171.170.75 [Port] 0 [Flags] 2 [Guid] 3956550645 [EditorId] 3956550645 [Version] 1048832 [Id] WindowsEditor(7,S55-107-27) [Debug] 1 [PackageName] WindowsEditor [ProjectName] Editor" joined alternative multi-casting on [225.0.0.222:34997]...

Refreshing native plugins compatible for Editor in 6.51 ms, found 3 plugins.
Preloading 0 native plugins for Editor in 0.00 ms.
Initialize engine version: 2022.3.7f1 (b16b3b16c7a0)
[Subsystems] Discovering subsystems at path C:/Program Files/Unity/Hub/Editor/2022.3.7f1/Editor/Data/Resources/UnitySubsystems
[Subsystems] Discovering subsystems at path C:/Users/Student/Desktop/top-shoter-main/Assets
GfxDevice: creating device client; threaded=0; jobified=0
Direct3D:
    Version:  Direct3D 11.0 [level 11.1]
    Renderer: NVIDIA GeForce RTX 3080 (ID=0x2216)
    Vendor:   NVIDIA
    VRAM:     10067 MB
    Driver:   31.0.15.3640
Initialize mono
Mono path[0] = 'C:/Program Files/Unity/Hub/Editor/2022.3.7f1/Editor/Data/Managed'
Mono path[1] = 'C:/Program Files/Unity/Hub/Editor/2022.3.7f1/Editor/Data/MonoBleedingEdge/lib/mono/unityjit-win32'
Mono config path = 'C:/Program Files/Unity/Hub/Editor/2022.3.7f1/Editor/Data/MonoBleedingEdge/etc'
Using monoOptions --debugger-agent=transport=dt_socket,embedding=1,server=y,suspend=n,address=127.0.0.1:56184
Begin MonoManager ReloadAssembly
Registering precompiled unity dll's ...
Register platform support module: C:/Program Files/Unity/Hub/Editor/2022.3.7f1/Editor/Data/PlaybackEngines/WebGLSupport/UnityEditor.WebGL.Extensions.dll
Register platform support module: C:/Program Files/Unity/Hub/Editor/2022.3.7f1/Editor/Data/PlaybackEngines/WindowsStandaloneSupport/UnityEditor.WindowsStandalone.Extensions.dll
Registered in 0.004953 seconds.
- Loaded All Assemblies, in  0.235 seconds
Native extension for WindowsStandalone target not found
Native extension for WebGL target not found
Mono: successfully reloaded assembly
- Finished resetting the current domain, in  0.163 seconds
Domain Reload Profiling: 396ms
	BeginReloadAssembly (69ms)
		ExecutionOrderSort (0ms)
		DisableScriptedObjects (0ms)
		BackupInstance (0ms)
		ReleaseScriptingObjects (0ms)
		CreateAndSetChildDomain (1ms)
	RebuildCommonClasses (23ms)
	RebuildNativeTypeToScriptingClass (8ms)
	initialDomainReloadingComplete (38ms)
	LoadAllAssembliesAndSetupDomain (96ms)
		LoadAssemblies (68ms)
		RebuildTransferFunctionScriptingTraits (0ms)
		AnalyzeDomain (95ms)
			TypeCache.Refresh (93ms)
				TypeCache.ScanAssembly (85ms)
			ScanForSourceGeneratedMonoScriptInfo (0ms)
			ResolveRequiredComponents (0ms)
	FinalizeReload (163ms)
		ReleaseScriptCaches (0ms)
		RebuildScriptCaches (0ms)
		SetupLoadedEditorAssemblies (126ms)
			LogAssemblyErrors (0ms)
			InitializePlatformSupportModulesInManaged (7ms)
			SetLoadedEditorAssemblies (4ms)
			RefreshPlugins (0ms)
			BeforeProcessingInitializeOnLoad (1ms)
			ProcessInitializeOnLoadAttributes (85ms)
			ProcessInitializeOnLoadMethodAttributes (30ms)
			AfterProcessingInitializeOnLoad (0ms)
			EditorAssembliesLoaded (0ms)
		ExecutionOrderSort2 (0ms)
		AwakeInstancesAfterBackupRestoration (0ms)
========================================================================
Worker process is ready to serve import requests
Begin MonoManager ReloadAssembly
Symbol file LoadedFromMemory doesn't match image C:\Users\Student\Desktop\top-shoter-main\Library\PackageCache\com.unity.visualscripting@1.8.0\Editor\VisualScripting.Core\Dependencies\YamlDotNet\Unity.VisualScripting.YamlDotNet.dll
Symbol file LoadedFromMemory doesn't match image C:\Users\Student\Desktop\top-shoter-main\Library\PackageCache\com.unity.visualscripting@1.8.0\Editor\VisualScripting.Core\Dependencies\DotNetZip\Unity.VisualScripting.IonicZip.dll
- Loaded All Assemblies, in  0.422 seconds
Refreshing native plugins compatible for Editor in 2.35 ms, found 3 plugins.
Native extension for WindowsStandalone target not found
Native extension for WebGL target not found
Mono: successfully reloaded assembly
- Finished resetting the current domain, in  0.407 seconds
Domain Reload Profiling: 828ms
	BeginReloadAssembly (102ms)
		ExecutionOrderSort (0ms)
		DisableScriptedObjects (4ms)
		BackupInstance (0ms)
		ReleaseScriptingObjects (0ms)
		CreateAndSetChildDomain (18ms)
	RebuildCommonClasses (22ms)
	RebuildNativeTypeToScriptingClass (7ms)
	initialDomainReloadingComplete (29ms)
	LoadAllAssembliesAndSetupDomain (260ms)
		LoadAssemblies (189ms)
		RebuildTransferFunctionScriptingTraits (0ms)
		AnalyzeDomain (127ms)
			TypeCache.Refresh (105ms)
				TypeCache.ScanAssembly (94ms)
			ScanForSourceGeneratedMonoScriptInfo (14ms)
			ResolveRequiredComponents (7ms)
	FinalizeReload (407ms)
		ReleaseScriptCaches (0ms)
		RebuildScriptCaches (0ms)
		SetupLoadedEditorAssemblies (302ms)
			LogAssemblyErrors (0ms)
			InitializePlatformSupportModulesInManaged (4ms)
			SetLoadedEditorAssemblies (2ms)
			RefreshPlugins (0ms)
			BeforeProcessingInitializeOnLoad (49ms)
			ProcessInitializeOnLoadAttributes (196ms)
			ProcessInitializeOnLoadMethodAttributes (46ms)
			AfterProcessingInitializeOnLoad (5ms)
			EditorAssembliesLoaded (0ms)
		ExecutionOrderSort2 (0ms)
		AwakeInstancesAfterBackupRestoration (4ms)
Launched and connected shader compiler UnityShaderCompiler.exe after 0.03 seconds
Refreshing native plugins compatible for Editor in 2.85 ms, found 3 plugins.
Preloading 0 native plugins for Editor in 0.00 ms.
Unloading 5107 Unused Serialized files (Serialized files now loaded: 0)
Unloading 77 unused Assets / (422.8 KB). Loaded Objects now: 5571.
Memory consumption went from 203.9 MB to 203.5 MB.
Total: 3.395500 ms (FindLiveObjects: 0.356900 ms CreateObjectMapping: 0.135400 ms MarkObjects: 2.683200 ms  DeleteObjects: 0.219200 ms)

AssetImportParameters requested are different than current active one (requested -> active):
  custom:container-demuxer-ogg: 62fdf1f143b41e24485cea50d1cbac27 -> 
  custom:scripting/monoscript/fileName/VignetteModel.cs: ab6733272f937ac0155aab47b4a8e58e -> 
  custom:video-codec-MediaFoundation-h265: 746d11721c4dcdbdad8f713fa42b33f4 -> 
  custom:scripting/monoscript/fileName/EyeAdaptationModel.cs: 5bcc92c7d981d480ed07d6af7dd1a959 -> 
  custom:video-decoder-ogg-theora: a1e56fd34408186e4bbccfd4996cb3dc -> 
  custom:scripting/monoscript/fileName/ExampleWheelController.cs: 9600d370c57ff0da5766666ba4365a29 -> 
  custom:scripting/monoscript/fileName/GetSetAttribute.cs: b786c1938e0c0f5ecaf463807c2d7653 -> 
  custom:framework-win-MediaFoundation: 216162199b28c13a410421893ffa2e32 -> 
  custom:scripting/monoscript/fileName/PostProcessingContext.cs: be8a0bc1565c6324b1fd40a33f66279b -> 
  custom:scripting/monoscript/fileName/EyeAdaptationComponent.cs: 0cb2aaf8cdc20c0baee2205168cbc73c -> 
  custom:scripting/monoscript/fileName/FxaaComponent.cs: 9d1fd3efb92e1fef6fd176ee45003f08 -> 
  custom:scripting/monoscript/fileName/DitheringModel.cs: fa99c50231ddc7ca26b5d6c9a68b4b31 -> 
  custom:CustomObjectIndexerAttribute: a3ef5dd2817f97addfee359851a9dba5 -> 
  custom:scripting/monoscript/fileName/TrackballAttribute.cs: f1962deba67196a6cd6b7953be1caf36 -> 
  custom:scripting/monoscript/fileName/PostProcessingProfile.cs: e94a21971fab43a541218a4f91e0403c -> 
  custom:scripting/monoscript/fileName/BuiltinDebugViewsModel.cs: 4a09809f2c0ed6cca27229b06ce1d289 -> 
  custom:container-demuxer-webm: 4f35f7cbe854078d1ac9338744f61a02 -> 
  custom:scripting/monoscript/fileName/RenderTextureFactory.cs: b11bc916a1a88ed67d986ee69a536511 -> 
  custom:scripting/monoscript/fileName/CharController_Motor.cs: 95ad6a9e9f41b77ac8821bbc7a22986e -> 
  custom:scripting/monoscript/fileName/DepthOfFieldModel.cs: ab243c09a4b44fd7a53f73051db01cbc -> 
  custom:scripting/monoscript/fileName/FPSDisplay.cs: 4de2b1268e0d108618b876b31a439b05 -> 
  custom:scripting/monoscript/fileName/ColorGradingModel.cs: d1c2ef15f5e9e4868052777d51361b40 -> 
  custom:scripting/monoscript/fileName/ScreenSpaceReflectionModel.cs: 507d9c80d381478e1c14f5bfe34012ae -> 
  custom:scripting/monoscript/fileName/TrackballGroupAttribute.cs: 6d071733b141a3fb3360b110560ed1cc -> 
  custom:container-muxer-webm: aa71ff27fc2769a1b78a27578f13a17b -> 
  custom:video-decoder-webm-vp8: 9c59270c3fd7afecdb556c50c9e8de78 -> 
  custom:scripting/monoscript/fileName/BloomComponent.cs: 755f611bb4d32a54d162192a9fc6dd86 -> 
  custom:scripting/monoscript/fileName/MotionBlurComponent.cs: 6cf5a99eefa473d803af3e64f841a0a6 -> 
  custom:scripting/monoscript/fileName/WaterFloat.cs: 7ac8cb1106d215ea46d43dade9dd92c7 -> 
  custom:scripting/monoscript/fileName/BuiltinDebugViewsComponent.cs: 1b8215a7f6eae55c3fc6a97379498db3 -> 
  custom:SearchIndexIgnoredProperties: e643bd26f0fe6173181afceb89e7c659 -> 
  custom:scripting/monoscript/fileName/AmbientOcclusionModel.cs: ac26bcd19cab8c88e9b65cb75ee1c356 -> 
  custom:AudioImporter_EditorPlatform: d09bf68614088b80899f8185d706f6e7 -> 
  custom:scripting/monoscript/fileName/DisableRenderer.cs: 9cd9383a8381a51854f8fab592706848 -> 
  custom:scripting/monoscript/fileName/AmbientOcclusionComponent.cs: ae5a7089fb97a5a97a8f11138ce7c9d2 -> 
  custom:scripting/monoscript/fileName/GraphicsUtils.cs: f7df21c2acb52bb931f99c0a424b6be0 -> 
  custom:scripting/monoscript/fileName/DepthOfFieldComponent.cs: b0afd8f8844e3e4017df6130c14d0dfc -> 
  custom:scripting/monoscript/fileName/ColorGradingCurve.cs: e1e989893ee31e7801923212f0468312 -> 
  custom:scripting/monoscript/fileName/AntialiasingModel.cs: 325b0130eaada61513aeac7b8c97a9d7 -> 
  custom:scripting/monoscript/fileName/ChromaticAberrationModel.cs: 3f166f1ecbc6f39ed2f6b10cbc5b4ba4 -> 
  custom:scripting/monoscript/fileName/TaaComponent.cs: 7c343e97072a6712c3a2b01e75fdb7fa -> 
  custom:scripting/monoscript/fileName/PostProcessingModel.cs: 2f64caba6afa59bc78865f13b6f9065d -> 
  custom:scripting/monoscript/fileName/ChromaticAberrationComponent.cs: cda95994b71ba23d0c0f0fe0f241aab9 -> 
  custom:scripting/monoscript/fileName/ScreenSpaceReflectionComponent.cs: 79ad7ef64576d014e73a91b6c3af0688 -> 
  custom:scripting/monoscript/fileName/MotionBlurModel.cs: 4e24ef1d444a45a9e0056ed75c7c7eb7 -> 
  custom:scripting/monoscript/fileName/PostProcessingComponent.cs: 85236d6b86a55b2f46a14367ab625049 -> 
  custom:video-encoder-webm-vp8: eb34c28f22e8b96e1ab97ce403110664 -> 
  custom:audio-decoder-ogg-vorbis: bf7c407c2cedff20999df2af8eb42d56 -> 
  custom:scripting/monoscript/fileName/MaterialFactory.cs: 39b00f1518fc675c62e508eb4bdec486 -> 
  custom:scripting/monoscript/fileName/ColorGradingComponent.cs: fc28099e3cee649b1f5925a07b57ea96 -> 
  custom:scripting/monoscript/fileName/UserLutModel.cs: ce559ad59b29fc066f37249281afd441 -> 
  custom:scripting/monoscript/fileName/MinAttribute.cs: 941c73502025168e3301edfeaed1b25e -> 
  custom:scripting/monoscript/fileName/GrainComponent.cs: fae958f48caa0fab6bcf7f9c48b915e1 -> 
  custom:scripting/monoscript/fileName/FogComponent.cs: 2dfe6d4c859eabd11b82ff8fc7d7ad22 -> 
  custom:scripting/monoscript/fileName/VignetteComponent.cs: 293deb083808f71d2d18d818ef588272 -> 
  custom:scripting/monoscript/fileName/FogModel.cs: c4cd4da1fb97c7abf787083602f52bf5 -> 
  custom:scripting/monoscript/fileName/DitheringComponent.cs: 83d905897534466960141b85361bb6b4 -> 
  custom:audio-encoder-webm-vorbis: bf7c407c2cedff20999df2af8eb42d56 -> 
  custom:scripting/monoscript/fileName/UserLutComponent.cs: 944143ce5f543a40c92ecea777f35ae4 -> 
  custom:scripting/monoscript/fileName/PostProcessingBehaviour.cs: b0fbf7f67aeee9a6f7db03386dbc8c1e -> 
  custom:scripting/monoscript/fileName/BloomModel.cs: b4ba3e478c2698eb99512ead9d78d360 -> 
  custom:scripting/monoscript/fileName/GrainModel.cs: ce4589c9bbcb55f8f632b6617dc5d1f0 -> 
========================================================================
Received Import Request.
  Time since last request: 61995.811758 seconds.
  path: Assets/Character/Models
  artifactKey: Guid(bbab5e71d0da24d478d6708d0e11dfe5) Importer(815301076,1909f56bfc062723c751e8b465ee728b)
Start importing Assets/Character/Models using Guid(bbab5e71d0da24d478d6708d0e11dfe5) Importer(815301076,1909f56bfc062723c751e8b465ee728b)  -> (artifact id: '790d61ae45102afb3cc72bb69cb751e3') in 0.001566 seconds
Number of updated asset objects reloaded before import = 0
Number of asset objects unloaded after import = 0
========================================================================
Received Import Request.
  Time since last request: 0.018263 seconds.
  path: Assets/Character/Models/JellyFishGirl.fbx
  artifactKey: Guid(ddf397bb8ce11384bbc6d7b61581bbc6) Importer(815301076,1909f56bfc062723c751e8b465ee728b)
Start importing Assets/Character/Models/JellyFishGirl.fbx using Guid(ddf397bb8ce11384bbc6d7b61581bbc6) Importer(815301076,1909f56bfc062723c751e8b465ee728b)  -> (artifact id: '1acbac05210d4e0c167c8c9d0a7cf4dd') in 0.008883 seconds
Number of updated asset objects reloaded before import = 0
Number of asset objects unloaded after import = 245
========================================================================
Received Import Request.
  Time since last request: 1.975244 seconds.
  path: Assets/Character/Models/Materials
  artifactKey: Guid(d616debdcb167b442b24e468b2e3e014) Importer(815301076,1909f56bfc062723c751e8b465ee728b)
Start importing Assets/Character/Models/Materials using Guid(d616debdcb167b442b24e468b2e3e014) Importer(815301076,1909f56bfc062723c751e8b465ee728b)  -> (artifact id: 'f074f1defed5bc63d56a4b05ced455ee') in 0.000498 seconds
Number of updated asset objects reloaded before import = 0
Number of asset objects unloaded after import = 0
========================================================================
Received Import Request.
  Time since last request: 0.066436 seconds.
  path: Assets/Character/Models/Materials/Kurage_Gun01_diffuse.mat
  artifactKey: Guid(b13762d93456fc840984b6e7ae20003f) Importer(815301076,1909f56bfc062723c751e8b465ee728b)
Start importing Assets/Character/Models/Materials/Kurage_Gun01_diffuse.mat using Guid(b13762d93456fc840984b6e7ae20003f) Importer(815301076,1909f56bfc062723c751e8b465ee728b)  -> (artifact id: '1ed25db97e58ab1de5ee6be777bec918') in 0.002180 seconds
Number of updated asset objects reloaded before import = 0
Number of asset objects unloaded after import = 1
========================================================================
Received Import Request.
  Time since last request: 0.000012 seconds.
  path: Assets/Character/Models/Materials/kurage_Skin_diffuse.mat
  artifactKey: Guid(f16693b0307c8d24ba6da7cd89d28e5b) Importer(815301076,1909f56bfc062723c751e8b465ee728b)
Start importing Assets/Character/Models/Materials/kurage_Skin_diffuse.mat using Guid(f16693b0307c8d24ba6da7cd89d28e5b) Importer(815301076,1909f56bfc062723c751e8b465ee728b)  -> (artifact id: '4de36a56d5ecf6b1c8c4c9ceff1b7a13') in 0.000722 seconds
Number of updated asset objects reloaded before import = 0
Number of asset objects unloaded after import = 1
========================================================================
Received Import Request.
  Time since last request: 0.000011 seconds.
  path: Assets/Character/Models/Materials/Kurage_Shoes01_diffuse.mat
  artifactKey: Guid(2eb74701be428604bb0efaa11ac031f2) Importer(815301076,1909f56bfc062723c751e8b465ee728b)
Start importing Assets/Character/Models/Materials/Kurage_Shoes01_diffuse.mat using Guid(2eb74701be428604bb0efaa11ac031f2) Importer(815301076,1909f56bfc062723c751e8b465ee728b)  -> (artifact id: '5d4dab4d48b8fd7b21c0aa24119a4a81') in 0.000840 seconds
Number of updated asset objects reloaded before import = 0
Number of asset objects unloaded after import = 1
========================================================================
Received Import Request.
  Time since last request: 1.219208 seconds.
  path: Assets/Character/Textures/HDR.exr
  artifactKey: Guid(c67ded51bdc296f46ac7c8be807e1662) Importer(815301076,1909f56bfc062723c751e8b465ee728b)
Start importing Assets/Character/Textures/HDR.exr using Guid(c67ded51bdc296f46ac7c8be807e1662) Importer(815301076,1909f56bfc062723c751e8b465ee728b)  -> (artifact id: 'e4dea3eaf696cebe058b5da10e22b8d2') in 0.009210 seconds
Number of updated asset objects reloaded before import = 0
Number of asset objects unloaded after import = 1
========================================================================
Received Import Request.
  Time since last request: 8.368480 seconds.
  path: Assets/Character/Prefabs/JellyFishGirl.prefab
  artifactKey: Guid(479d26050afb50244823e542e662566f) Importer(815301076,1909f56bfc062723c751e8b465ee728b)
Start importing Assets/Character/Prefabs/JellyFishGirl.prefab using Guid(479d26050afb50244823e542e662566f) Importer(815301076,1909f56bfc062723c751e8b465ee728b)  -> (artifact id: '150f462fd0eb13f1f3bb846f79fdc956') in 0.003916 seconds
Number of updated asset objects reloaded before import = 0
Number of asset objects unloaded after import = 248
========================================================================
Received Import Request.
  Time since last request: 6.124128 seconds.
  path: Assets/Character/Textures/Kurage_Gun01_diffuse.png
  artifactKey: Guid(bdb707f6d910b3345b1f067a187a7dc5) Importer(815301076,1909f56bfc062723c751e8b465ee728b)
Start importing Assets/Character/Textures/Kurage_Gun01_diffuse.png using Guid(bdb707f6d910b3345b1f067a187a7dc5) Importer(815301076,1909f56bfc062723c751e8b465ee728b)  -> (artifact id: '5588ed393129bf93a08dbe2b4dead21c') in 0.001879 seconds
Number of updated asset objects reloaded before import = 0
Number of asset objects unloaded after import = 1
========================================================================
Received Import Request.
  Time since last request: 0.000012 seconds.
  path: Assets/Character/Textures/Kurage_Skin_emission.png
  artifactKey: Guid(9443627d546af9f40a9eb369420a1eb3) Importer(815301076,1909f56bfc062723c751e8b465ee728b)
Start importing Assets/Character/Textures/Kurage_Skin_emission.png using Guid(9443627d546af9f40a9eb369420a1eb3) Importer(815301076,1909f56bfc062723c751e8b465ee728b)  -> (artifact id: '235f50ecfe3269c774219d2ff2fb07f7') in 0.001792 seconds
Number of updated asset objects reloaded before import = 0
Number of asset objects unloaded after import = 1
========================================================================
Received Import Request.
  Time since last request: 0.000017 seconds.
  path: Assets/Character/Textures/Kurage_Shoes01_specular.png
  artifactKey: Guid(9cde1529ec5a2644c886cc72676f1601) Importer(815301076,1909f56bfc062723c751e8b465ee728b)
Start importing Assets/Character/Textures/Kurage_Shoes01_specular.png using Guid(9cde1529ec5a2644c886cc72676f1601) Importer(815301076,1909f56bfc062723c751e8b465ee728b)  -> (artifact id: '8f06113c038334eddc6891d1d553fbf1') in 0.001290 seconds
Number of updated asset objects reloaded before import = 0
Number of asset objects unloaded after import = 1
========================================================================
Received Import Request.
  Time since last request: 0.000025 seconds.
  path: Assets/Character/Textures/Kurage_Skirt_specular.png
  artifactKey: Guid(b7e9cd508011cd645b4a01658e46f541) Importer(815301076,1909f56bfc062723c751e8b465ee728b)
Start importing Assets/Character/Textures/Kurage_Skirt_specular.png using Guid(b7e9cd508011cd645b4a01658e46f541) Importer(815301076,1909f56bfc062723c751e8b465ee728b)  -> (artifact id: '18d8122b7e2b1572a3f344dafddcf595') in 0.001844 seconds
Number of updated asset objects reloaded before import = 0
Number of asset objects unloaded after import = 1
========================================================================
Received Import Request.
  Time since last request: 0.000017 seconds.
  path: Assets/Character/Textures/Kurage_Skirt_diffuse.png
  artifactKey: Guid(636d106d109e11e4eab344ed7ea37366) Importer(815301076,1909f56bfc062723c751e8b465ee728b)
Start importing Assets/Character/Textures/Kurage_Skirt_diffuse.png using Guid(636d106d109e11e4eab344ed7ea37366) Importer(815301076,1909f56bfc062723c751e8b465ee728b)  -> (artifact id: '6b88df9713ac2ba8431a1e7147497fc0') in 0.001432 seconds
Number of updated asset objects reloaded before import = 0
Number of asset objects unloaded after import = 1
========================================================================
Received Import Request.
  Time since last request: 0.000011 seconds.
  path: Assets/Character/Textures/Kurage_Hat_specular.png
  artifactKey: Guid(e8919c5c4ee0b1f489403c03ab460e43) Importer(815301076,1909f56bfc062723c751e8b465ee728b)
Start importing Assets/Character/Textures/Kurage_Hat_specular.png using Guid(e8919c5c4ee0b1f489403c03ab460e43) Importer(815301076,1909f56bfc062723c751e8b465ee728b)  -> (artifact id: '745085664ac3371b85e84b76ab633a60') in 0.001954 seconds
Number of updated asset objects reloaded before import = 0
Number of asset objects unloaded after import = 1
========================================================================
Received Import Request.
  Time since last request: 0.000011 seconds.
  path: Assets/Character/Textures/Kurage_Skin_specular.png
  artifactKey: Guid(4de5df6822a2a684eaed2226e70be185) Importer(815301076,1909f56bfc062723c751e8b465ee728b)
Start importing Assets/Character/Textures/Kurage_Skin_specular.png using Guid(4de5df6822a2a684eaed2226e70be185) Importer(815301076,1909f56bfc062723c751e8b465ee728b)  -> (artifact id: '55a74d768c0e8ea7e23de594170b6e4c') in 0.001573 seconds
Number of updated asset objects reloaded before import = 0
Number of asset objects unloaded after import = 1
========================================================================
Received Import Request.
  Time since last request: 10.715585 seconds.
  path: Assets/Model/Terrorist1
  artifactKey: Guid(c1cd13535601092459f59b5ab1696029) Importer(815301076,1909f56bfc062723c751e8b465ee728b)
Start importing Assets/Model/Terrorist1 using Guid(c1cd13535601092459f59b5ab1696029) Importer(815301076,1909f56bfc062723c751e8b465ee728b)  -> (artifact id: '4a82a1d9f0c68e72f44f25bd4fe6eee6') in 0.000415 seconds
Number of updated asset objects reloaded before import = 0
Number of asset objects unloaded after import = 0
========================================================================
Received Import Request.
  Time since last request: 2.824607 seconds.
  path: Assets/Model/Terrorist1/Prefab
  artifactKey: Guid(de7e3c99e56ffb5448737952a31028b3) Importer(815301076,1909f56bfc062723c751e8b465ee728b)
Start importing Assets/Model/Terrorist1/Prefab using Guid(de7e3c99e56ffb5448737952a31028b3) Importer(815301076,1909f56bfc062723c751e8b465ee728b)  -> (artifact id: 'e8576f2e5d90c2cb224de8d3c2473f9c') in 0.000399 seconds
Number of updated asset objects reloaded before import = 0
Number of asset objects unloaded after import = 0
========================================================================
Received Import Request.
  Time since last request: 0.068259 seconds.
  path: Assets/Model/Terrorist1/Prefab/Ak47.prefab
  artifactKey: Guid(2bc6850222b710748a9f48fdbec1b091) Importer(815301076,1909f56bfc062723c751e8b465ee728b)
Start importing Assets/Model/Terrorist1/Prefab/Ak47.prefab using Guid(2bc6850222b710748a9f48fdbec1b091) Importer(815301076,1909f56bfc062723c751e8b465ee728b)  -> (artifact id: '7bae1466b6a9a2399f28f5f2381d58fb') in 0.001310 seconds
Number of updated asset objects reloaded before import = 0
Number of asset objects unloaded after import = 6
Editor requested this worker to shutdown with reason: Scaling down because of idle timeout
TcpMessagingSession - receive error: operation aborted. errorcode: 995, details: Operacja We/Wy zostala przerwana z powodu zakonczenia watku lub zadania aplikacji.
AssetImportWorker is now disconnected from the server
Process exiting
Exiting without the bug reporter. Application will terminate with return code 0