Using pre-set license
Built from '2022.3/staging' branch; Version is '2022.3.7f1 (b16b3b16c7a0) revision 11627323'; Using compiler version '192829333'; Build Type 'Release'
OS: 'Windows 11  (10.0.22621) 64bit Professional' Language: 'pl' Physical Memory: 65420 MB
BatchMode: 1, IsHumanControllingUs: 0, StartBugReporterOnCrash: 0, Is64bit: 1, IsPro: 1

COMMAND LINE ARGUMENTS:
C:\Program Files\Unity\Hub\Editor\2022.3.7f1\Editor\Unity.exe
-adb2
-batchMode
-noUpm
-name
AssetImportWorker0
-projectPath
C:/Users/Student/Desktop/top-shoter-main
-logFile
Logs/AssetImportWorker0.log
-srvPort
52377
Successfully changed project path to: C:/Users/Student/Desktop/top-shoter-main
C:/Users/Student/Desktop/top-shoter-main
[UnityMemory] Configuration Parameters - Can be set up in boot.config
    "memorysetup-bucket-allocator-granularity=16"
    "memorysetup-bucket-allocator-bucket-count=8"
    "memorysetup-bucket-allocator-block-size=33554432"
    "memorysetup-bucket-allocator-block-count=8"
    "memorysetup-main-allocator-block-size=16777216"
    "memorysetup-thread-allocator-block-size=16777216"
    "memorysetup-gfx-main-allocator-block-size=16777216"
    "memorysetup-gfx-thread-allocator-block-size=16777216"
    "memorysetup-cache-allocator-block-size=4194304"
    "memorysetup-typetree-allocator-block-size=2097152"
    "memorysetup-profiler-bucket-allocator-granularity=16"
    "memorysetup-profiler-bucket-allocator-bucket-count=8"
    "memorysetup-profiler-bucket-allocator-block-size=33554432"
    "memorysetup-profiler-bucket-allocator-block-count=8"
    "memorysetup-profiler-allocator-block-size=16777216"
    "memorysetup-profiler-editor-allocator-block-size=1048576"
    "memorysetup-temp-allocator-size-main=16777216"
    "memorysetup-job-temp-allocator-block-size=2097152"
    "memorysetup-job-temp-allocator-block-size-background=1048576"
    "memorysetup-job-temp-allocator-reduction-small-platforms=262144"
    "memorysetup-allocator-temp-initial-block-size-main=262144"
    "memorysetup-allocator-temp-initial-block-size-worker=262144"
    "memorysetup-temp-allocator-size-background-worker=32768"
    "memorysetup-temp-allocator-size-job-worker=262144"
    "memorysetup-temp-allocator-size-preload-manager=33554432"
    "memorysetup-temp-allocator-size-nav-mesh-worker=65536"
    "memorysetup-temp-allocator-size-audio-worker=65536"
    "memorysetup-temp-allocator-size-cloud-worker=32768"
    "memorysetup-temp-allocator-size-gi-baking-worker=262144"
    "memorysetup-temp-allocator-size-gfx=262144"
Player connection [24768] Host "[IP] 10.171.170.75 [Port] 0 [Flags] 2 [Guid] 1575045986 [EditorId] 1575045986 [Version] 1048832 [Id] WindowsEditor(7,S55-107-27) [Debug] 1 [PackageName] WindowsEditor [ProjectName] Editor" joined multi-casting on [225.0.0.222:54997]...

Player connection [24768] Host "[IP] 10.171.170.75 [Port] 0 [Flags] 2 [Guid] 1575045986 [EditorId] 1575045986 [Version] 1048832 [Id] WindowsEditor(7,S55-107-27) [Debug] 1 [PackageName] WindowsEditor [ProjectName] Editor" joined alternative multi-casting on [225.0.0.222:34997]...

Refreshing native plugins compatible for Editor in 7.38 ms, found 3 plugins.
Preloading 0 native plugins for Editor in 0.00 ms.
Initialize engine version: 2022.3.7f1 (b16b3b16c7a0)
[Subsystems] Discovering subsystems at path C:/Program Files/Unity/Hub/Editor/2022.3.7f1/Editor/Data/Resources/UnitySubsystems
[Subsystems] Discovering subsystems at path C:/Users/Student/Desktop/top-shoter-main/Assets
GfxDevice: creating device client; threaded=0; jobified=0
Direct3D:
    Version:  Direct3D 11.0 [level 11.1]
    Renderer: NVIDIA GeForce RTX 3080 (ID=0x2216)
    Vendor:   NVIDIA
    VRAM:     10067 MB
    Driver:   31.0.15.3640
Initialize mono
Mono path[0] = 'C:/Program Files/Unity/Hub/Editor/2022.3.7f1/Editor/Data/Managed'
Mono path[1] = 'C:/Program Files/Unity/Hub/Editor/2022.3.7f1/Editor/Data/MonoBleedingEdge/lib/mono/unityjit-win32'
Mono config path = 'C:/Program Files/Unity/Hub/Editor/2022.3.7f1/Editor/Data/MonoBleedingEdge/etc'
Using monoOptions --debugger-agent=transport=dt_socket,embedding=1,server=y,suspend=n,address=127.0.0.1:56764
Begin MonoManager ReloadAssembly
Registering precompiled unity dll's ...
Register platform support module: C:/Program Files/Unity/Hub/Editor/2022.3.7f1/Editor/Data/PlaybackEngines/WebGLSupport/UnityEditor.WebGL.Extensions.dll
Register platform support module: C:/Program Files/Unity/Hub/Editor/2022.3.7f1/Editor/Data/PlaybackEngines/WindowsStandaloneSupport/UnityEditor.WindowsStandalone.Extensions.dll
Registered in 0.005341 seconds.
- Loaded All Assemblies, in  0.245 seconds
Native extension for WindowsStandalone target not found
Native extension for WebGL target not found
Mono: successfully reloaded assembly
- Finished resetting the current domain, in  0.173 seconds
Domain Reload Profiling: 417ms
	BeginReloadAssembly (73ms)
		ExecutionOrderSort (0ms)
		DisableScriptedObjects (0ms)
		BackupInstance (0ms)
		ReleaseScriptingObjects (0ms)
		CreateAndSetChildDomain (0ms)
	RebuildCommonClasses (23ms)
	RebuildNativeTypeToScriptingClass (7ms)
	initialDomainReloadingComplete (41ms)
	LoadAllAssembliesAndSetupDomain (99ms)
		LoadAssemblies (72ms)
		RebuildTransferFunctionScriptingTraits (0ms)
		AnalyzeDomain (97ms)
			TypeCache.Refresh (96ms)
				TypeCache.ScanAssembly (87ms)
			ScanForSourceGeneratedMonoScriptInfo (0ms)
			ResolveRequiredComponents (0ms)
	FinalizeReload (173ms)
		ReleaseScriptCaches (0ms)
		RebuildScriptCaches (0ms)
		SetupLoadedEditorAssemblies (134ms)
			LogAssemblyErrors (0ms)
			InitializePlatformSupportModulesInManaged (7ms)
			SetLoadedEditorAssemblies (3ms)
			RefreshPlugins (0ms)
			BeforeProcessingInitializeOnLoad (1ms)
			ProcessInitializeOnLoadAttributes (90ms)
			ProcessInitializeOnLoadMethodAttributes (32ms)
			AfterProcessingInitializeOnLoad (0ms)
			EditorAssembliesLoaded (0ms)
		ExecutionOrderSort2 (0ms)
		AwakeInstancesAfterBackupRestoration (0ms)
========================================================================
Worker process is ready to serve import requests
Begin MonoManager ReloadAssembly
Symbol file LoadedFromMemory doesn't match image C:\Users\Student\Desktop\top-shoter-main\Library\PackageCache\com.unity.visualscripting@1.8.0\Editor\VisualScripting.Core\Dependencies\YamlDotNet\Unity.VisualScripting.YamlDotNet.dll
Symbol file LoadedFromMemory doesn't match image C:\Users\Student\Desktop\top-shoter-main\Library\PackageCache\com.unity.visualscripting@1.8.0\Editor\VisualScripting.Core\Dependencies\DotNetZip\Unity.VisualScripting.IonicZip.dll
- Loaded All Assemblies, in  0.454 seconds
Refreshing native plugins compatible for Editor in 3.01 ms, found 3 plugins.
Native extension for WindowsStandalone target not found
Native extension for WebGL target not found
Mono: successfully reloaded assembly
- Finished resetting the current domain, in  0.459 seconds
Domain Reload Profiling: 912ms
	BeginReloadAssembly (108ms)
		ExecutionOrderSort (0ms)
		DisableScriptedObjects (4ms)
		BackupInstance (0ms)
		ReleaseScriptingObjects (0ms)
		CreateAndSetChildDomain (19ms)
	RebuildCommonClasses (25ms)
	RebuildNativeTypeToScriptingClass (8ms)
	initialDomainReloadingComplete (31ms)
	LoadAllAssembliesAndSetupDomain (280ms)
		LoadAssemblies (203ms)
		RebuildTransferFunctionScriptingTraits (0ms)
		AnalyzeDomain (136ms)
			TypeCache.Refresh (111ms)
				TypeCache.ScanAssembly (100ms)
			ScanForSourceGeneratedMonoScriptInfo (15ms)
			ResolveRequiredComponents (9ms)
	FinalizeReload (459ms)
		ReleaseScriptCaches (0ms)
		RebuildScriptCaches (0ms)
		SetupLoadedEditorAssemblies (346ms)
			LogAssemblyErrors (0ms)
			InitializePlatformSupportModulesInManaged (6ms)
			SetLoadedEditorAssemblies (2ms)
			RefreshPlugins (0ms)
			BeforeProcessingInitializeOnLoad (57ms)
			ProcessInitializeOnLoadAttributes (224ms)
			ProcessInitializeOnLoadMethodAttributes (52ms)
			AfterProcessingInitializeOnLoad (5ms)
			EditorAssembliesLoaded (0ms)
		ExecutionOrderSort2 (0ms)
		AwakeInstancesAfterBackupRestoration (4ms)
Launched and connected shader compiler UnityShaderCompiler.exe after 0.04 seconds
Refreshing native plugins compatible for Editor in 5.30 ms, found 3 plugins.
Preloading 0 native plugins for Editor in 0.00 ms.
Unloading 5107 Unused Serialized files (Serialized files now loaded: 0)
Unloading 77 unused Assets / (420.9 KB). Loaded Objects now: 5563.
Memory consumption went from 202.2 MB to 201.7 MB.
Total: 6.430800 ms (FindLiveObjects: 0.734900 ms CreateObjectMapping: 0.433200 ms MarkObjects: 4.900000 ms  DeleteObjects: 0.361400 ms)

AssetImportParameters requested are different than current active one (requested -> active):
  custom:container-demuxer-ogg: 62fdf1f143b41e24485cea50d1cbac27 -> 
  custom:video-codec-MediaFoundation-h265: 746d11721c4dcdbdad8f713fa42b33f4 -> 
  custom:video-decoder-ogg-theora: a1e56fd34408186e4bbccfd4996cb3dc -> 
  custom:framework-win-MediaFoundation: 216162199b28c13a410421893ffa2e32 -> 
  custom:container-demuxer-webm: 4f35f7cbe854078d1ac9338744f61a02 -> 
  custom:container-muxer-webm: aa71ff27fc2769a1b78a27578f13a17b -> 
  custom:video-decoder-webm-vp8: 9c59270c3fd7afecdb556c50c9e8de78 -> 
  custom:AudioImporter_EditorPlatform: d09bf68614088b80899f8185d706f6e7 -> 
  custom:video-encoder-webm-vp8: eb34c28f22e8b96e1ab97ce403110664 -> 
  custom:audio-decoder-ogg-vorbis: bf7c407c2cedff20999df2af8eb42d56 -> 
  custom:audio-encoder-webm-vorbis: bf7c407c2cedff20999df2af8eb42d56 -> 
========================================================================
Received Import Request.
  Time since last request: 60777.594050 seconds.
  path: Assets/UniversalRenderPipelineGlobalSettings.asset
  artifactKey: Guid(18dc0cd2c080841dea60987a38ce93fa) Importer(815301076,1909f56bfc062723c751e8b465ee728b)
Start importing Assets/UniversalRenderPipelineGlobalSettings.asset using Guid(18dc0cd2c080841dea60987a38ce93fa) Importer(815301076,1909f56bfc062723c751e8b465ee728b)  -> (artifact id: '0826c28cb0ac08c7995a8211ea1eb1f9') in 0.011207 seconds
Number of updated asset objects reloaded before import = 0
Number of asset objects unloaded after import = 1
========================================================================
Received Import Request.
  Time since last request: 0.000044 seconds.
  path: Assets/Readme.asset
  artifactKey: Guid(8105016687592461f977c054a80ce2f2) Importer(815301076,1909f56bfc062723c751e8b465ee728b)
Start importing Assets/Readme.asset using Guid(8105016687592461f977c054a80ce2f2) Importer(815301076,1909f56bfc062723c751e8b465ee728b)  -> (artifact id: '13b11e6936975384c89f4f7e6268c69a') in 0.003516 seconds
Number of updated asset objects reloaded before import = 0
Number of asset objects unloaded after import = 2
========================================================================
Received Prepare
Refreshing native plugins compatible for Editor in 2.53 ms, found 3 plugins.
Preloading 0 native plugins for Editor in 0.00 ms.
Unloading 3 Unused Serialized files (Serialized files now loaded: 0)
Unloading 3 unused Assets / (363.7 KB). Loaded Objects now: 5564.
Memory consumption went from 96.1 MB to 95.7 MB.
Total: 3.143400 ms (FindLiveObjects: 0.389400 ms CreateObjectMapping: 0.152100 ms MarkObjects: 2.531900 ms  DeleteObjects: 0.069600 ms)

Prepare: number of updated asset objects reloaded= 0
AssetImportParameters requested are different than current active one (requested -> active):
  custom:container-demuxer-ogg: 62fdf1f143b41e24485cea50d1cbac27 -> 
  custom:video-codec-MediaFoundation-h265: 746d11721c4dcdbdad8f713fa42b33f4 -> 
  custom:video-decoder-ogg-theora: a1e56fd34408186e4bbccfd4996cb3dc -> 
  custom:framework-win-MediaFoundation: 216162199b28c13a410421893ffa2e32 -> 
  custom:CustomObjectIndexerAttribute: a3ef5dd2817f97addfee359851a9dba5 -> 
  custom:container-demuxer-webm: 4f35f7cbe854078d1ac9338744f61a02 -> 
  custom:container-muxer-webm: aa71ff27fc2769a1b78a27578f13a17b -> 
  custom:video-decoder-webm-vp8: 9c59270c3fd7afecdb556c50c9e8de78 -> 
  custom:SearchIndexIgnoredProperties: e643bd26f0fe6173181afceb89e7c659 -> 
  custom:AudioImporter_EditorPlatform: d09bf68614088b80899f8185d706f6e7 -> 
  custom:video-encoder-webm-vp8: eb34c28f22e8b96e1ab97ce403110664 -> 
  custom:audio-decoder-ogg-vorbis: bf7c407c2cedff20999df2af8eb42d56 -> 
  custom:audio-encoder-webm-vorbis: bf7c407c2cedff20999df2af8eb42d56 -> 
========================================================================
Received Import Request.
  Time since last request: 19.281901 seconds.
  path: Assets/Scenes
  artifactKey: Guid(422e2e7bd8bed1b47881717edd01fc69) Importer(815301076,1909f56bfc062723c751e8b465ee728b)
Start importing Assets/Scenes using Guid(422e2e7bd8bed1b47881717edd01fc69) Importer(815301076,1909f56bfc062723c751e8b465ee728b)  -> (artifact id: '49d92f1ba2c356804b3282bc49a6ac02') in 0.003866 seconds
Number of updated asset objects reloaded before import = 0
Number of asset objects unloaded after import = 0
========================================================================
Received Import Request.
  Time since last request: 721.384253 seconds.
  path: Assets/Flooded_Grounds
  artifactKey: Guid(d03fe210a2949a644aec1581d117f44a) Importer(815301076,1909f56bfc062723c751e8b465ee728b)
Start importing Assets/Flooded_Grounds using Guid(d03fe210a2949a644aec1581d117f44a) Importer(815301076,1909f56bfc062723c751e8b465ee728b)  -> (artifact id: '4d7c569bf0800c42b1b7e983fe3f854c') in 0.000491 seconds
Number of updated asset objects reloaded before import = 0
Number of asset objects unloaded after import = 0
========================================================================
Received Import Request.
  Time since last request: 1.550956 seconds.
  path: Assets/Flooded_Grounds/Content
  artifactKey: Guid(2e150d6ce3d33f84295eac3b1ec2f056) Importer(815301076,1909f56bfc062723c751e8b465ee728b)
Start importing Assets/Flooded_Grounds/Content using Guid(2e150d6ce3d33f84295eac3b1ec2f056) Importer(815301076,1909f56bfc062723c751e8b465ee728b)  -> (artifact id: 'b1203001cb7e2c9e69e5a77ff74333f6') in 0.000373 seconds
Number of updated asset objects reloaded before import = 0
Number of asset objects unloaded after import = 0
========================================================================
Received Import Request.
  Time since last request: 1.762749 seconds.
  path: Assets/Flooded_Grounds/Content/Materials
  artifactKey: Guid(5c3f1ab731e541841b79f7a5d2f1b27e) Importer(815301076,1909f56bfc062723c751e8b465ee728b)
Start importing Assets/Flooded_Grounds/Content/Materials using Guid(5c3f1ab731e541841b79f7a5d2f1b27e) Importer(815301076,1909f56bfc062723c751e8b465ee728b)  -> (artifact id: '02c7dc9f5d9090c476392e77b16409f5') in 0.000387 seconds
Number of updated asset objects reloaded before import = 0
Number of asset objects unloaded after import = 0
========================================================================
Received Import Request.
  Time since last request: 0.092787 seconds.
  path: Assets/Flooded_Grounds/Content/Materials/ATM_DustParticle.mat
  artifactKey: Guid(43af489cd38ff014e8e9a7a8cea78a7e) Importer(815301076,1909f56bfc062723c751e8b465ee728b)
Start importing Assets/Flooded_Grounds/Content/Materials/ATM_DustParticle.mat using Guid(43af489cd38ff014e8e9a7a8cea78a7e) Importer(815301076,1909f56bfc062723c751e8b465ee728b)  -> (artifact id: '43360609e1c55014065e02a675ad1d4a') in 0.001488 seconds
Number of updated asset objects reloaded before import = 0
Number of asset objects unloaded after import = 1
========================================================================
Received Import Request.
  Time since last request: 0.005151 seconds.
  path: Assets/Flooded_Grounds/Content/Materials/ATM_Leaf1.mat
  artifactKey: Guid(e049ee4d8606de040a720fb72ae1d9f2) Importer(815301076,1909f56bfc062723c751e8b465ee728b)
Start importing Assets/Flooded_Grounds/Content/Materials/ATM_Leaf1.mat using Guid(e049ee4d8606de040a720fb72ae1d9f2) Importer(815301076,1909f56bfc062723c751e8b465ee728b)  -> (artifact id: '435e34bb9b77ddf9131392bd8aab01ab') in 0.001409 seconds
Number of updated asset objects reloaded before import = 0
Number of asset objects unloaded after import = 1
========================================================================
Received Import Request.
  Time since last request: 0.000011 seconds.
  path: Assets/Flooded_Grounds/Content/Materials/BGR_Water.mat
  artifactKey: Guid(a56782aef2f1bd34285fe34f78a0b957) Importer(815301076,1909f56bfc062723c751e8b465ee728b)
Start importing Assets/Flooded_Grounds/Content/Materials/BGR_Water.mat using Guid(a56782aef2f1bd34285fe34f78a0b957) Importer(815301076,1909f56bfc062723c751e8b465ee728b)  -> (artifact id: 'e7da0255368d4154c8e076db678a350a') in 0.003505 seconds
Number of updated asset objects reloaded before import = 0
Number of asset objects unloaded after import = 2
========================================================================
Received Import Request.
  Time since last request: 0.011840 seconds.
  path: Assets/Flooded_Grounds/Content/Materials/BLD_Bridge1.mat
  artifactKey: Guid(5a13720bee0f5804d91f33010ed31391) Importer(815301076,1909f56bfc062723c751e8b465ee728b)
Start importing Assets/Flooded_Grounds/Content/Materials/BLD_Bridge1.mat using Guid(5a13720bee0f5804d91f33010ed31391) Importer(815301076,1909f56bfc062723c751e8b465ee728b)  -> (artifact id: '27181a43a65a8b1e04dca23102cc27d1') in 0.003560 seconds
Number of updated asset objects reloaded before import = 0
Number of asset objects unloaded after import = 2
========================================================================
Received Import Request.
  Time since last request: 0.072233 seconds.
  path: Assets/Flooded_Grounds/Content/Materials/BLD_Bridge1_LOD.mat
  artifactKey: Guid(b39a473fb30ef8d44818ba4b9e2eebc0) Importer(815301076,1909f56bfc062723c751e8b465ee728b)
Start importing Assets/Flooded_Grounds/Content/Materials/BLD_Bridge1_LOD.mat using Guid(b39a473fb30ef8d44818ba4b9e2eebc0) Importer(815301076,1909f56bfc062723c751e8b465ee728b)  -> (artifact id: '5c0b98937ca247078688a864c5bf05c8') in 0.001948 seconds
Number of updated asset objects reloaded before import = 0
Number of asset objects unloaded after import = 1
========================================================================
Received Import Request.
  Time since last request: 0.026362 seconds.
  path: Assets/Flooded_Grounds/Content/Materials/BLD_Cabins.mat
  artifactKey: Guid(2d96e79d3d44b824381f64be7765f5c2) Importer(815301076,1909f56bfc062723c751e8b465ee728b)
Start importing Assets/Flooded_Grounds/Content/Materials/BLD_Cabins.mat using Guid(2d96e79d3d44b824381f64be7765f5c2) Importer(815301076,1909f56bfc062723c751e8b465ee728b)  -> (artifact id: '33a56b6e0c15ef896285570212fe44e0') in 0.000919 seconds
Number of updated asset objects reloaded before import = 0
Number of asset objects unloaded after import = 1
========================================================================
Received Import Request.
  Time since last request: 0.007931 seconds.
  path: Assets/Flooded_Grounds/Content/Materials/BLD_Church1.mat
  artifactKey: Guid(67839f18cb008324fad823e901f01b33) Importer(815301076,1909f56bfc062723c751e8b465ee728b)
Start importing Assets/Flooded_Grounds/Content/Materials/BLD_Church1.mat using Guid(67839f18cb008324fad823e901f01b33) Importer(815301076,1909f56bfc062723c751e8b465ee728b)  -> (artifact id: '81e318b9bd82b200e0ba95a3e49db5e3') in 0.001226 seconds
Number of updated asset objects reloaded before import = 0
Number of asset objects unloaded after import = 1
========================================================================
Received Import Request.
  Time since last request: 0.000017 seconds.
  path: Assets/Flooded_Grounds/Content/Materials/BLD_Structures1.mat
  artifactKey: Guid(bece166f1833f674d9c16ea5184455ca) Importer(815301076,1909f56bfc062723c751e8b465ee728b)
Start importing Assets/Flooded_Grounds/Content/Materials/BLD_Structures1.mat using Guid(bece166f1833f674d9c16ea5184455ca) Importer(815301076,1909f56bfc062723c751e8b465ee728b)  -> (artifact id: '258a0c926f719a153b8f88dc454d2b71') in 0.000585 seconds
Number of updated asset objects reloaded before import = 0
Number of asset objects unloaded after import = 1
========================================================================
Received Import Request.
  Time since last request: 0.000025 seconds.
  path: Assets/Flooded_Grounds/Content/Materials/BLD_IndBuilding1.mat
  artifactKey: Guid(94ec8f2f1cb846640aa49d49eba59de3) Importer(815301076,1909f56bfc062723c751e8b465ee728b)
Start importing Assets/Flooded_Grounds/Content/Materials/BLD_IndBuilding1.mat using Guid(94ec8f2f1cb846640aa49d49eba59de3) Importer(815301076,1909f56bfc062723c751e8b465ee728b)  -> (artifact id: '1bcbef78ba9b5b15d43c35cd208b1c76') in 0.000816 seconds
Number of updated asset objects reloaded before import = 0
Number of asset objects unloaded after import = 1
========================================================================
Received Import Request.
  Time since last request: 0.009768 seconds.
  path: Assets/Flooded_Grounds/Content/Materials/BLD_Structures1_LOD.mat
  artifactKey: Guid(4868299c5b3ac2848925175126b6d2fa) Importer(815301076,1909f56bfc062723c751e8b465ee728b)
Start importing Assets/Flooded_Grounds/Content/Materials/BLD_Structures1_LOD.mat using Guid(4868299c5b3ac2848925175126b6d2fa) Importer(815301076,1909f56bfc062723c751e8b465ee728b)  -> (artifact id: 'f4311283828fb5bc2e6976d64268571a') in 0.000865 seconds
Number of updated asset objects reloaded before import = 0
Number of asset objects unloaded after import = 1
========================================================================
Received Import Request.
  Time since last request: 0.186712 seconds.
  path: Assets/Flooded_Grounds/Content/Materials/BLD_Structures2.mat
  artifactKey: Guid(059f40424b9d4674ebaed350bd5e0c2f) Importer(815301076,1909f56bfc062723c751e8b465ee728b)
Start importing Assets/Flooded_Grounds/Content/Materials/BLD_Structures2.mat using Guid(059f40424b9d4674ebaed350bd5e0c2f) Importer(815301076,1909f56bfc062723c751e8b465ee728b)  -> (artifact id: '6ba660cddacd4b18e5dde0b9fc111855') in 0.000972 seconds
Number of updated asset objects reloaded before import = 0
Number of asset objects unloaded after import = 1
========================================================================
Received Import Request.
  Time since last request: 0.000019 seconds.
  path: Assets/Flooded_Grounds/Content/Materials/BLD_Villa2.mat
  artifactKey: Guid(7c038e6fd547b3841a5a66ff479547e1) Importer(815301076,1909f56bfc062723c751e8b465ee728b)
Start importing Assets/Flooded_Grounds/Content/Materials/BLD_Villa2.mat using Guid(7c038e6fd547b3841a5a66ff479547e1) Importer(815301076,1909f56bfc062723c751e8b465ee728b)  -> (artifact id: '2b93bcbe73e507ef418ed4426143e8dc') in 0.000933 seconds
Number of updated asset objects reloaded before import = 0
Number of asset objects unloaded after import = 1
========================================================================
Received Import Request.
  Time since last request: 0.000011 seconds.
  path: Assets/Flooded_Grounds/Content/Materials/NAT_Rocks1.mat
  artifactKey: Guid(de18bcdd793065b41b94a4fe88816ca2) Importer(815301076,1909f56bfc062723c751e8b465ee728b)
Start importing Assets/Flooded_Grounds/Content/Materials/NAT_Rocks1.mat using Guid(de18bcdd793065b41b94a4fe88816ca2) Importer(815301076,1909f56bfc062723c751e8b465ee728b)  -> (artifact id: '5c47ac3c0da589b7f8142962ab70df6b') in 0.002135 seconds
Number of updated asset objects reloaded before import = 0
Number of asset objects unloaded after import = 2
========================================================================
Received Import Request.
  Time since last request: 0.000009 seconds.
  path: Assets/Flooded_Grounds/Content/Materials/PROP_Boat1.mat
  artifactKey: Guid(e84fb6d56e433824fad1b71e95adaa05) Importer(815301076,1909f56bfc062723c751e8b465ee728b)
Start importing Assets/Flooded_Grounds/Content/Materials/PROP_Boat1.mat using Guid(e84fb6d56e433824fad1b71e95adaa05) Importer(815301076,1909f56bfc062723c751e8b465ee728b)  -> (artifact id: '7c4d0714be3c759dc39cf17a4a3b6639') in 0.000839 seconds
Number of updated asset objects reloaded before import = 0
Number of asset objects unloaded after import = 1
========================================================================
Received Import Request.
  Time since last request: 0.000007 seconds.
  path: Assets/Flooded_Grounds/Content/Materials/NAT_Bush1.mat
  artifactKey: Guid(d26ea6fcc09300042a18c16ba1ac7887) Importer(815301076,1909f56bfc062723c751e8b465ee728b)
Start importing Assets/Flooded_Grounds/Content/Materials/NAT_Bush1.mat using Guid(d26ea6fcc09300042a18c16ba1ac7887) Importer(815301076,1909f56bfc062723c751e8b465ee728b)  -> (artifact id: '02a0956b21f9f5c4caf0a4b3621f607d') in 0.001957 seconds
Number of updated asset objects reloaded before import = 0
Number of asset objects unloaded after import = 2
========================================================================
Received Import Request.
  Time since last request: 0.000009 seconds.
  path: Assets/Flooded_Grounds/Content/Materials/NAT_CobbleRocks1.mat
  artifactKey: Guid(eead33dff5f6ab2478ffa03b71e6e931) Importer(815301076,1909f56bfc062723c751e8b465ee728b)
Start importing Assets/Flooded_Grounds/Content/Materials/NAT_CobbleRocks1.mat using Guid(eead33dff5f6ab2478ffa03b71e6e931) Importer(815301076,1909f56bfc062723c751e8b465ee728b)  -> (artifact id: 'bb74383f87a9e42259d33c5c64c57148') in 0.001755 seconds
Number of updated asset objects reloaded before import = 0
Number of asset objects unloaded after import = 2
========================================================================
Received Import Request.
  Time since last request: 0.000010 seconds.
  path: Assets/Flooded_Grounds/Content/Materials/BLD_WindowGlass1.mat
  artifactKey: Guid(2b1f4e3c22d03d742a6e1e2e95a7e606) Importer(815301076,1909f56bfc062723c751e8b465ee728b)
Start importing Assets/Flooded_Grounds/Content/Materials/BLD_WindowGlass1.mat using Guid(2b1f4e3c22d03d742a6e1e2e95a7e606) Importer(815301076,1909f56bfc062723c751e8b465ee728b)  -> (artifact id: '38edea9ddb81ca360aa05bdb19631131') in 0.000935 seconds
Number of updated asset objects reloaded before import = 0
Number of asset objects unloaded after import = 1
========================================================================
Received Import Request.
  Time since last request: 0.000013 seconds.
  path: Assets/Flooded_Grounds/Content/Materials/PROP_FlyingSaucer.mat
  artifactKey: Guid(46385e91996627c47a22d186d540d373) Importer(815301076,1909f56bfc062723c751e8b465ee728b)
Start importing Assets/Flooded_Grounds/Content/Materials/PROP_FlyingSaucer.mat using Guid(46385e91996627c47a22d186d540d373) Importer(815301076,1909f56bfc062723c751e8b465ee728b)  -> (artifact id: 'a9dd6abb88e554b2b946599fccdc0fab') in 0.000733 seconds
Number of updated asset objects reloaded before import = 0
Number of asset objects unloaded after import = 1
========================================================================
Received Import Request.
  Time since last request: 0.000010 seconds.
  path: Assets/Flooded_Grounds/Content/Materials/PROP_Boat1_LOD.mat
  artifactKey: Guid(1ace8c7ed9e38a342a68c011ae0945e4) Importer(815301076,1909f56bfc062723c751e8b465ee728b)
Start importing Assets/Flooded_Grounds/Content/Materials/PROP_Boat1_LOD.mat using Guid(1ace8c7ed9e38a342a68c011ae0945e4) Importer(815301076,1909f56bfc062723c751e8b465ee728b)  -> (artifact id: '19895399a10f13dc789f24a940b71d6f') in 0.000838 seconds
Number of updated asset objects reloaded before import = 0
Number of asset objects unloaded after import = 1
========================================================================
Received Import Request.
  Time since last request: 0.000012 seconds.
  path: Assets/Flooded_Grounds/Content/Materials/PROP_FlyingSaucer_Mossy.mat
  artifactKey: Guid(5f922f9d8a0eb6b49af35dc7edb53897) Importer(815301076,1909f56bfc062723c751e8b465ee728b)
Start importing Assets/Flooded_Grounds/Content/Materials/PROP_FlyingSaucer_Mossy.mat using Guid(5f922f9d8a0eb6b49af35dc7edb53897) Importer(815301076,1909f56bfc062723c751e8b465ee728b)  -> (artifact id: '109de23e48aaf6d3e7a559adf88de2f7') in 0.002121 seconds
Number of updated asset objects reloaded before import = 0
Number of asset objects unloaded after import = 2
========================================================================
Received Import Request.
  Time since last request: 0.000019 seconds.
  path: Assets/Flooded_Grounds/Content/Materials/HLP_BlockerCube.mat
  artifactKey: Guid(8f6da883fc822d448a34f8decce1a838) Importer(815301076,1909f56bfc062723c751e8b465ee728b)
Start importing Assets/Flooded_Grounds/Content/Materials/HLP_BlockerCube.mat using Guid(8f6da883fc822d448a34f8decce1a838) Importer(815301076,1909f56bfc062723c751e8b465ee728b)  -> (artifact id: '808e2033c2d6b6b1179a3fa0e401cfb5') in 0.000715 seconds
Number of updated asset objects reloaded before import = 0
Number of asset objects unloaded after import = 1
========================================================================
Received Import Request.
  Time since last request: 0.284929 seconds.
  path: Assets/Flooded_Grounds/Content/Materials/PROP_Gravestones1.mat
  artifactKey: Guid(e6f5834528a499646b75d68c40b11659) Importer(815301076,1909f56bfc062723c751e8b465ee728b)
Start importing Assets/Flooded_Grounds/Content/Materials/PROP_Gravestones1.mat using Guid(e6f5834528a499646b75d68c40b11659) Importer(815301076,1909f56bfc062723c751e8b465ee728b)  -> (artifact id: '2a879ff75200fb042a7ede3197024500') in 0.001096 seconds
Number of updated asset objects reloaded before import = 0
Number of asset objects unloaded after import = 1
========================================================================
Received Import Request.
  Time since last request: 0.167419 seconds.
  path: Assets/Flooded_Grounds/Content/Materials/PROP_ParkBench1.mat
  artifactKey: Guid(c99ab68b85e64f947b9e704d96a4b3b9) Importer(815301076,1909f56bfc062723c751e8b465ee728b)
Start importing Assets/Flooded_Grounds/Content/Materials/PROP_ParkBench1.mat using Guid(c99ab68b85e64f947b9e704d96a4b3b9) Importer(815301076,1909f56bfc062723c751e8b465ee728b)  -> (artifact id: 'c8df71ac7612ec65a7bcebfabf0af9b9') in 0.001150 seconds
Number of updated asset objects reloaded before import = 0
Number of asset objects unloaded after import = 1
========================================================================
Received Import Request.
  Time since last request: 0.043371 seconds.
  path: Assets/Flooded_Grounds/Content/Materials/PROP_RugsPaintings.mat
  artifactKey: Guid(458f47f49073b3c4a9e939caa28cf48c) Importer(815301076,1909f56bfc062723c751e8b465ee728b)
Start importing Assets/Flooded_Grounds/Content/Materials/PROP_RugsPaintings.mat using Guid(458f47f49073b3c4a9e939caa28cf48c) Importer(815301076,1909f56bfc062723c751e8b465ee728b)  -> (artifact id: '4a57a26168d6a4b34a008db891fff825') in 0.001024 seconds
Number of updated asset objects reloaded before import = 0
Number of asset objects unloaded after import = 1
========================================================================
Received Import Request.
  Time since last request: 0.008717 seconds.
  path: Assets/Flooded_Grounds/Content/Materials/PROP_Ship1.mat
  artifactKey: Guid(e2d702a05fd4a344bb9138058c882de9) Importer(815301076,1909f56bfc062723c751e8b465ee728b)
Start importing Assets/Flooded_Grounds/Content/Materials/PROP_Ship1.mat using Guid(e2d702a05fd4a344bb9138058c882de9) Importer(815301076,1909f56bfc062723c751e8b465ee728b)  -> (artifact id: 'f4009d88d94939e4b506d546cbd23cbf') in 0.002139 seconds
Number of updated asset objects reloaded before import = 0
Number of asset objects unloaded after import = 2
========================================================================
Received Import Request.
  Time since last request: 0.007005 seconds.
  path: Assets/Flooded_Grounds/Content/Materials/PROP_SmallProps1.mat
  artifactKey: Guid(fa3b418599852594c8d15fb4d9ce097e) Importer(815301076,1909f56bfc062723c751e8b465ee728b)
Start importing Assets/Flooded_Grounds/Content/Materials/PROP_SmallProps1.mat using Guid(fa3b418599852594c8d15fb4d9ce097e) Importer(815301076,1909f56bfc062723c751e8b465ee728b)  -> (artifact id: '3c6539349c3fe8c7fbe9a28b20783834') in 0.000934 seconds
Number of updated asset objects reloaded before import = 0
Number of asset objects unloaded after import = 1
========================================================================
Received Import Request.
  Time since last request: 0.045456 seconds.
  path: Assets/Flooded_Grounds/Content/Materials/PROP_SmallProps2.mat
  artifactKey: Guid(9107b4df6f0b8d44092ad6117a1db3d4) Importer(815301076,1909f56bfc062723c751e8b465ee728b)
Start importing Assets/Flooded_Grounds/Content/Materials/PROP_SmallProps2.mat using Guid(9107b4df6f0b8d44092ad6117a1db3d4) Importer(815301076,1909f56bfc062723c751e8b465ee728b)  -> (artifact id: '6194f2fe4127c981f55377f37d9dc096') in 0.001071 seconds
Number of updated asset objects reloaded before import = 0
Number of asset objects unloaded after import = 1
========================================================================
Received Import Request.
  Time since last request: 1.725288 seconds.
  path: Assets/Flooded_Grounds/Content/Textures/PROP_FlyingSaucer1_A.tif
  artifactKey: Guid(378ae71691af34046a56e6bd535c4744) Importer(815301076,1909f56bfc062723c751e8b465ee728b)
Start importing Assets/Flooded_Grounds/Content/Textures/PROP_FlyingSaucer1_A.tif using Guid(378ae71691af34046a56e6bd535c4744) Importer(815301076,1909f56bfc062723c751e8b465ee728b)  -> (artifact id: 'be15e64b47654dd55f1414afac355390') in 0.007182 seconds
Number of updated asset objects reloaded before import = 0
Number of asset objects unloaded after import = 1
========================================================================
Received Import Request.
  Time since last request: 0.000016 seconds.
  path: Assets/Flooded_Grounds/Content/Textures/PROP_FlyingSaucer1_N.tif
  artifactKey: Guid(6c546f90bdb2f3d478d9ec25c127d540) Importer(815301076,1909f56bfc062723c751e8b465ee728b)
Start importing Assets/Flooded_Grounds/Content/Textures/PROP_FlyingSaucer1_N.tif using Guid(6c546f90bdb2f3d478d9ec25c127d540) Importer(815301076,1909f56bfc062723c751e8b465ee728b)  -> (artifact id: 'dd89496296bac7a0af0c8da6618e6124') in 0.011414 seconds
Number of updated asset objects reloaded before import = 0
Number of asset objects unloaded after import = 1
========================================================================
Received Import Request.
  Time since last request: 0.000018 seconds.
  path: Assets/Flooded_Grounds/Content/Textures/DET_BrushMetal_N.tif
  artifactKey: Guid(388b0d1a3a79bee4e88ecf3e75515867) Importer(815301076,1909f56bfc062723c751e8b465ee728b)
Start importing Assets/Flooded_Grounds/Content/Textures/DET_BrushMetal_N.tif using Guid(388b0d1a3a79bee4e88ecf3e75515867) Importer(815301076,1909f56bfc062723c751e8b465ee728b)  -> (artifact id: 'd91056bce95f4ee7d74b20450b5000d9') in 0.001057 seconds
Number of updated asset objects reloaded before import = 0
Number of asset objects unloaded after import = 1
========================================================================
Received Import Request.
  Time since last request: 0.000015 seconds.
  path: Assets/Flooded_Grounds/Content/Textures/GR_Moss1_AS.tif
  artifactKey: Guid(ce793f2aef81aaa4a80a1d6ec615e92b) Importer(815301076,1909f56bfc062723c751e8b465ee728b)
Start importing Assets/Flooded_Grounds/Content/Textures/GR_Moss1_AS.tif using Guid(ce793f2aef81aaa4a80a1d6ec615e92b) Importer(815301076,1909f56bfc062723c751e8b465ee728b)  -> (artifact id: '680340550d366903f83277b790e6a661') in 0.002833 seconds
Number of updated asset objects reloaded before import = 0
Number of asset objects unloaded after import = 1
========================================================================
Received Import Request.
  Time since last request: 15.806098 seconds.
  path: Assets/Flooded_Grounds/Content/Textures/PROP_Ship1_MS.tif
  artifactKey: Guid(17e7c47e2acab94499b4cbab4bee07b8) Importer(815301076,1909f56bfc062723c751e8b465ee728b)
Start importing Assets/Flooded_Grounds/Content/Textures/PROP_Ship1_MS.tif using Guid(17e7c47e2acab94499b4cbab4bee07b8) Importer(815301076,1909f56bfc062723c751e8b465ee728b)  -> (artifact id: 'b1efe35ff8081899a41c4923880be43e') in 0.005224 seconds
Number of updated asset objects reloaded before import = 0
Number of asset objects unloaded after import = 1
========================================================================
Received Import Request.
  Time since last request: 10.484285 seconds.
  path: Assets/Flooded_Grounds/Content/Textures/BLD_Bridge1_MS.tif
  artifactKey: Guid(936f4cd27ea43ec44b6539ca8a1dadad) Importer(815301076,1909f56bfc062723c751e8b465ee728b)
Start importing Assets/Flooded_Grounds/Content/Textures/BLD_Bridge1_MS.tif using Guid(936f4cd27ea43ec44b6539ca8a1dadad) Importer(815301076,1909f56bfc062723c751e8b465ee728b)  -> (artifact id: 'd10442836bf2de3f782637aac0e3dd9f') in 0.003607 seconds
Number of updated asset objects reloaded before import = 0
Number of asset objects unloaded after import = 1
========================================================================
Received Import Request.
  Time since last request: 0.000019 seconds.
  path: Assets/Flooded_Grounds/Content/Textures/DET_Concrete1_N.tif
  artifactKey: Guid(276e4162aef7f994fafc01a3e444900c) Importer(815301076,1909f56bfc062723c751e8b465ee728b)
Start importing Assets/Flooded_Grounds/Content/Textures/DET_Concrete1_N.tif using Guid(276e4162aef7f994fafc01a3e444900c) Importer(815301076,1909f56bfc062723c751e8b465ee728b)  -> (artifact id: 'fb33b40d1bf4e5204c3da0d712fe4b1d') in 0.001227 seconds
Number of updated asset objects reloaded before import = 0
Number of asset objects unloaded after import = 1
========================================================================
Received Import Request.
  Time since last request: 15.059971 seconds.
  path: Assets/Flooded_Grounds/Content/Textures/ATM_ExhaustParticle1_AS.tif
  artifactKey: Guid(ce844cdb57c71eb4d9ef480d8691ec1a) Importer(815301076,1909f56bfc062723c751e8b465ee728b)
Start importing Assets/Flooded_Grounds/Content/Textures/ATM_ExhaustParticle1_AS.tif using Guid(ce844cdb57c71eb4d9ef480d8691ec1a) Importer(815301076,1909f56bfc062723c751e8b465ee728b)  -> (artifact id: 'ed837965db01c99a2e3d51ff483b43d9') in 0.000961 seconds
Number of updated asset objects reloaded before import = 0
Number of asset objects unloaded after import = 1
========================================================================
Received Import Request.
  Time since last request: 0.000010 seconds.
  path: Assets/Flooded_Grounds/Content/Textures/BGR_Sky1.tif
  artifactKey: Guid(8888999060e5b7f4399b58f65d814847) Importer(815301076,1909f56bfc062723c751e8b465ee728b)
Start importing Assets/Flooded_Grounds/Content/Textures/BGR_Sky1.tif using Guid(8888999060e5b7f4399b58f65d814847) Importer(815301076,1909f56bfc062723c751e8b465ee728b)  -> (artifact id: '75f555b03bffb27da4d96ac67eb72b5e') in 0.001871 seconds
Number of updated asset objects reloaded before import = 0
Number of asset objects unloaded after import = 1
========================================================================
Received Import Request.
  Time since last request: 0.000015 seconds.
  path: Assets/Flooded_Grounds/Content/Textures/BLD_BrickHouse1_MS.tif
  artifactKey: Guid(955950c9b775425459c371bd2f8d93b4) Importer(815301076,1909f56bfc062723c751e8b465ee728b)
Start importing Assets/Flooded_Grounds/Content/Textures/BLD_BrickHouse1_MS.tif using Guid(955950c9b775425459c371bd2f8d93b4) Importer(815301076,1909f56bfc062723c751e8b465ee728b)  -> (artifact id: '041c8da6de85093787dfd430628fc577') in 0.002537 seconds
Number of updated asset objects reloaded before import = 0
Number of asset objects unloaded after import = 1
========================================================================
Received Import Request.
  Time since last request: 0.043823 seconds.
  path: Assets/Flooded_Grounds/Content/Textures/BLD_Cabins1_N.tif
  artifactKey: Guid(6aca893bbdb380e40be322de5b27e134) Importer(815301076,1909f56bfc062723c751e8b465ee728b)
Start importing Assets/Flooded_Grounds/Content/Textures/BLD_Cabins1_N.tif using Guid(6aca893bbdb380e40be322de5b27e134) Importer(815301076,1909f56bfc062723c751e8b465ee728b)  -> (artifact id: '6c24c15b8abcb05cd5efb12b8e1ca0f7') in 0.020540 seconds
Number of updated asset objects reloaded before import = 0
Number of asset objects unloaded after import = 1
========================================================================
Received Import Request.
  Time since last request: 0.000015 seconds.
  path: Assets/Flooded_Grounds/Content/Textures/BLD_IndBuilding1_AO.tif
  artifactKey: Guid(f40d96e16f517974382853481556fd83) Importer(815301076,1909f56bfc062723c751e8b465ee728b)
Start importing Assets/Flooded_Grounds/Content/Textures/BLD_IndBuilding1_AO.tif using Guid(f40d96e16f517974382853481556fd83) Importer(815301076,1909f56bfc062723c751e8b465ee728b)  -> (artifact id: 'a22493a34e2e54514a3cc5200320354e') in 0.001156 seconds
Number of updated asset objects reloaded before import = 0
Number of asset objects unloaded after import = 1
========================================================================
Received Import Request.
  Time since last request: 0.000012 seconds.
  path: Assets/Flooded_Grounds/Content/Textures/BLD_Doors1_AO.tif
  artifactKey: Guid(cacc835fbdacf6a4abc2a2231b0bb8b6) Importer(815301076,1909f56bfc062723c751e8b465ee728b)
Start importing Assets/Flooded_Grounds/Content/Textures/BLD_Doors1_AO.tif using Guid(cacc835fbdacf6a4abc2a2231b0bb8b6) Importer(815301076,1909f56bfc062723c751e8b465ee728b)  -> (artifact id: 'a9e5b87566d76421fbb979861cae90b2') in 0.001658 seconds
Number of updated asset objects reloaded before import = 0
Number of asset objects unloaded after import = 1
========================================================================
Received Import Request.
  Time since last request: 0.000012 seconds.
  path: Assets/Flooded_Grounds/Content/Textures/BLD_Doors1_N.tif
  artifactKey: Guid(005e0597e4d08ef4f9a7db961e7e973f) Importer(815301076,1909f56bfc062723c751e8b465ee728b)
Start importing Assets/Flooded_Grounds/Content/Textures/BLD_Doors1_N.tif using Guid(005e0597e4d08ef4f9a7db961e7e973f) Importer(815301076,1909f56bfc062723c751e8b465ee728b)  -> (artifact id: '7ac24d184fefe5e2c119d7aef79c08a6') in 0.016794 seconds
Number of updated asset objects reloaded before import = 0
Number of asset objects unloaded after import = 1
========================================================================
Received Import Request.
  Time since last request: 0.000015 seconds.
  path: Assets/Flooded_Grounds/Content/Textures/BLD_Structures2_MS.tif
  artifactKey: Guid(890b79cc78c624d4a81e50a1d35c1332) Importer(815301076,1909f56bfc062723c751e8b465ee728b)
Start importing Assets/Flooded_Grounds/Content/Textures/BLD_Structures2_MS.tif using Guid(890b79cc78c624d4a81e50a1d35c1332) Importer(815301076,1909f56bfc062723c751e8b465ee728b)  -> (artifact id: '7682539d566f080d188402bfcecfd869') in 0.002778 seconds
Number of updated asset objects reloaded before import = 0
Number of asset objects unloaded after import = 1
========================================================================
Received Import Request.
  Time since last request: 0.081295 seconds.
  path: Assets/Flooded_Grounds/Content/Textures/BLD_Villa1_MS.tif
  artifactKey: Guid(6f292103627590a4287eb92828dfe7f9) Importer(815301076,1909f56bfc062723c751e8b465ee728b)
Start importing Assets/Flooded_Grounds/Content/Textures/BLD_Villa1_MS.tif using Guid(6f292103627590a4287eb92828dfe7f9) Importer(815301076,1909f56bfc062723c751e8b465ee728b)  -> (artifact id: '71da75fb54565532cd942602b632cd69') in 0.002767 seconds
Number of updated asset objects reloaded before import = 0
Number of asset objects unloaded after import = 1
========================================================================
Received Import Request.
  Time since last request: 0.000015 seconds.
  path: Assets/Flooded_Grounds/Content/Textures/BLD_Villa2_N.tif
  artifactKey: Guid(9320e79a663f0d64885899f1fb85df7a) Importer(815301076,1909f56bfc062723c751e8b465ee728b)
Start importing Assets/Flooded_Grounds/Content/Textures/BLD_Villa2_N.tif using Guid(9320e79a663f0d64885899f1fb85df7a) Importer(815301076,1909f56bfc062723c751e8b465ee728b)  -> (artifact id: '74b01e8a8adcf0870e13695964c58096') in 0.016529 seconds
Number of updated asset objects reloaded before import = 0
Number of asset objects unloaded after import = 1
========================================================================
Received Import Request.
  Time since last request: 0.041372 seconds.
  path: Assets/Flooded_Grounds/Content/Textures/FOL_Hedge1_N.tif
  artifactKey: Guid(d90049466cf0ab8438d398546b028b67) Importer(815301076,1909f56bfc062723c751e8b465ee728b)
Start importing Assets/Flooded_Grounds/Content/Textures/FOL_Hedge1_N.tif using Guid(d90049466cf0ab8438d398546b028b67) Importer(815301076,1909f56bfc062723c751e8b465ee728b)  -> (artifact id: 'd5bb0dd15b43fd82620d6c94c38404e2') in 0.003118 seconds
Number of updated asset objects reloaded before import = 0
Number of asset objects unloaded after import = 1
========================================================================
Received Import Request.
  Time since last request: 0.000021 seconds.
  path: Assets/Flooded_Grounds/Content/Textures/GR_Dirt1_AS.tif
  artifactKey: Guid(02673374cc571ec438a822816aabffff) Importer(815301076,1909f56bfc062723c751e8b465ee728b)
Start importing Assets/Flooded_Grounds/Content/Textures/GR_Dirt1_AS.tif using Guid(02673374cc571ec438a822816aabffff) Importer(815301076,1909f56bfc062723c751e8b465ee728b)  -> (artifact id: 'de41415a1f05e4c47312b3ba3075c88e') in 0.002284 seconds
Number of updated asset objects reloaded before import = 0
Number of asset objects unloaded after import = 1
========================================================================
Received Import Request.
  Time since last request: 0.000011 seconds.
  path: Assets/Flooded_Grounds/Content/Textures/NAT_CobbleRocks1_A.tif
  artifactKey: Guid(64d6291f6cfc78b498b7c3828ea2cabf) Importer(815301076,1909f56bfc062723c751e8b465ee728b)
Start importing Assets/Flooded_Grounds/Content/Textures/NAT_CobbleRocks1_A.tif using Guid(64d6291f6cfc78b498b7c3828ea2cabf) Importer(815301076,1909f56bfc062723c751e8b465ee728b)  -> (artifact id: 'f91743c1627533137b1ae50a9502adba') in 0.001568 seconds
Number of updated asset objects reloaded before import = 0
Number of asset objects unloaded after import = 1
========================================================================
Received Import Request.
  Time since last request: 0.000017 seconds.
  path: Assets/Flooded_Grounds/Content/Textures/NAT_Grass1_N.tif
  artifactKey: Guid(33ae1acfe6693134e960e547690a42da) Importer(815301076,1909f56bfc062723c751e8b465ee728b)
Start importing Assets/Flooded_Grounds/Content/Textures/NAT_Grass1_N.tif using Guid(33ae1acfe6693134e960e547690a42da) Importer(815301076,1909f56bfc062723c751e8b465ee728b)  -> (artifact id: '7f2bb1fd82c92f0ed2b000b04d127e32') in 0.002910 seconds
Number of updated asset objects reloaded before import = 0
Number of asset objects unloaded after import = 1
========================================================================
Received Import Request.
  Time since last request: 29.421671 seconds.
  path: Assets/Flooded_Grounds/Content/Textures/PROP_Beds1_AO.tif
  artifactKey: Guid(3d24556bbcdd2d740aeb463e398d74c5) Importer(815301076,1909f56bfc062723c751e8b465ee728b)
Start importing Assets/Flooded_Grounds/Content/Textures/PROP_Beds1_AO.tif using Guid(3d24556bbcdd2d740aeb463e398d74c5) Importer(815301076,1909f56bfc062723c751e8b465ee728b)  -> (artifact id: '3eefc3d4d943aaa7768fcebfc0f848d7') in 0.001246 seconds
Number of updated asset objects reloaded before import = 0
Number of asset objects unloaded after import = 1
========================================================================
Received Import Request.
  Time since last request: 0.000018 seconds.
  path: Assets/Flooded_Grounds/Content/Textures/PROP_Boat1_AO.tif
  artifactKey: Guid(87ba0502924b7244e9d96f6609322848) Importer(815301076,1909f56bfc062723c751e8b465ee728b)
Start importing Assets/Flooded_Grounds/Content/Textures/PROP_Boat1_AO.tif using Guid(87ba0502924b7244e9d96f6609322848) Importer(815301076,1909f56bfc062723c751e8b465ee728b)  -> (artifact id: 'adf1f924c8f9790c1192e1bf0a317dc9') in 0.000871 seconds
Number of updated asset objects reloaded before import = 0
Number of asset objects unloaded after import = 1
========================================================================
Received Import Request.
  Time since last request: 0.000051 seconds.
  path: Assets/Flooded_Grounds/Content/Textures/PROP_Boat1_A.tif
  artifactKey: Guid(d6f27195030c7464cadb3d67e41abc58) Importer(815301076,1909f56bfc062723c751e8b465ee728b)
Start importing Assets/Flooded_Grounds/Content/Textures/PROP_Boat1_A.tif using Guid(d6f27195030c7464cadb3d67e41abc58) Importer(815301076,1909f56bfc062723c751e8b465ee728b)  -> (artifact id: '942fb5488eeec0cfc970b59e3e5f5d2c') in 0.009683 seconds
Number of updated asset objects reloaded before import = 0
Number of asset objects unloaded after import = 1
========================================================================
Received Import Request.
  Time since last request: 0.000017 seconds.
  path: Assets/Flooded_Grounds/Content/Textures/PROP_Car1_MS.tif
  artifactKey: Guid(fcbea5eeba999114ca758f91357d3913) Importer(815301076,1909f56bfc062723c751e8b465ee728b)
Start importing Assets/Flooded_Grounds/Content/Textures/PROP_Car1_MS.tif using Guid(fcbea5eeba999114ca758f91357d3913) Importer(815301076,1909f56bfc062723c751e8b465ee728b)  -> (artifact id: '248131ac88ef1652a2c4115b0b8fd5d4') in 0.002245 seconds
Number of updated asset objects reloaded before import = 0
Number of asset objects unloaded after import = 1
========================================================================
Received Import Request.
  Time since last request: 0.000010 seconds.
  path: Assets/Flooded_Grounds/Content/Textures/PROP_Cabinets1_A.tif
  artifactKey: Guid(152087961bad0ad4aa2d2863baa4c853) Importer(815301076,1909f56bfc062723c751e8b465ee728b)
Start importing Assets/Flooded_Grounds/Content/Textures/PROP_Cabinets1_A.tif using Guid(152087961bad0ad4aa2d2863baa4c853) Importer(815301076,1909f56bfc062723c751e8b465ee728b)  -> (artifact id: '7ae8ed83ef699f0e693ef51c8c1284b5') in 0.001545 seconds
Number of updated asset objects reloaded before import = 0
Number of asset objects unloaded after import = 1
========================================================================
Received Import Request.
  Time since last request: 3.142047 seconds.
  path: Assets/Flooded_Grounds/Scenes/Scene_A_Terrain.asset
  artifactKey: Guid(3067f4c4673ebb049b67c5cadc9ef499) Importer(815301076,1909f56bfc062723c751e8b465ee728b)
Start importing Assets/Flooded_Grounds/Scenes/Scene_A_Terrain.asset using Guid(3067f4c4673ebb049b67c5cadc9ef499) Importer(815301076,1909f56bfc062723c751e8b465ee728b)  -> (artifact id: 'b31871e7bc299136f86be90b29ede009') in 0.327103 seconds
Number of updated asset objects reloaded before import = 0
Number of asset objects unloaded after import = 185
