Using pre-set license
Built from '2022.3/staging' branch; Version is '2022.3.7f1 (b16b3b16c7a0) revision 11627323'; Using compiler version '192829333'; Build Type 'Release'
OS: 'Windows 11  (10.0.22621) 64bit Professional' Language: 'pl' Physical Memory: 65420 MB
BatchMode: 1, IsHumanControllingUs: 0, StartBugReporterOnCrash: 0, Is64bit: 1, IsPro: 1

COMMAND LINE ARGUMENTS:
C:\Program Files\Unity\Hub\Editor\2022.3.7f1\Editor\Unity.exe
-adb2
-batchMode
-noUpm
-name
AssetImportWorker7
-projectPath
C:/Users/Student/Desktop/top-shoter-main
-logFile
Logs/AssetImportWorker7.log
-srvPort
52991
Successfully changed project path to: C:/Users/Student/Desktop/top-shoter-main
C:/Users/Student/Desktop/top-shoter-main
[UnityMemory] Configuration Parameters - Can be set up in boot.config
    "memorysetup-bucket-allocator-granularity=16"
    "memorysetup-bucket-allocator-bucket-count=8"
    "memorysetup-bucket-allocator-block-size=33554432"
    "memorysetup-bucket-allocator-block-count=8"
    "memorysetup-main-allocator-block-size=16777216"
    "memorysetup-thread-allocator-block-size=16777216"
    "memorysetup-gfx-main-allocator-block-size=16777216"
    "memorysetup-gfx-thread-allocator-block-size=16777216"
    "memorysetup-cache-allocator-block-size=4194304"
    "memorysetup-typetree-allocator-block-size=2097152"
    "memorysetup-profiler-bucket-allocator-granularity=16"
    "memorysetup-profiler-bucket-allocator-bucket-count=8"
    "memorysetup-profiler-bucket-allocator-block-size=33554432"
    "memorysetup-profiler-bucket-allocator-block-count=8"
    "memorysetup-profiler-allocator-block-size=16777216"
    "memorysetup-profiler-editor-allocator-block-size=1048576"
    "memorysetup-temp-allocator-size-main=16777216"
    "memorysetup-job-temp-allocator-block-size=2097152"
    "memorysetup-job-temp-allocator-block-size-background=1048576"
    "memorysetup-job-temp-allocator-reduction-small-platforms=262144"
    "memorysetup-allocator-temp-initial-block-size-main=262144"
    "memorysetup-allocator-temp-initial-block-size-worker=262144"
    "memorysetup-temp-allocator-size-background-worker=32768"
    "memorysetup-temp-allocator-size-job-worker=262144"
    "memorysetup-temp-allocator-size-preload-manager=33554432"
    "memorysetup-temp-allocator-size-nav-mesh-worker=65536"
    "memorysetup-temp-allocator-size-audio-worker=65536"
    "memorysetup-temp-allocator-size-cloud-worker=32768"
    "memorysetup-temp-allocator-size-gi-baking-worker=262144"
    "memorysetup-temp-allocator-size-gfx=262144"
Player connection [28124] Host "[IP] 10.171.170.75 [Port] 0 [Flags] 2 [Guid] 3460542427 [EditorId] 3460542427 [Version] 1048832 [Id] WindowsEditor(7,S55-107-27) [Debug] 1 [PackageName] WindowsEditor [ProjectName] Editor" joined multi-casting on [225.0.0.222:54997]...

Player connection [28124] Host "[IP] 10.171.170.75 [Port] 0 [Flags] 2 [Guid] 3460542427 [EditorId] 3460542427 [Version] 1048832 [Id] WindowsEditor(7,S55-107-27) [Debug] 1 [PackageName] WindowsEditor [ProjectName] Editor" joined alternative multi-casting on [225.0.0.222:34997]...

Refreshing native plugins compatible for Editor in 8.14 ms, found 3 plugins.
Preloading 0 native plugins for Editor in 0.00 ms.
Initialize engine version: 2022.3.7f1 (b16b3b16c7a0)
[Subsystems] Discovering subsystems at path C:/Program Files/Unity/Hub/Editor/2022.3.7f1/Editor/Data/Resources/UnitySubsystems
[Subsystems] Discovering subsystems at path C:/Users/Student/Desktop/top-shoter-main/Assets
GfxDevice: creating device client; threaded=0; jobified=0
Direct3D:
    Version:  Direct3D 11.0 [level 11.1]
    Renderer: NVIDIA GeForce RTX 3080 (ID=0x2216)
    Vendor:   NVIDIA
    VRAM:     10067 MB
    Driver:   31.0.15.3640
Initialize mono
Mono path[0] = 'C:/Program Files/Unity/Hub/Editor/2022.3.7f1/Editor/Data/Managed'
Mono path[1] = 'C:/Program Files/Unity/Hub/Editor/2022.3.7f1/Editor/Data/MonoBleedingEdge/lib/mono/unityjit-win32'
Mono config path = 'C:/Program Files/Unity/Hub/Editor/2022.3.7f1/Editor/Data/MonoBleedingEdge/etc'
Using monoOptions --debugger-agent=transport=dt_socket,embedding=1,server=y,suspend=n,address=127.0.0.1:56192
Begin MonoManager ReloadAssembly
Registering precompiled unity dll's ...
Register platform support module: C:/Program Files/Unity/Hub/Editor/2022.3.7f1/Editor/Data/PlaybackEngines/WebGLSupport/UnityEditor.WebGL.Extensions.dll
Register platform support module: C:/Program Files/Unity/Hub/Editor/2022.3.7f1/Editor/Data/PlaybackEngines/WindowsStandaloneSupport/UnityEditor.WindowsStandalone.Extensions.dll
Registered in 0.005831 seconds.
- Loaded All Assemblies, in  0.242 seconds
Native extension for WindowsStandalone target not found
Native extension for WebGL target not found
Mono: successfully reloaded assembly
- Finished resetting the current domain, in  0.162 seconds
Domain Reload Profiling: 403ms
	BeginReloadAssembly (70ms)
		ExecutionOrderSort (0ms)
		DisableScriptedObjects (0ms)
		BackupInstance (0ms)
		ReleaseScriptingObjects (0ms)
		CreateAndSetChildDomain (0ms)
	RebuildCommonClasses (25ms)
	RebuildNativeTypeToScriptingClass (11ms)
	initialDomainReloadingComplete (40ms)
	LoadAllAssembliesAndSetupDomain (94ms)
		LoadAssemblies (69ms)
		RebuildTransferFunctionScriptingTraits (0ms)
		AnalyzeDomain (93ms)
			TypeCache.Refresh (92ms)
				TypeCache.ScanAssembly (83ms)
			ScanForSourceGeneratedMonoScriptInfo (0ms)
			ResolveRequiredComponents (0ms)
	FinalizeReload (162ms)
		ReleaseScriptCaches (0ms)
		RebuildScriptCaches (0ms)
		SetupLoadedEditorAssemblies (124ms)
			LogAssemblyErrors (0ms)
			InitializePlatformSupportModulesInManaged (6ms)
			SetLoadedEditorAssemblies (3ms)
			RefreshPlugins (0ms)
			BeforeProcessingInitializeOnLoad (1ms)
			ProcessInitializeOnLoadAttributes (83ms)
			ProcessInitializeOnLoadMethodAttributes (30ms)
			AfterProcessingInitializeOnLoad (0ms)
			EditorAssembliesLoaded (0ms)
		ExecutionOrderSort2 (0ms)
		AwakeInstancesAfterBackupRestoration (0ms)
========================================================================
Worker process is ready to serve import requests
Begin MonoManager ReloadAssembly
Symbol file LoadedFromMemory doesn't match image C:\Users\Student\Desktop\top-shoter-main\Library\PackageCache\com.unity.visualscripting@1.8.0\Editor\VisualScripting.Core\Dependencies\YamlDotNet\Unity.VisualScripting.YamlDotNet.dll
Symbol file LoadedFromMemory doesn't match image C:\Users\Student\Desktop\top-shoter-main\Library\PackageCache\com.unity.visualscripting@1.8.0\Editor\VisualScripting.Core\Dependencies\DotNetZip\Unity.VisualScripting.IonicZip.dll
- Loaded All Assemblies, in  0.427 seconds
Refreshing native plugins compatible for Editor in 2.60 ms, found 3 plugins.
Native extension for WindowsStandalone target not found
Native extension for WebGL target not found
Mono: successfully reloaded assembly
- Finished resetting the current domain, in  0.412 seconds
Domain Reload Profiling: 838ms
	BeginReloadAssembly (106ms)
		ExecutionOrderSort (0ms)
		DisableScriptedObjects (4ms)
		BackupInstance (0ms)
		ReleaseScriptingObjects (0ms)
		CreateAndSetChildDomain (19ms)
	RebuildCommonClasses (22ms)
	RebuildNativeTypeToScriptingClass (7ms)
	initialDomainReloadingComplete (28ms)
	LoadAllAssembliesAndSetupDomain (261ms)
		LoadAssemblies (196ms)
		RebuildTransferFunctionScriptingTraits (0ms)
		AnalyzeDomain (125ms)
			TypeCache.Refresh (103ms)
				TypeCache.ScanAssembly (92ms)
			ScanForSourceGeneratedMonoScriptInfo (14ms)
			ResolveRequiredComponents (7ms)
	FinalizeReload (412ms)
		ReleaseScriptCaches (0ms)
		RebuildScriptCaches (0ms)
		SetupLoadedEditorAssemblies (307ms)
			LogAssemblyErrors (0ms)
			InitializePlatformSupportModulesInManaged (5ms)
			SetLoadedEditorAssemblies (2ms)
			RefreshPlugins (0ms)
			BeforeProcessingInitializeOnLoad (50ms)
			ProcessInitializeOnLoadAttributes (198ms)
			ProcessInitializeOnLoadMethodAttributes (48ms)
			AfterProcessingInitializeOnLoad (5ms)
			EditorAssembliesLoaded (0ms)
		ExecutionOrderSort2 (0ms)
		AwakeInstancesAfterBackupRestoration (4ms)
Launched and connected shader compiler UnityShaderCompiler.exe after 0.03 seconds
Refreshing native plugins compatible for Editor in 3.05 ms, found 3 plugins.
Preloading 0 native plugins for Editor in 0.00 ms.
Unloading 5109 Unused Serialized files (Serialized files now loaded: 0)
Unloading 77 unused Assets / (423.8 KB). Loaded Objects now: 5575.
Memory consumption went from 204.3 MB to 203.9 MB.
Total: 3.685500 ms (FindLiveObjects: 0.358900 ms CreateObjectMapping: 0.138900 ms MarkObjects: 2.992100 ms  DeleteObjects: 0.194800 ms)

AssetImportParameters requested are different than current active one (requested -> active):
  custom:container-demuxer-ogg: 62fdf1f143b41e24485cea50d1cbac27 -> 
  custom:scripting/monoscript/fileName/VignetteModel.cs: ab6733272f937ac0155aab47b4a8e58e -> 
  custom:video-codec-MediaFoundation-h265: 746d11721c4dcdbdad8f713fa42b33f4 -> 
  custom:scripting/monoscript/fileName/EyeAdaptationModel.cs: 5bcc92c7d981d480ed07d6af7dd1a959 -> 
  custom:video-decoder-ogg-theora: a1e56fd34408186e4bbccfd4996cb3dc -> 
  custom:scripting/monoscript/fileName/ExampleWheelController.cs: 9600d370c57ff0da5766666ba4365a29 -> 
  custom:scripting/monoscript/fileName/GetSetAttribute.cs: b786c1938e0c0f5ecaf463807c2d7653 -> 
  custom:framework-win-MediaFoundation: 216162199b28c13a410421893ffa2e32 -> 
  custom:scripting/monoscript/fileName/PostProcessingContext.cs: be8a0bc1565c6324b1fd40a33f66279b -> 
  custom:scripting/monoscript/fileName/EyeAdaptationComponent.cs: 0cb2aaf8cdc20c0baee2205168cbc73c -> 
  custom:scripting/monoscript/fileName/FxaaComponent.cs: 9d1fd3efb92e1fef6fd176ee45003f08 -> 
  custom:scripting/monoscript/fileName/DitheringModel.cs: fa99c50231ddc7ca26b5d6c9a68b4b31 -> 
  custom:CustomObjectIndexerAttribute: a3ef5dd2817f97addfee359851a9dba5 -> 
  custom:scripting/monoscript/fileName/TrackballAttribute.cs: f1962deba67196a6cd6b7953be1caf36 -> 
  custom:scripting/monoscript/fileName/PostProcessingProfile.cs: e94a21971fab43a541218a4f91e0403c -> 
  custom:scripting/monoscript/fileName/BuiltinDebugViewsModel.cs: 4a09809f2c0ed6cca27229b06ce1d289 -> 
  custom:container-demuxer-webm: 4f35f7cbe854078d1ac9338744f61a02 -> 
  custom:scripting/monoscript/fileName/RenderTextureFactory.cs: b11bc916a1a88ed67d986ee69a536511 -> 
  custom:scripting/monoscript/fileName/CharController_Motor.cs: 95ad6a9e9f41b77ac8821bbc7a22986e -> 
  custom:scripting/monoscript/fileName/DepthOfFieldModel.cs: ab243c09a4b44fd7a53f73051db01cbc -> 
  custom:scripting/monoscript/fileName/FPSDisplay.cs: 4de2b1268e0d108618b876b31a439b05 -> 
  custom:scripting/monoscript/fileName/ColorGradingModel.cs: d1c2ef15f5e9e4868052777d51361b40 -> 
  custom:scripting/monoscript/fileName/ScreenSpaceReflectionModel.cs: 507d9c80d381478e1c14f5bfe34012ae -> 
  custom:scripting/monoscript/fileName/TrackballGroupAttribute.cs: 6d071733b141a3fb3360b110560ed1cc -> 
  custom:container-muxer-webm: aa71ff27fc2769a1b78a27578f13a17b -> 
  custom:video-decoder-webm-vp8: 9c59270c3fd7afecdb556c50c9e8de78 -> 
  custom:scripting/monoscript/fileName/BloomComponent.cs: 755f611bb4d32a54d162192a9fc6dd86 -> 
  custom:scripting/monoscript/fileName/MotionBlurComponent.cs: 6cf5a99eefa473d803af3e64f841a0a6 -> 
  custom:scripting/monoscript/fileName/WaterFloat.cs: 7ac8cb1106d215ea46d43dade9dd92c7 -> 
  custom:scripting/monoscript/fileName/BuiltinDebugViewsComponent.cs: 1b8215a7f6eae55c3fc6a97379498db3 -> 
  custom:SearchIndexIgnoredProperties: e643bd26f0fe6173181afceb89e7c659 -> 
  custom:scripting/monoscript/fileName/AmbientOcclusionModel.cs: ac26bcd19cab8c88e9b65cb75ee1c356 -> 
  custom:AudioImporter_EditorPlatform: d09bf68614088b80899f8185d706f6e7 -> 
  custom:scripting/monoscript/fileName/DisableRenderer.cs: 9cd9383a8381a51854f8fab592706848 -> 
  custom:scripting/monoscript/fileName/AmbientOcclusionComponent.cs: ae5a7089fb97a5a97a8f11138ce7c9d2 -> 
  custom:scripting/monoscript/fileName/GraphicsUtils.cs: f7df21c2acb52bb931f99c0a424b6be0 -> 
  custom:scripting/monoscript/fileName/DepthOfFieldComponent.cs: b0afd8f8844e3e4017df6130c14d0dfc -> 
  custom:scripting/monoscript/fileName/ColorGradingCurve.cs: e1e989893ee31e7801923212f0468312 -> 
  custom:scripting/monoscript/fileName/AntialiasingModel.cs: 325b0130eaada61513aeac7b8c97a9d7 -> 
  custom:scripting/monoscript/fileName/ChromaticAberrationModel.cs: 3f166f1ecbc6f39ed2f6b10cbc5b4ba4 -> 
  custom:scripting/monoscript/fileName/TaaComponent.cs: 7c343e97072a6712c3a2b01e75fdb7fa -> 
  custom:scripting/monoscript/fileName/PostProcessingModel.cs: 2f64caba6afa59bc78865f13b6f9065d -> 
  custom:scripting/monoscript/fileName/ChromaticAberrationComponent.cs: cda95994b71ba23d0c0f0fe0f241aab9 -> 
  custom:scripting/monoscript/fileName/ScreenSpaceReflectionComponent.cs: 79ad7ef64576d014e73a91b6c3af0688 -> 
  custom:scripting/monoscript/fileName/MotionBlurModel.cs: 4e24ef1d444a45a9e0056ed75c7c7eb7 -> 
  custom:scripting/monoscript/fileName/PostProcessingComponent.cs: 85236d6b86a55b2f46a14367ab625049 -> 
  custom:video-encoder-webm-vp8: eb34c28f22e8b96e1ab97ce403110664 -> 
  custom:audio-decoder-ogg-vorbis: bf7c407c2cedff20999df2af8eb42d56 -> 
  custom:scripting/monoscript/fileName/MaterialFactory.cs: 39b00f1518fc675c62e508eb4bdec486 -> 
  custom:scripting/monoscript/fileName/ColorGradingComponent.cs: fc28099e3cee649b1f5925a07b57ea96 -> 
  custom:scripting/monoscript/fileName/UserLutModel.cs: ce559ad59b29fc066f37249281afd441 -> 
  custom:scripting/monoscript/fileName/MinAttribute.cs: 941c73502025168e3301edfeaed1b25e -> 
  custom:scripting/monoscript/fileName/GrainComponent.cs: fae958f48caa0fab6bcf7f9c48b915e1 -> 
  custom:scripting/monoscript/fileName/FogComponent.cs: 2dfe6d4c859eabd11b82ff8fc7d7ad22 -> 
  custom:scripting/monoscript/fileName/VignetteComponent.cs: 293deb083808f71d2d18d818ef588272 -> 
  custom:scripting/monoscript/fileName/FogModel.cs: c4cd4da1fb97c7abf787083602f52bf5 -> 
  custom:scripting/monoscript/fileName/DitheringComponent.cs: 83d905897534466960141b85361bb6b4 -> 
  custom:audio-encoder-webm-vorbis: bf7c407c2cedff20999df2af8eb42d56 -> 
  custom:scripting/monoscript/fileName/UserLutComponent.cs: 944143ce5f543a40c92ecea777f35ae4 -> 
  custom:scripting/monoscript/fileName/PostProcessingBehaviour.cs: b0fbf7f67aeee9a6f7db03386dbc8c1e -> 
  custom:scripting/monoscript/fileName/BloomModel.cs: b4ba3e478c2698eb99512ead9d78d360 -> 
  custom:scripting/monoscript/fileName/GrainModel.cs: ce4589c9bbcb55f8f632b6617dc5d1f0 -> 
========================================================================
Received Prepare
Begin MonoManager ReloadAssembly
Symbol file LoadedFromMemory doesn't match image C:\Users\Student\Desktop\top-shoter-main\Library\PackageCache\com.unity.visualscripting@1.8.0\Editor\VisualScripting.Core\Dependencies\YamlDotNet\Unity.VisualScripting.YamlDotNet.dll
Symbol file LoadedFromMemory doesn't match image C:\Users\Student\Desktop\top-shoter-main\Library\PackageCache\com.unity.visualscripting@1.8.0\Editor\VisualScripting.Core\Dependencies\DotNetZip\Unity.VisualScripting.IonicZip.dll
- Loaded All Assemblies, in  0.300 seconds
Refreshing native plugins compatible for Editor in 2.50 ms, found 3 plugins.
Native extension for WindowsStandalone target not found
Native extension for WebGL target not found
Mono: successfully reloaded assembly
- Finished resetting the current domain, in  0.768 seconds
Domain Reload Profiling: 1066ms
	BeginReloadAssembly (115ms)
		ExecutionOrderSort (0ms)
		DisableScriptedObjects (3ms)
		BackupInstance (0ms)
		ReleaseScriptingObjects (0ms)
		CreateAndSetChildDomain (31ms)
	RebuildCommonClasses (23ms)
	RebuildNativeTypeToScriptingClass (8ms)
	initialDomainReloadingComplete (21ms)
	LoadAllAssembliesAndSetupDomain (131ms)
		LoadAssemblies (174ms)
		RebuildTransferFunctionScriptingTraits (0ms)
		AnalyzeDomain (13ms)
			TypeCache.Refresh (4ms)
				TypeCache.ScanAssembly (0ms)
			ScanForSourceGeneratedMonoScriptInfo (0ms)
			ResolveRequiredComponents (8ms)
	FinalizeReload (769ms)
		ReleaseScriptCaches (0ms)
		RebuildScriptCaches (0ms)
		SetupLoadedEditorAssemblies (306ms)
			LogAssemblyErrors (0ms)
			InitializePlatformSupportModulesInManaged (5ms)
			SetLoadedEditorAssemblies (2ms)
			RefreshPlugins (0ms)
			BeforeProcessingInitializeOnLoad (51ms)
			ProcessInitializeOnLoadAttributes (192ms)
			ProcessInitializeOnLoadMethodAttributes (50ms)
			AfterProcessingInitializeOnLoad (5ms)
			EditorAssembliesLoaded (0ms)
		ExecutionOrderSort2 (0ms)
		AwakeInstancesAfterBackupRestoration (13ms)
Refreshing native plugins compatible for Editor in 2.66 ms, found 3 plugins.
Preloading 0 native plugins for Editor in 0.00 ms.
Unloading 4943 Unused Serialized files (Serialized files now loaded: 0)
Unloading 40 unused Assets / (389.3 KB). Loaded Objects now: 5591.
Memory consumption went from 174.8 MB to 174.4 MB.
Total: 3.182400 ms (FindLiveObjects: 0.374900 ms CreateObjectMapping: 0.127300 ms MarkObjects: 2.571100 ms  DeleteObjects: 0.108100 ms)

Prepare: number of updated asset objects reloaded= 0
AssetImportParameters requested are different than current active one (requested -> active):
  custom:container-demuxer-ogg: 62fdf1f143b41e24485cea50d1cbac27 -> 
  custom:scripting/monoscript/fileName/VignetteModel.cs: ab6733272f937ac0155aab47b4a8e58e -> 
  custom:video-codec-MediaFoundation-h265: 746d11721c4dcdbdad8f713fa42b33f4 -> 
  custom:scripting/monoscript/fileName/EyeAdaptationModel.cs: 5bcc92c7d981d480ed07d6af7dd1a959 -> 
  custom:video-decoder-ogg-theora: a1e56fd34408186e4bbccfd4996cb3dc -> 
  custom:scripting/monoscript/fileName/ExampleWheelController.cs: 9600d370c57ff0da5766666ba4365a29 -> 
  custom:scripting/monoscript/fileName/GetSetAttribute.cs: b786c1938e0c0f5ecaf463807c2d7653 -> 
  custom:framework-win-MediaFoundation: 216162199b28c13a410421893ffa2e32 -> 
  custom:scripting/monoscript/fileName/PostProcessingContext.cs: be8a0bc1565c6324b1fd40a33f66279b -> 
  custom:scripting/monoscript/fileName/EyeAdaptationComponent.cs: 0cb2aaf8cdc20c0baee2205168cbc73c -> 
  custom:scripting/monoscript/fileName/FxaaComponent.cs: 9d1fd3efb92e1fef6fd176ee45003f08 -> 
  custom:scripting/monoscript/fileName/DitheringModel.cs: fa99c50231ddc7ca26b5d6c9a68b4b31 -> 
  custom:CustomObjectIndexerAttribute: a3ef5dd2817f97addfee359851a9dba5 -> 
  custom:scripting/monoscript/fileName/TrackballAttribute.cs: f1962deba67196a6cd6b7953be1caf36 -> 
  custom:scripting/monoscript/fileName/PostProcessingProfile.cs: e94a21971fab43a541218a4f91e0403c -> 
  custom:scripting/monoscript/fileName/BuiltinDebugViewsModel.cs: 4a09809f2c0ed6cca27229b06ce1d289 -> 
  custom:container-demuxer-webm: 4f35f7cbe854078d1ac9338744f61a02 -> 
  custom:scripting/monoscript/fileName/RenderTextureFactory.cs: b11bc916a1a88ed67d986ee69a536511 -> 
  custom:scripting/monoscript/fileName/CharController_Motor.cs: 95ad6a9e9f41b77ac8821bbc7a22986e -> 
  custom:scripting/monoscript/fileName/DepthOfFieldModel.cs: ab243c09a4b44fd7a53f73051db01cbc -> 
  custom:scripting/monoscript/fileName/FPSDisplay.cs: 4de2b1268e0d108618b876b31a439b05 -> 
  custom:scripting/monoscript/fileName/ColorGradingModel.cs: d1c2ef15f5e9e4868052777d51361b40 -> 
  custom:scripting/monoscript/fileName/ScreenSpaceReflectionModel.cs: 507d9c80d381478e1c14f5bfe34012ae -> 
  custom:scripting/monoscript/fileName/TrackballGroupAttribute.cs: 6d071733b141a3fb3360b110560ed1cc -> 
  custom:container-muxer-webm: aa71ff27fc2769a1b78a27578f13a17b -> 
  custom:video-decoder-webm-vp8: 9c59270c3fd7afecdb556c50c9e8de78 -> 
  custom:scripting/monoscript/fileName/BloomComponent.cs: 755f611bb4d32a54d162192a9fc6dd86 -> 
  custom:scripting/monoscript/fileName/MotionBlurComponent.cs: 6cf5a99eefa473d803af3e64f841a0a6 -> 
  custom:scripting/monoscript/fileName/WaterFloat.cs: 7ac8cb1106d215ea46d43dade9dd92c7 -> 
  custom:scripting/monoscript/fileName/BuiltinDebugViewsComponent.cs: 1b8215a7f6eae55c3fc6a97379498db3 -> 
  custom:SearchIndexIgnoredProperties: e643bd26f0fe6173181afceb89e7c659 -> 
  custom:scripting/monoscript/fileName/AmbientOcclusionModel.cs: ac26bcd19cab8c88e9b65cb75ee1c356 -> 
  custom:AudioImporter_EditorPlatform: d09bf68614088b80899f8185d706f6e7 -> 
  custom:scripting/monoscript/fileName/DisableRenderer.cs: 9cd9383a8381a51854f8fab592706848 -> 
  custom:scripting/monoscript/fileName/AmbientOcclusionComponent.cs: ae5a7089fb97a5a97a8f11138ce7c9d2 -> 
  custom:scripting/monoscript/fileName/GraphicsUtils.cs: f7df21c2acb52bb931f99c0a424b6be0 -> 
  custom:scripting/monoscript/fileName/DepthOfFieldComponent.cs: b0afd8f8844e3e4017df6130c14d0dfc -> 
  custom:scripting/monoscript/fileName/ColorGradingCurve.cs: e1e989893ee31e7801923212f0468312 -> 
  custom:scripting/monoscript/fileName/AntialiasingModel.cs: 325b0130eaada61513aeac7b8c97a9d7 -> 
  custom:scripting/monoscript/fileName/ChromaticAberrationModel.cs: 3f166f1ecbc6f39ed2f6b10cbc5b4ba4 -> 
  custom:scripting/monoscript/fileName/TaaComponent.cs: 7c343e97072a6712c3a2b01e75fdb7fa -> 
  custom:scripting/monoscript/fileName/PostProcessingModel.cs: 2f64caba6afa59bc78865f13b6f9065d -> 
  custom:scripting/monoscript/fileName/ChromaticAberrationComponent.cs: cda95994b71ba23d0c0f0fe0f241aab9 -> 
  custom:scripting/monoscript/fileName/ScreenSpaceReflectionComponent.cs: 79ad7ef64576d014e73a91b6c3af0688 -> 
  custom:scripting/monoscript/fileName/MotionBlurModel.cs: 4e24ef1d444a45a9e0056ed75c7c7eb7 -> 
  custom:scripting/monoscript/fileName/PostProcessingComponent.cs: 85236d6b86a55b2f46a14367ab625049 -> 
  custom:video-encoder-webm-vp8: eb34c28f22e8b96e1ab97ce403110664 -> 
  custom:audio-decoder-ogg-vorbis: bf7c407c2cedff20999df2af8eb42d56 -> 
  custom:scripting/monoscript/fileName/MaterialFactory.cs: 39b00f1518fc675c62e508eb4bdec486 -> 
  custom:scripting/monoscript/fileName/ColorGradingComponent.cs: fc28099e3cee649b1f5925a07b57ea96 -> 
  custom:scripting/monoscript/fileName/UserLutModel.cs: ce559ad59b29fc066f37249281afd441 -> 
  custom:scripting/monoscript/fileName/MinAttribute.cs: 941c73502025168e3301edfeaed1b25e -> 
  custom:scripting/monoscript/fileName/GrainComponent.cs: fae958f48caa0fab6bcf7f9c48b915e1 -> 
  custom:scripting/monoscript/fileName/FogComponent.cs: 2dfe6d4c859eabd11b82ff8fc7d7ad22 -> 
  custom:scripting/monoscript/fileName/VignetteComponent.cs: 293deb083808f71d2d18d818ef588272 -> 
  custom:scripting/monoscript/fileName/FogModel.cs: c4cd4da1fb97c7abf787083602f52bf5 -> 
  custom:scripting/monoscript/fileName/DitheringComponent.cs: 83d905897534466960141b85361bb6b4 -> 
  custom:audio-encoder-webm-vorbis: bf7c407c2cedff20999df2af8eb42d56 -> 
  custom:scripting/monoscript/fileName/UserLutComponent.cs: 944143ce5f543a40c92ecea777f35ae4 -> 
  custom:scripting/monoscript/fileName/PostProcessingBehaviour.cs: b0fbf7f67aeee9a6f7db03386dbc8c1e -> 
  custom:scripting/monoscript/fileName/BloomModel.cs: b4ba3e478c2698eb99512ead9d78d360 -> 
  custom:scripting/monoscript/fileName/GrainModel.cs: ce4589c9bbcb55f8f632b6617dc5d1f0 -> 
========================================================================
Received Prepare
Begin MonoManager ReloadAssembly
Symbol file LoadedFromMemory doesn't match image C:\Users\Student\Desktop\top-shoter-main\Library\PackageCache\com.unity.visualscripting@1.8.0\Editor\VisualScripting.Core\Dependencies\YamlDotNet\Unity.VisualScripting.YamlDotNet.dll
Symbol file LoadedFromMemory doesn't match image C:\Users\Student\Desktop\top-shoter-main\Library\PackageCache\com.unity.visualscripting@1.8.0\Editor\VisualScripting.Core\Dependencies\DotNetZip\Unity.VisualScripting.IonicZip.dll
- Loaded All Assemblies, in  0.306 seconds
Refreshing native plugins compatible for Editor in 2.66 ms, found 3 plugins.
Native extension for WindowsStandalone target not found
Native extension for WebGL target not found
Mono: successfully reloaded assembly
- Finished resetting the current domain, in  0.749 seconds
Domain Reload Profiling: 1053ms
	BeginReloadAssembly (117ms)
		ExecutionOrderSort (0ms)
		DisableScriptedObjects (3ms)
		BackupInstance (0ms)
		ReleaseScriptingObjects (0ms)
		CreateAndSetChildDomain (30ms)
	RebuildCommonClasses (23ms)
	RebuildNativeTypeToScriptingClass (8ms)
	initialDomainReloadingComplete (20ms)
	LoadAllAssembliesAndSetupDomain (135ms)
		LoadAssemblies (178ms)
		RebuildTransferFunctionScriptingTraits (0ms)
		AnalyzeDomain (14ms)
			TypeCache.Refresh (5ms)
				TypeCache.ScanAssembly (0ms)
			ScanForSourceGeneratedMonoScriptInfo (0ms)
			ResolveRequiredComponents (8ms)
	FinalizeReload (749ms)
		ReleaseScriptCaches (0ms)
		RebuildScriptCaches (0ms)
		SetupLoadedEditorAssemblies (287ms)
			LogAssemblyErrors (0ms)
			InitializePlatformSupportModulesInManaged (5ms)
			SetLoadedEditorAssemblies (2ms)
			RefreshPlugins (0ms)
			BeforeProcessingInitializeOnLoad (51ms)
			ProcessInitializeOnLoadAttributes (182ms)
			ProcessInitializeOnLoadMethodAttributes (43ms)
			AfterProcessingInitializeOnLoad (5ms)
			EditorAssembliesLoaded (0ms)
		ExecutionOrderSort2 (0ms)
		AwakeInstancesAfterBackupRestoration (12ms)
Refreshing native plugins compatible for Editor in 2.62 ms, found 3 plugins.
Preloading 0 native plugins for Editor in 0.00 ms.
Unloading 4943 Unused Serialized files (Serialized files now loaded: 0)
Unloading 40 unused Assets / (389.5 KB). Loaded Objects now: 5607.
Memory consumption went from 174.8 MB to 174.4 MB.
Total: 3.295800 ms (FindLiveObjects: 0.371200 ms CreateObjectMapping: 0.122100 ms MarkObjects: 2.630400 ms  DeleteObjects: 0.171500 ms)

Prepare: number of updated asset objects reloaded= 0
AssetImportParameters requested are different than current active one (requested -> active):
  custom:container-demuxer-ogg: 62fdf1f143b41e24485cea50d1cbac27 -> 
  custom:scripting/monoscript/fileName/VignetteModel.cs: ab6733272f937ac0155aab47b4a8e58e -> 
  custom:video-codec-MediaFoundation-h265: 746d11721c4dcdbdad8f713fa42b33f4 -> 
  custom:scripting/monoscript/fileName/EyeAdaptationModel.cs: 5bcc92c7d981d480ed07d6af7dd1a959 -> 
  custom:video-decoder-ogg-theora: a1e56fd34408186e4bbccfd4996cb3dc -> 
  custom:scripting/monoscript/fileName/ExampleWheelController.cs: 9600d370c57ff0da5766666ba4365a29 -> 
  custom:scripting/monoscript/fileName/GetSetAttribute.cs: b786c1938e0c0f5ecaf463807c2d7653 -> 
  custom:framework-win-MediaFoundation: 216162199b28c13a410421893ffa2e32 -> 
  custom:scripting/monoscript/fileName/PostProcessingContext.cs: be8a0bc1565c6324b1fd40a33f66279b -> 
  custom:scripting/monoscript/fileName/EyeAdaptationComponent.cs: 0cb2aaf8cdc20c0baee2205168cbc73c -> 
  custom:scripting/monoscript/fileName/FxaaComponent.cs: 9d1fd3efb92e1fef6fd176ee45003f08 -> 
  custom:scripting/monoscript/fileName/DitheringModel.cs: fa99c50231ddc7ca26b5d6c9a68b4b31 -> 
  custom:CustomObjectIndexerAttribute: a3ef5dd2817f97addfee359851a9dba5 -> 
  custom:scripting/monoscript/fileName/TrackballAttribute.cs: f1962deba67196a6cd6b7953be1caf36 -> 
  custom:scripting/monoscript/fileName/PostProcessingProfile.cs: e94a21971fab43a541218a4f91e0403c -> 
  custom:scripting/monoscript/fileName/BuiltinDebugViewsModel.cs: 4a09809f2c0ed6cca27229b06ce1d289 -> 
  custom:container-demuxer-webm: 4f35f7cbe854078d1ac9338744f61a02 -> 
  custom:scripting/monoscript/fileName/RenderTextureFactory.cs: b11bc916a1a88ed67d986ee69a536511 -> 
  custom:scripting/monoscript/fileName/CharController_Motor.cs: 95ad6a9e9f41b77ac8821bbc7a22986e -> 
  custom:scripting/monoscript/fileName/DepthOfFieldModel.cs: ab243c09a4b44fd7a53f73051db01cbc -> 
  custom:scripting/monoscript/fileName/FPSDisplay.cs: 4de2b1268e0d108618b876b31a439b05 -> 
  custom:scripting/monoscript/fileName/ColorGradingModel.cs: d1c2ef15f5e9e4868052777d51361b40 -> 
  custom:scripting/monoscript/fileName/ScreenSpaceReflectionModel.cs: 507d9c80d381478e1c14f5bfe34012ae -> 
  custom:scripting/monoscript/fileName/TrackballGroupAttribute.cs: 6d071733b141a3fb3360b110560ed1cc -> 
  custom:container-muxer-webm: aa71ff27fc2769a1b78a27578f13a17b -> 
  custom:video-decoder-webm-vp8: 9c59270c3fd7afecdb556c50c9e8de78 -> 
  custom:scripting/monoscript/fileName/BloomComponent.cs: 755f611bb4d32a54d162192a9fc6dd86 -> 
  custom:scripting/monoscript/fileName/MotionBlurComponent.cs: 6cf5a99eefa473d803af3e64f841a0a6 -> 
  custom:scripting/monoscript/fileName/WaterFloat.cs: 7ac8cb1106d215ea46d43dade9dd92c7 -> 
  custom:scripting/monoscript/fileName/BuiltinDebugViewsComponent.cs: 1b8215a7f6eae55c3fc6a97379498db3 -> 
  custom:SearchIndexIgnoredProperties: e643bd26f0fe6173181afceb89e7c659 -> 
  custom:scripting/monoscript/fileName/AmbientOcclusionModel.cs: ac26bcd19cab8c88e9b65cb75ee1c356 -> 
  custom:AudioImporter_EditorPlatform: d09bf68614088b80899f8185d706f6e7 -> 
  custom:scripting/monoscript/fileName/DisableRenderer.cs: 9cd9383a8381a51854f8fab592706848 -> 
  custom:scripting/monoscript/fileName/AmbientOcclusionComponent.cs: ae5a7089fb97a5a97a8f11138ce7c9d2 -> 
  custom:scripting/monoscript/fileName/GraphicsUtils.cs: f7df21c2acb52bb931f99c0a424b6be0 -> 
  custom:scripting/monoscript/fileName/DepthOfFieldComponent.cs: b0afd8f8844e3e4017df6130c14d0dfc -> 
  custom:scripting/monoscript/fileName/ColorGradingCurve.cs: e1e989893ee31e7801923212f0468312 -> 
  custom:scripting/monoscript/fileName/AntialiasingModel.cs: 325b0130eaada61513aeac7b8c97a9d7 -> 
  custom:scripting/monoscript/fileName/ChromaticAberrationModel.cs: 3f166f1ecbc6f39ed2f6b10cbc5b4ba4 -> 
  custom:scripting/monoscript/fileName/TaaComponent.cs: 7c343e97072a6712c3a2b01e75fdb7fa -> 
  custom:scripting/monoscript/fileName/PostProcessingModel.cs: 2f64caba6afa59bc78865f13b6f9065d -> 
  custom:scripting/monoscript/fileName/ChromaticAberrationComponent.cs: cda95994b71ba23d0c0f0fe0f241aab9 -> 
  custom:scripting/monoscript/fileName/ScreenSpaceReflectionComponent.cs: 79ad7ef64576d014e73a91b6c3af0688 -> 
  custom:scripting/monoscript/fileName/MotionBlurModel.cs: 4e24ef1d444a45a9e0056ed75c7c7eb7 -> 
  custom:scripting/monoscript/fileName/PostProcessingComponent.cs: 85236d6b86a55b2f46a14367ab625049 -> 
  custom:video-encoder-webm-vp8: eb34c28f22e8b96e1ab97ce403110664 -> 
  custom:audio-decoder-ogg-vorbis: bf7c407c2cedff20999df2af8eb42d56 -> 
  custom:scripting/monoscript/fileName/MaterialFactory.cs: 39b00f1518fc675c62e508eb4bdec486 -> 
  custom:scripting/monoscript/fileName/ColorGradingComponent.cs: fc28099e3cee649b1f5925a07b57ea96 -> 
  custom:scripting/monoscript/fileName/UserLutModel.cs: ce559ad59b29fc066f37249281afd441 -> 
  custom:scripting/monoscript/fileName/MinAttribute.cs: 941c73502025168e3301edfeaed1b25e -> 
  custom:scripting/monoscript/fileName/GrainComponent.cs: fae958f48caa0fab6bcf7f9c48b915e1 -> 
  custom:scripting/monoscript/fileName/FogComponent.cs: 2dfe6d4c859eabd11b82ff8fc7d7ad22 -> 
  custom:scripting/monoscript/fileName/VignetteComponent.cs: 293deb083808f71d2d18d818ef588272 -> 
  custom:scripting/monoscript/fileName/FogModel.cs: c4cd4da1fb97c7abf787083602f52bf5 -> 
  custom:scripting/monoscript/fileName/DitheringComponent.cs: 83d905897534466960141b85361bb6b4 -> 
  custom:audio-encoder-webm-vorbis: bf7c407c2cedff20999df2af8eb42d56 -> 
  custom:scripting/monoscript/fileName/UserLutComponent.cs: 944143ce5f543a40c92ecea777f35ae4 -> 
  custom:scripting/monoscript/fileName/PostProcessingBehaviour.cs: b0fbf7f67aeee9a6f7db03386dbc8c1e -> 
  custom:scripting/monoscript/fileName/BloomModel.cs: b4ba3e478c2698eb99512ead9d78d360 -> 
  custom:scripting/monoscript/fileName/GrainModel.cs: ce4589c9bbcb55f8f632b6617dc5d1f0 -> 
========================================================================
Received Prepare
Begin MonoManager ReloadAssembly
Symbol file LoadedFromMemory doesn't match image C:\Users\Student\Desktop\top-shoter-main\Library\PackageCache\com.unity.visualscripting@1.8.0\Editor\VisualScripting.Core\Dependencies\YamlDotNet\Unity.VisualScripting.YamlDotNet.dll
Symbol file LoadedFromMemory doesn't match image C:\Users\Student\Desktop\top-shoter-main\Library\PackageCache\com.unity.visualscripting@1.8.0\Editor\VisualScripting.Core\Dependencies\DotNetZip\Unity.VisualScripting.IonicZip.dll
- Loaded All Assemblies, in  0.304 seconds
Refreshing native plugins compatible for Editor in 2.48 ms, found 3 plugins.
Native extension for WindowsStandalone target not found
Native extension for WebGL target not found
Mono: successfully reloaded assembly
- Finished resetting the current domain, in  0.741 seconds
Domain Reload Profiling: 1044ms
	BeginReloadAssembly (121ms)
		ExecutionOrderSort (0ms)
		DisableScriptedObjects (4ms)
		BackupInstance (0ms)
		ReleaseScriptingObjects (0ms)
		CreateAndSetChildDomain (32ms)
	RebuildCommonClasses (23ms)
	RebuildNativeTypeToScriptingClass (8ms)
	initialDomainReloadingComplete (20ms)
	LoadAllAssembliesAndSetupDomain (130ms)
		LoadAssemblies (177ms)
		RebuildTransferFunctionScriptingTraits (0ms)
		AnalyzeDomain (13ms)
			TypeCache.Refresh (4ms)
				TypeCache.ScanAssembly (0ms)
			ScanForSourceGeneratedMonoScriptInfo (0ms)
			ResolveRequiredComponents (8ms)
	FinalizeReload (742ms)
		ReleaseScriptCaches (0ms)
		RebuildScriptCaches (0ms)
		SetupLoadedEditorAssemblies (293ms)
			LogAssemblyErrors (0ms)
			InitializePlatformSupportModulesInManaged (5ms)
			SetLoadedEditorAssemblies (2ms)
			RefreshPlugins (0ms)
			BeforeProcessingInitializeOnLoad (51ms)
			ProcessInitializeOnLoadAttributes (186ms)
			ProcessInitializeOnLoadMethodAttributes (45ms)
			AfterProcessingInitializeOnLoad (4ms)
			EditorAssembliesLoaded (0ms)
		ExecutionOrderSort2 (0ms)
		AwakeInstancesAfterBackupRestoration (11ms)
Refreshing native plugins compatible for Editor in 3.02 ms, found 3 plugins.
Preloading 0 native plugins for Editor in 0.00 ms.
Unloading 4943 Unused Serialized files (Serialized files now loaded: 0)
Unloading 40 unused Assets / (389.4 KB). Loaded Objects now: 5623.
Memory consumption went from 174.8 MB to 174.4 MB.
Total: 3.362600 ms (FindLiveObjects: 0.367300 ms CreateObjectMapping: 0.153100 ms MarkObjects: 2.724500 ms  DeleteObjects: 0.117100 ms)

Prepare: number of updated asset objects reloaded= 0
AssetImportParameters requested are different than current active one (requested -> active):
  custom:container-demuxer-ogg: 62fdf1f143b41e24485cea50d1cbac27 -> 
  custom:scripting/monoscript/fileName/VignetteModel.cs: ab6733272f937ac0155aab47b4a8e58e -> 
  custom:video-codec-MediaFoundation-h265: 746d11721c4dcdbdad8f713fa42b33f4 -> 
  custom:scripting/monoscript/fileName/EyeAdaptationModel.cs: 5bcc92c7d981d480ed07d6af7dd1a959 -> 
  custom:video-decoder-ogg-theora: a1e56fd34408186e4bbccfd4996cb3dc -> 
  custom:scripting/monoscript/fileName/ExampleWheelController.cs: 9600d370c57ff0da5766666ba4365a29 -> 
  custom:scripting/monoscript/fileName/GetSetAttribute.cs: b786c1938e0c0f5ecaf463807c2d7653 -> 
  custom:framework-win-MediaFoundation: 216162199b28c13a410421893ffa2e32 -> 
  custom:scripting/monoscript/fileName/PostProcessingContext.cs: be8a0bc1565c6324b1fd40a33f66279b -> 
  custom:scripting/monoscript/fileName/EyeAdaptationComponent.cs: 0cb2aaf8cdc20c0baee2205168cbc73c -> 
  custom:scripting/monoscript/fileName/FxaaComponent.cs: 9d1fd3efb92e1fef6fd176ee45003f08 -> 
  custom:scripting/monoscript/fileName/DitheringModel.cs: fa99c50231ddc7ca26b5d6c9a68b4b31 -> 
  custom:CustomObjectIndexerAttribute: a3ef5dd2817f97addfee359851a9dba5 -> 
  custom:scripting/monoscript/fileName/TrackballAttribute.cs: f1962deba67196a6cd6b7953be1caf36 -> 
  custom:scripting/monoscript/fileName/PostProcessingProfile.cs: e94a21971fab43a541218a4f91e0403c -> 
  custom:scripting/monoscript/fileName/BuiltinDebugViewsModel.cs: 4a09809f2c0ed6cca27229b06ce1d289 -> 
  custom:container-demuxer-webm: 4f35f7cbe854078d1ac9338744f61a02 -> 
  custom:scripting/monoscript/fileName/RenderTextureFactory.cs: b11bc916a1a88ed67d986ee69a536511 -> 
  custom:scripting/monoscript/fileName/CharController_Motor.cs: 95ad6a9e9f41b77ac8821bbc7a22986e -> 
  custom:scripting/monoscript/fileName/DepthOfFieldModel.cs: ab243c09a4b44fd7a53f73051db01cbc -> 
  custom:scripting/monoscript/fileName/FPSDisplay.cs: 4de2b1268e0d108618b876b31a439b05 -> 
  custom:scripting/monoscript/fileName/ColorGradingModel.cs: d1c2ef15f5e9e4868052777d51361b40 -> 
  custom:scripting/monoscript/fileName/ScreenSpaceReflectionModel.cs: 507d9c80d381478e1c14f5bfe34012ae -> 
  custom:scripting/monoscript/fileName/TrackballGroupAttribute.cs: 6d071733b141a3fb3360b110560ed1cc -> 
  custom:container-muxer-webm: aa71ff27fc2769a1b78a27578f13a17b -> 
  custom:video-decoder-webm-vp8: 9c59270c3fd7afecdb556c50c9e8de78 -> 
  custom:scripting/monoscript/fileName/BloomComponent.cs: 755f611bb4d32a54d162192a9fc6dd86 -> 
  custom:scripting/monoscript/fileName/MotionBlurComponent.cs: 6cf5a99eefa473d803af3e64f841a0a6 -> 
  custom:scripting/monoscript/fileName/WaterFloat.cs: 7ac8cb1106d215ea46d43dade9dd92c7 -> 
  custom:scripting/monoscript/fileName/BuiltinDebugViewsComponent.cs: 1b8215a7f6eae55c3fc6a97379498db3 -> 
  custom:SearchIndexIgnoredProperties: e643bd26f0fe6173181afceb89e7c659 -> 
  custom:scripting/monoscript/fileName/AmbientOcclusionModel.cs: ac26bcd19cab8c88e9b65cb75ee1c356 -> 
  custom:AudioImporter_EditorPlatform: d09bf68614088b80899f8185d706f6e7 -> 
  custom:scripting/monoscript/fileName/DisableRenderer.cs: 9cd9383a8381a51854f8fab592706848 -> 
  custom:scripting/monoscript/fileName/AmbientOcclusionComponent.cs: ae5a7089fb97a5a97a8f11138ce7c9d2 -> 
  custom:scripting/monoscript/fileName/GraphicsUtils.cs: f7df21c2acb52bb931f99c0a424b6be0 -> 
  custom:scripting/monoscript/fileName/DepthOfFieldComponent.cs: b0afd8f8844e3e4017df6130c14d0dfc -> 
  custom:scripting/monoscript/fileName/ColorGradingCurve.cs: e1e989893ee31e7801923212f0468312 -> 
  custom:scripting/monoscript/fileName/AntialiasingModel.cs: 325b0130eaada61513aeac7b8c97a9d7 -> 
  custom:scripting/monoscript/fileName/ChromaticAberrationModel.cs: 3f166f1ecbc6f39ed2f6b10cbc5b4ba4 -> 
  custom:scripting/monoscript/fileName/TaaComponent.cs: 7c343e97072a6712c3a2b01e75fdb7fa -> 
  custom:scripting/monoscript/fileName/PostProcessingModel.cs: 2f64caba6afa59bc78865f13b6f9065d -> 
  custom:scripting/monoscript/fileName/ChromaticAberrationComponent.cs: cda95994b71ba23d0c0f0fe0f241aab9 -> 
  custom:scripting/monoscript/fileName/ScreenSpaceReflectionComponent.cs: 79ad7ef64576d014e73a91b6c3af0688 -> 
  custom:scripting/monoscript/fileName/MotionBlurModel.cs: 4e24ef1d444a45a9e0056ed75c7c7eb7 -> 
  custom:scripting/monoscript/fileName/PostProcessingComponent.cs: 85236d6b86a55b2f46a14367ab625049 -> 
  custom:video-encoder-webm-vp8: eb34c28f22e8b96e1ab97ce403110664 -> 
  custom:audio-decoder-ogg-vorbis: bf7c407c2cedff20999df2af8eb42d56 -> 
  custom:scripting/monoscript/fileName/MaterialFactory.cs: 39b00f1518fc675c62e508eb4bdec486 -> 
  custom:scripting/monoscript/fileName/ColorGradingComponent.cs: fc28099e3cee649b1f5925a07b57ea96 -> 
  custom:scripting/monoscript/fileName/UserLutModel.cs: ce559ad59b29fc066f37249281afd441 -> 
  custom:scripting/monoscript/fileName/MinAttribute.cs: 941c73502025168e3301edfeaed1b25e -> 
  custom:scripting/monoscript/fileName/GrainComponent.cs: fae958f48caa0fab6bcf7f9c48b915e1 -> 
  custom:scripting/monoscript/fileName/FogComponent.cs: 2dfe6d4c859eabd11b82ff8fc7d7ad22 -> 
  custom:scripting/monoscript/fileName/VignetteComponent.cs: 293deb083808f71d2d18d818ef588272 -> 
  custom:scripting/monoscript/fileName/FogModel.cs: c4cd4da1fb97c7abf787083602f52bf5 -> 
  custom:scripting/monoscript/fileName/DitheringComponent.cs: 83d905897534466960141b85361bb6b4 -> 
  custom:audio-encoder-webm-vorbis: bf7c407c2cedff20999df2af8eb42d56 -> 
  custom:scripting/monoscript/fileName/UserLutComponent.cs: 944143ce5f543a40c92ecea777f35ae4 -> 
  custom:scripting/monoscript/fileName/PostProcessingBehaviour.cs: b0fbf7f67aeee9a6f7db03386dbc8c1e -> 
  custom:scripting/monoscript/fileName/BloomModel.cs: b4ba3e478c2698eb99512ead9d78d360 -> 
  custom:scripting/monoscript/fileName/GrainModel.cs: ce4589c9bbcb55f8f632b6617dc5d1f0 -> 
========================================================================
Received Prepare
Begin MonoManager ReloadAssembly
Symbol file LoadedFromMemory doesn't match image C:\Users\Student\Desktop\top-shoter-main\Library\PackageCache\com.unity.visualscripting@1.8.0\Editor\VisualScripting.Core\Dependencies\YamlDotNet\Unity.VisualScripting.YamlDotNet.dll
Symbol file LoadedFromMemory doesn't match image C:\Users\Student\Desktop\top-shoter-main\Library\PackageCache\com.unity.visualscripting@1.8.0\Editor\VisualScripting.Core\Dependencies\DotNetZip\Unity.VisualScripting.IonicZip.dll
- Loaded All Assemblies, in  0.316 seconds
Refreshing native plugins compatible for Editor in 2.40 ms, found 3 plugins.
Native extension for WindowsStandalone target not found
Native extension for WebGL target not found
Mono: successfully reloaded assembly
- Finished resetting the current domain, in  0.773 seconds
Domain Reload Profiling: 1088ms
	BeginReloadAssembly (123ms)
		ExecutionOrderSort (0ms)
		DisableScriptedObjects (3ms)
		BackupInstance (0ms)
		ReleaseScriptingObjects (0ms)
		CreateAndSetChildDomain (31ms)
	RebuildCommonClasses (27ms)
	RebuildNativeTypeToScriptingClass (12ms)
	initialDomainReloadingComplete (20ms)
	LoadAllAssembliesAndSetupDomain (133ms)
		LoadAssemblies (183ms)
		RebuildTransferFunctionScriptingTraits (0ms)
		AnalyzeDomain (14ms)
			TypeCache.Refresh (4ms)
				TypeCache.ScanAssembly (0ms)
			ScanForSourceGeneratedMonoScriptInfo (0ms)
			ResolveRequiredComponents (9ms)
	FinalizeReload (774ms)
		ReleaseScriptCaches (0ms)
		RebuildScriptCaches (0ms)
		SetupLoadedEditorAssemblies (314ms)
			LogAssemblyErrors (0ms)
			InitializePlatformSupportModulesInManaged (6ms)
			SetLoadedEditorAssemblies (2ms)
			RefreshPlugins (0ms)
			BeforeProcessingInitializeOnLoad (52ms)
			ProcessInitializeOnLoadAttributes (198ms)
			ProcessInitializeOnLoadMethodAttributes (51ms)
			AfterProcessingInitializeOnLoad (5ms)
			EditorAssembliesLoaded (0ms)
		ExecutionOrderSort2 (0ms)
		AwakeInstancesAfterBackupRestoration (14ms)
Refreshing native plugins compatible for Editor in 3.52 ms, found 3 plugins.
Preloading 0 native plugins for Editor in 0.00 ms.
Unloading 4943 Unused Serialized files (Serialized files now loaded: 0)
Unloading 40 unused Assets / (389.5 KB). Loaded Objects now: 5639.
Memory consumption went from 174.8 MB to 174.4 MB.
Total: 3.033400 ms (FindLiveObjects: 0.382300 ms CreateObjectMapping: 0.156900 ms MarkObjects: 2.389400 ms  DeleteObjects: 0.104400 ms)

Prepare: number of updated asset objects reloaded= 0
AssetImportParameters requested are different than current active one (requested -> active):
  custom:container-demuxer-ogg: 62fdf1f143b41e24485cea50d1cbac27 -> 
  custom:scripting/monoscript/fileName/VignetteModel.cs: ab6733272f937ac0155aab47b4a8e58e -> 
  custom:video-codec-MediaFoundation-h265: 746d11721c4dcdbdad8f713fa42b33f4 -> 
  custom:scripting/monoscript/fileName/EyeAdaptationModel.cs: 5bcc92c7d981d480ed07d6af7dd1a959 -> 
  custom:video-decoder-ogg-theora: a1e56fd34408186e4bbccfd4996cb3dc -> 
  custom:scripting/monoscript/fileName/ExampleWheelController.cs: 9600d370c57ff0da5766666ba4365a29 -> 
  custom:scripting/monoscript/fileName/GetSetAttribute.cs: b786c1938e0c0f5ecaf463807c2d7653 -> 
  custom:framework-win-MediaFoundation: 216162199b28c13a410421893ffa2e32 -> 
  custom:scripting/monoscript/fileName/PostProcessingContext.cs: be8a0bc1565c6324b1fd40a33f66279b -> 
  custom:scripting/monoscript/fileName/EyeAdaptationComponent.cs: 0cb2aaf8cdc20c0baee2205168cbc73c -> 
  custom:scripting/monoscript/fileName/FxaaComponent.cs: 9d1fd3efb92e1fef6fd176ee45003f08 -> 
  custom:scripting/monoscript/fileName/DitheringModel.cs: fa99c50231ddc7ca26b5d6c9a68b4b31 -> 
  custom:CustomObjectIndexerAttribute: a3ef5dd2817f97addfee359851a9dba5 -> 
  custom:scripting/monoscript/fileName/TrackballAttribute.cs: f1962deba67196a6cd6b7953be1caf36 -> 
  custom:scripting/monoscript/fileName/PostProcessingProfile.cs: e94a21971fab43a541218a4f91e0403c -> 
  custom:scripting/monoscript/fileName/BuiltinDebugViewsModel.cs: 4a09809f2c0ed6cca27229b06ce1d289 -> 
  custom:container-demuxer-webm: 4f35f7cbe854078d1ac9338744f61a02 -> 
  custom:scripting/monoscript/fileName/RenderTextureFactory.cs: b11bc916a1a88ed67d986ee69a536511 -> 
  custom:scripting/monoscript/fileName/CharController_Motor.cs: 95ad6a9e9f41b77ac8821bbc7a22986e -> 
  custom:scripting/monoscript/fileName/DepthOfFieldModel.cs: ab243c09a4b44fd7a53f73051db01cbc -> 
  custom:scripting/monoscript/fileName/FPSDisplay.cs: 4de2b1268e0d108618b876b31a439b05 -> 
  custom:scripting/monoscript/fileName/ColorGradingModel.cs: d1c2ef15f5e9e4868052777d51361b40 -> 
  custom:scripting/monoscript/fileName/ScreenSpaceReflectionModel.cs: 507d9c80d381478e1c14f5bfe34012ae -> 
  custom:scripting/monoscript/fileName/TrackballGroupAttribute.cs: 6d071733b141a3fb3360b110560ed1cc -> 
  custom:container-muxer-webm: aa71ff27fc2769a1b78a27578f13a17b -> 
  custom:video-decoder-webm-vp8: 9c59270c3fd7afecdb556c50c9e8de78 -> 
  custom:scripting/monoscript/fileName/BloomComponent.cs: 755f611bb4d32a54d162192a9fc6dd86 -> 
  custom:scripting/monoscript/fileName/MotionBlurComponent.cs: 6cf5a99eefa473d803af3e64f841a0a6 -> 
  custom:scripting/monoscript/fileName/WaterFloat.cs: 7ac8cb1106d215ea46d43dade9dd92c7 -> 
  custom:scripting/monoscript/fileName/BuiltinDebugViewsComponent.cs: 1b8215a7f6eae55c3fc6a97379498db3 -> 
  custom:SearchIndexIgnoredProperties: e643bd26f0fe6173181afceb89e7c659 -> 
  custom:scripting/monoscript/fileName/AmbientOcclusionModel.cs: ac26bcd19cab8c88e9b65cb75ee1c356 -> 
  custom:AudioImporter_EditorPlatform: d09bf68614088b80899f8185d706f6e7 -> 
  custom:scripting/monoscript/fileName/DisableRenderer.cs: 9cd9383a8381a51854f8fab592706848 -> 
  custom:scripting/monoscript/fileName/AmbientOcclusionComponent.cs: ae5a7089fb97a5a97a8f11138ce7c9d2 -> 
  custom:scripting/monoscript/fileName/GraphicsUtils.cs: f7df21c2acb52bb931f99c0a424b6be0 -> 
  custom:scripting/monoscript/fileName/DepthOfFieldComponent.cs: b0afd8f8844e3e4017df6130c14d0dfc -> 
  custom:scripting/monoscript/fileName/ColorGradingCurve.cs: e1e989893ee31e7801923212f0468312 -> 
  custom:scripting/monoscript/fileName/AntialiasingModel.cs: 325b0130eaada61513aeac7b8c97a9d7 -> 
  custom:scripting/monoscript/fileName/ChromaticAberrationModel.cs: 3f166f1ecbc6f39ed2f6b10cbc5b4ba4 -> 
  custom:scripting/monoscript/fileName/TaaComponent.cs: 7c343e97072a6712c3a2b01e75fdb7fa -> 
  custom:scripting/monoscript/fileName/PostProcessingModel.cs: 2f64caba6afa59bc78865f13b6f9065d -> 
  custom:scripting/monoscript/fileName/ChromaticAberrationComponent.cs: cda95994b71ba23d0c0f0fe0f241aab9 -> 
  custom:scripting/monoscript/fileName/ScreenSpaceReflectionComponent.cs: 79ad7ef64576d014e73a91b6c3af0688 -> 
  custom:scripting/monoscript/fileName/MotionBlurModel.cs: 4e24ef1d444a45a9e0056ed75c7c7eb7 -> 
  custom:scripting/monoscript/fileName/PostProcessingComponent.cs: 85236d6b86a55b2f46a14367ab625049 -> 
  custom:video-encoder-webm-vp8: eb34c28f22e8b96e1ab97ce403110664 -> 
  custom:audio-decoder-ogg-vorbis: bf7c407c2cedff20999df2af8eb42d56 -> 
  custom:scripting/monoscript/fileName/MaterialFactory.cs: 39b00f1518fc675c62e508eb4bdec486 -> 
  custom:scripting/monoscript/fileName/ColorGradingComponent.cs: fc28099e3cee649b1f5925a07b57ea96 -> 
  custom:scripting/monoscript/fileName/UserLutModel.cs: ce559ad59b29fc066f37249281afd441 -> 
  custom:scripting/monoscript/fileName/MinAttribute.cs: 941c73502025168e3301edfeaed1b25e -> 
  custom:scripting/monoscript/fileName/GrainComponent.cs: fae958f48caa0fab6bcf7f9c48b915e1 -> 
  custom:scripting/monoscript/fileName/FogComponent.cs: 2dfe6d4c859eabd11b82ff8fc7d7ad22 -> 
  custom:scripting/monoscript/fileName/VignetteComponent.cs: 293deb083808f71d2d18d818ef588272 -> 
  custom:scripting/monoscript/fileName/FogModel.cs: c4cd4da1fb97c7abf787083602f52bf5 -> 
  custom:scripting/monoscript/fileName/DitheringComponent.cs: 83d905897534466960141b85361bb6b4 -> 
  custom:audio-encoder-webm-vorbis: bf7c407c2cedff20999df2af8eb42d56 -> 
  custom:scripting/monoscript/fileName/UserLutComponent.cs: 944143ce5f543a40c92ecea777f35ae4 -> 
  custom:scripting/monoscript/fileName/PostProcessingBehaviour.cs: b0fbf7f67aeee9a6f7db03386dbc8c1e -> 
  custom:scripting/monoscript/fileName/BloomModel.cs: b4ba3e478c2698eb99512ead9d78d360 -> 
  custom:scripting/monoscript/fileName/GrainModel.cs: ce4589c9bbcb55f8f632b6617dc5d1f0 -> 
========================================================================
Received Prepare
Begin MonoManager ReloadAssembly
Symbol file LoadedFromMemory doesn't match image C:\Users\Student\Desktop\top-shoter-main\Library\PackageCache\com.unity.visualscripting@1.8.0\Editor\VisualScripting.Core\Dependencies\YamlDotNet\Unity.VisualScripting.YamlDotNet.dll
Symbol file LoadedFromMemory doesn't match image C:\Users\Student\Desktop\top-shoter-main\Library\PackageCache\com.unity.visualscripting@1.8.0\Editor\VisualScripting.Core\Dependencies\DotNetZip\Unity.VisualScripting.IonicZip.dll
- Loaded All Assemblies, in  0.312 seconds
Refreshing native plugins compatible for Editor in 2.54 ms, found 3 plugins.
Native extension for WindowsStandalone target not found
Native extension for WebGL target not found
Mono: successfully reloaded assembly
- Finished resetting the current domain, in  0.749 seconds
Domain Reload Profiling: 1059ms
	BeginReloadAssembly (114ms)
		ExecutionOrderSort (0ms)
		DisableScriptedObjects (3ms)
		BackupInstance (0ms)
		ReleaseScriptingObjects (0ms)
		CreateAndSetChildDomain (30ms)
	RebuildCommonClasses (23ms)
	RebuildNativeTypeToScriptingClass (13ms)
	initialDomainReloadingComplete (26ms)
	LoadAllAssembliesAndSetupDomain (133ms)
		LoadAssemblies (176ms)
		RebuildTransferFunctionScriptingTraits (0ms)
		AnalyzeDomain (13ms)
			TypeCache.Refresh (4ms)
				TypeCache.ScanAssembly (0ms)
			ScanForSourceGeneratedMonoScriptInfo (0ms)
			ResolveRequiredComponents (8ms)
	FinalizeReload (749ms)
		ReleaseScriptCaches (0ms)
		RebuildScriptCaches (0ms)
		SetupLoadedEditorAssemblies (293ms)
			LogAssemblyErrors (0ms)
			InitializePlatformSupportModulesInManaged (5ms)
			SetLoadedEditorAssemblies (2ms)
			RefreshPlugins (0ms)
			BeforeProcessingInitializeOnLoad (51ms)
			ProcessInitializeOnLoadAttributes (186ms)
			ProcessInitializeOnLoadMethodAttributes (45ms)
			AfterProcessingInitializeOnLoad (5ms)
			EditorAssembliesLoaded (0ms)
		ExecutionOrderSort2 (0ms)
		AwakeInstancesAfterBackupRestoration (12ms)
Refreshing native plugins compatible for Editor in 3.46 ms, found 3 plugins.
Preloading 0 native plugins for Editor in 0.00 ms.
Unloading 4943 Unused Serialized files (Serialized files now loaded: 0)
Unloading 40 unused Assets / (389.5 KB). Loaded Objects now: 5655.
Memory consumption went from 174.8 MB to 174.4 MB.
Total: 3.653200 ms (FindLiveObjects: 0.448600 ms CreateObjectMapping: 0.335000 ms MarkObjects: 2.733900 ms  DeleteObjects: 0.134900 ms)

Prepare: number of updated asset objects reloaded= 0
AssetImportParameters requested are different than current active one (requested -> active):
  custom:container-demuxer-ogg: 62fdf1f143b41e24485cea50d1cbac27 -> 
  custom:scripting/monoscript/fileName/VignetteModel.cs: ab6733272f937ac0155aab47b4a8e58e -> 
  custom:video-codec-MediaFoundation-h265: 746d11721c4dcdbdad8f713fa42b33f4 -> 
  custom:scripting/monoscript/fileName/EyeAdaptationModel.cs: 5bcc92c7d981d480ed07d6af7dd1a959 -> 
  custom:video-decoder-ogg-theora: a1e56fd34408186e4bbccfd4996cb3dc -> 
  custom:scripting/monoscript/fileName/ExampleWheelController.cs: 9600d370c57ff0da5766666ba4365a29 -> 
  custom:scripting/monoscript/fileName/GetSetAttribute.cs: b786c1938e0c0f5ecaf463807c2d7653 -> 
  custom:framework-win-MediaFoundation: 216162199b28c13a410421893ffa2e32 -> 
  custom:scripting/monoscript/fileName/PostProcessingContext.cs: be8a0bc1565c6324b1fd40a33f66279b -> 
  custom:scripting/monoscript/fileName/EyeAdaptationComponent.cs: 0cb2aaf8cdc20c0baee2205168cbc73c -> 
  custom:scripting/monoscript/fileName/FxaaComponent.cs: 9d1fd3efb92e1fef6fd176ee45003f08 -> 
  custom:scripting/monoscript/fileName/DitheringModel.cs: fa99c50231ddc7ca26b5d6c9a68b4b31 -> 
  custom:CustomObjectIndexerAttribute: a3ef5dd2817f97addfee359851a9dba5 -> 
  custom:scripting/monoscript/fileName/TrackballAttribute.cs: f1962deba67196a6cd6b7953be1caf36 -> 
  custom:scripting/monoscript/fileName/PostProcessingProfile.cs: e94a21971fab43a541218a4f91e0403c -> 
  custom:scripting/monoscript/fileName/BuiltinDebugViewsModel.cs: 4a09809f2c0ed6cca27229b06ce1d289 -> 
  custom:container-demuxer-webm: 4f35f7cbe854078d1ac9338744f61a02 -> 
  custom:scripting/monoscript/fileName/RenderTextureFactory.cs: b11bc916a1a88ed67d986ee69a536511 -> 
  custom:scripting/monoscript/fileName/CharController_Motor.cs: 95ad6a9e9f41b77ac8821bbc7a22986e -> 
  custom:scripting/monoscript/fileName/DepthOfFieldModel.cs: ab243c09a4b44fd7a53f73051db01cbc -> 
  custom:scripting/monoscript/fileName/FPSDisplay.cs: 4de2b1268e0d108618b876b31a439b05 -> 
  custom:scripting/monoscript/fileName/ColorGradingModel.cs: d1c2ef15f5e9e4868052777d51361b40 -> 
  custom:scripting/monoscript/fileName/ScreenSpaceReflectionModel.cs: 507d9c80d381478e1c14f5bfe34012ae -> 
  custom:scripting/monoscript/fileName/TrackballGroupAttribute.cs: 6d071733b141a3fb3360b110560ed1cc -> 
  custom:container-muxer-webm: aa71ff27fc2769a1b78a27578f13a17b -> 
  custom:video-decoder-webm-vp8: 9c59270c3fd7afecdb556c50c9e8de78 -> 
  custom:scripting/monoscript/fileName/BloomComponent.cs: 755f611bb4d32a54d162192a9fc6dd86 -> 
  custom:scripting/monoscript/fileName/MotionBlurComponent.cs: 6cf5a99eefa473d803af3e64f841a0a6 -> 
  custom:scripting/monoscript/fileName/WaterFloat.cs: 7ac8cb1106d215ea46d43dade9dd92c7 -> 
  custom:scripting/monoscript/fileName/BuiltinDebugViewsComponent.cs: 1b8215a7f6eae55c3fc6a97379498db3 -> 
  custom:SearchIndexIgnoredProperties: e643bd26f0fe6173181afceb89e7c659 -> 
  custom:scripting/monoscript/fileName/AmbientOcclusionModel.cs: ac26bcd19cab8c88e9b65cb75ee1c356 -> 
  custom:AudioImporter_EditorPlatform: d09bf68614088b80899f8185d706f6e7 -> 
  custom:scripting/monoscript/fileName/DisableRenderer.cs: 9cd9383a8381a51854f8fab592706848 -> 
  custom:scripting/monoscript/fileName/AmbientOcclusionComponent.cs: ae5a7089fb97a5a97a8f11138ce7c9d2 -> 
  custom:scripting/monoscript/fileName/GraphicsUtils.cs: f7df21c2acb52bb931f99c0a424b6be0 -> 
  custom:scripting/monoscript/fileName/DepthOfFieldComponent.cs: b0afd8f8844e3e4017df6130c14d0dfc -> 
  custom:scripting/monoscript/fileName/ColorGradingCurve.cs: e1e989893ee31e7801923212f0468312 -> 
  custom:scripting/monoscript/fileName/AntialiasingModel.cs: 325b0130eaada61513aeac7b8c97a9d7 -> 
  custom:scripting/monoscript/fileName/ChromaticAberrationModel.cs: 3f166f1ecbc6f39ed2f6b10cbc5b4ba4 -> 
  custom:scripting/monoscript/fileName/TaaComponent.cs: 7c343e97072a6712c3a2b01e75fdb7fa -> 
  custom:scripting/monoscript/fileName/PostProcessingModel.cs: 2f64caba6afa59bc78865f13b6f9065d -> 
  custom:scripting/monoscript/fileName/ChromaticAberrationComponent.cs: cda95994b71ba23d0c0f0fe0f241aab9 -> 
  custom:scripting/monoscript/fileName/ScreenSpaceReflectionComponent.cs: 79ad7ef64576d014e73a91b6c3af0688 -> 
  custom:scripting/monoscript/fileName/MotionBlurModel.cs: 4e24ef1d444a45a9e0056ed75c7c7eb7 -> 
  custom:scripting/monoscript/fileName/PostProcessingComponent.cs: 85236d6b86a55b2f46a14367ab625049 -> 
  custom:video-encoder-webm-vp8: eb34c28f22e8b96e1ab97ce403110664 -> 
  custom:audio-decoder-ogg-vorbis: bf7c407c2cedff20999df2af8eb42d56 -> 
  custom:scripting/monoscript/fileName/MaterialFactory.cs: 39b00f1518fc675c62e508eb4bdec486 -> 
  custom:scripting/monoscript/fileName/ColorGradingComponent.cs: fc28099e3cee649b1f5925a07b57ea96 -> 
  custom:scripting/monoscript/fileName/UserLutModel.cs: ce559ad59b29fc066f37249281afd441 -> 
  custom:scripting/monoscript/fileName/MinAttribute.cs: 941c73502025168e3301edfeaed1b25e -> 
  custom:scripting/monoscript/fileName/GrainComponent.cs: fae958f48caa0fab6bcf7f9c48b915e1 -> 
  custom:scripting/monoscript/fileName/FogComponent.cs: 2dfe6d4c859eabd11b82ff8fc7d7ad22 -> 
  custom:scripting/monoscript/fileName/VignetteComponent.cs: 293deb083808f71d2d18d818ef588272 -> 
  custom:scripting/monoscript/fileName/FogModel.cs: c4cd4da1fb97c7abf787083602f52bf5 -> 
  custom:scripting/monoscript/fileName/DitheringComponent.cs: 83d905897534466960141b85361bb6b4 -> 
  custom:audio-encoder-webm-vorbis: bf7c407c2cedff20999df2af8eb42d56 -> 
  custom:scripting/monoscript/fileName/UserLutComponent.cs: 944143ce5f543a40c92ecea777f35ae4 -> 
  custom:scripting/monoscript/fileName/PostProcessingBehaviour.cs: b0fbf7f67aeee9a6f7db03386dbc8c1e -> 
  custom:scripting/monoscript/fileName/BloomModel.cs: b4ba3e478c2698eb99512ead9d78d360 -> 
  custom:scripting/monoscript/fileName/GrainModel.cs: ce4589c9bbcb55f8f632b6617dc5d1f0 -> 
========================================================================
Received Prepare
Begin MonoManager ReloadAssembly
Symbol file LoadedFromMemory doesn't match image C:\Users\Student\Desktop\top-shoter-main\Library\PackageCache\com.unity.visualscripting@1.8.0\Editor\VisualScripting.Core\Dependencies\YamlDotNet\Unity.VisualScripting.YamlDotNet.dll
Symbol file LoadedFromMemory doesn't match image C:\Users\Student\Desktop\top-shoter-main\Library\PackageCache\com.unity.visualscripting@1.8.0\Editor\VisualScripting.Core\Dependencies\DotNetZip\Unity.VisualScripting.IonicZip.dll
- Loaded All Assemblies, in  0.306 seconds
Refreshing native plugins compatible for Editor in 2.44 ms, found 3 plugins.
Native extension for WindowsStandalone target not found
Native extension for WebGL target not found
Mono: successfully reloaded assembly
- Finished resetting the current domain, in  0.771 seconds
Domain Reload Profiling: 1075ms
	BeginReloadAssembly (118ms)
		ExecutionOrderSort (0ms)
		DisableScriptedObjects (4ms)
		BackupInstance (0ms)
		ReleaseScriptingObjects (0ms)
		CreateAndSetChildDomain (32ms)
	RebuildCommonClasses (25ms)
	RebuildNativeTypeToScriptingClass (8ms)
	initialDomainReloadingComplete (20ms)
	LoadAllAssembliesAndSetupDomain (132ms)
		LoadAssemblies (175ms)
		RebuildTransferFunctionScriptingTraits (0ms)
		AnalyzeDomain (14ms)
			TypeCache.Refresh (4ms)
				TypeCache.ScanAssembly (0ms)
			ScanForSourceGeneratedMonoScriptInfo (0ms)
			ResolveRequiredComponents (9ms)
	FinalizeReload (771ms)
		ReleaseScriptCaches (0ms)
		RebuildScriptCaches (0ms)
		SetupLoadedEditorAssemblies (301ms)
			LogAssemblyErrors (0ms)
			InitializePlatformSupportModulesInManaged (5ms)
			SetLoadedEditorAssemblies (2ms)
			RefreshPlugins (0ms)
			BeforeProcessingInitializeOnLoad (51ms)
			ProcessInitializeOnLoadAttributes (190ms)
			ProcessInitializeOnLoadMethodAttributes (49ms)
			AfterProcessingInitializeOnLoad (4ms)
			EditorAssembliesLoaded (0ms)
		ExecutionOrderSort2 (0ms)
		AwakeInstancesAfterBackupRestoration (12ms)
Refreshing native plugins compatible for Editor in 3.43 ms, found 3 plugins.
Preloading 0 native plugins for Editor in 0.00 ms.
Unloading 4943 Unused Serialized files (Serialized files now loaded: 0)
Unloading 40 unused Assets / (389.5 KB). Loaded Objects now: 5671.
Memory consumption went from 174.9 MB to 174.5 MB.
Total: 3.095700 ms (FindLiveObjects: 0.389400 ms CreateObjectMapping: 0.129300 ms MarkObjects: 2.470200 ms  DeleteObjects: 0.105800 ms)

Prepare: number of updated asset objects reloaded= 0
AssetImportParameters requested are different than current active one (requested -> active):
  custom:container-demuxer-ogg: 62fdf1f143b41e24485cea50d1cbac27 -> 
  custom:scripting/monoscript/fileName/VignetteModel.cs: ab6733272f937ac0155aab47b4a8e58e -> 
  custom:video-codec-MediaFoundation-h265: 746d11721c4dcdbdad8f713fa42b33f4 -> 
  custom:scripting/monoscript/fileName/EyeAdaptationModel.cs: 5bcc92c7d981d480ed07d6af7dd1a959 -> 
  custom:video-decoder-ogg-theora: a1e56fd34408186e4bbccfd4996cb3dc -> 
  custom:scripting/monoscript/fileName/ExampleWheelController.cs: 9600d370c57ff0da5766666ba4365a29 -> 
  custom:scripting/monoscript/fileName/GetSetAttribute.cs: b786c1938e0c0f5ecaf463807c2d7653 -> 
  custom:framework-win-MediaFoundation: 216162199b28c13a410421893ffa2e32 -> 
  custom:scripting/monoscript/fileName/PostProcessingContext.cs: be8a0bc1565c6324b1fd40a33f66279b -> 
  custom:scripting/monoscript/fileName/EyeAdaptationComponent.cs: 0cb2aaf8cdc20c0baee2205168cbc73c -> 
  custom:scripting/monoscript/fileName/FxaaComponent.cs: 9d1fd3efb92e1fef6fd176ee45003f08 -> 
  custom:scripting/monoscript/fileName/DitheringModel.cs: fa99c50231ddc7ca26b5d6c9a68b4b31 -> 
  custom:CustomObjectIndexerAttribute: a3ef5dd2817f97addfee359851a9dba5 -> 
  custom:scripting/monoscript/fileName/TrackballAttribute.cs: f1962deba67196a6cd6b7953be1caf36 -> 
  custom:scripting/monoscript/fileName/PostProcessingProfile.cs: e94a21971fab43a541218a4f91e0403c -> 
  custom:scripting/monoscript/fileName/BuiltinDebugViewsModel.cs: 4a09809f2c0ed6cca27229b06ce1d289 -> 
  custom:container-demuxer-webm: 4f35f7cbe854078d1ac9338744f61a02 -> 
  custom:scripting/monoscript/fileName/RenderTextureFactory.cs: b11bc916a1a88ed67d986ee69a536511 -> 
  custom:scripting/monoscript/fileName/CharController_Motor.cs: 95ad6a9e9f41b77ac8821bbc7a22986e -> 
  custom:scripting/monoscript/fileName/DepthOfFieldModel.cs: ab243c09a4b44fd7a53f73051db01cbc -> 
  custom:scripting/monoscript/fileName/FPSDisplay.cs: 4de2b1268e0d108618b876b31a439b05 -> 
  custom:scripting/monoscript/fileName/ColorGradingModel.cs: d1c2ef15f5e9e4868052777d51361b40 -> 
  custom:scripting/monoscript/fileName/ScreenSpaceReflectionModel.cs: 507d9c80d381478e1c14f5bfe34012ae -> 
  custom:scripting/monoscript/fileName/TrackballGroupAttribute.cs: 6d071733b141a3fb3360b110560ed1cc -> 
  custom:container-muxer-webm: aa71ff27fc2769a1b78a27578f13a17b -> 
  custom:video-decoder-webm-vp8: 9c59270c3fd7afecdb556c50c9e8de78 -> 
  custom:scripting/monoscript/fileName/BloomComponent.cs: 755f611bb4d32a54d162192a9fc6dd86 -> 
  custom:scripting/monoscript/fileName/MotionBlurComponent.cs: 6cf5a99eefa473d803af3e64f841a0a6 -> 
  custom:scripting/monoscript/fileName/WaterFloat.cs: 7ac8cb1106d215ea46d43dade9dd92c7 -> 
  custom:scripting/monoscript/fileName/BuiltinDebugViewsComponent.cs: 1b8215a7f6eae55c3fc6a97379498db3 -> 
  custom:SearchIndexIgnoredProperties: e643bd26f0fe6173181afceb89e7c659 -> 
  custom:scripting/monoscript/fileName/AmbientOcclusionModel.cs: ac26bcd19cab8c88e9b65cb75ee1c356 -> 
  custom:AudioImporter_EditorPlatform: d09bf68614088b80899f8185d706f6e7 -> 
  custom:scripting/monoscript/fileName/DisableRenderer.cs: 9cd9383a8381a51854f8fab592706848 -> 
  custom:scripting/monoscript/fileName/AmbientOcclusionComponent.cs: ae5a7089fb97a5a97a8f11138ce7c9d2 -> 
  custom:scripting/monoscript/fileName/GraphicsUtils.cs: f7df21c2acb52bb931f99c0a424b6be0 -> 
  custom:scripting/monoscript/fileName/DepthOfFieldComponent.cs: b0afd8f8844e3e4017df6130c14d0dfc -> 
  custom:scripting/monoscript/fileName/ColorGradingCurve.cs: e1e989893ee31e7801923212f0468312 -> 
  custom:scripting/monoscript/fileName/AntialiasingModel.cs: 325b0130eaada61513aeac7b8c97a9d7 -> 
  custom:scripting/monoscript/fileName/ChromaticAberrationModel.cs: 3f166f1ecbc6f39ed2f6b10cbc5b4ba4 -> 
  custom:scripting/monoscript/fileName/TaaComponent.cs: 7c343e97072a6712c3a2b01e75fdb7fa -> 
  custom:scripting/monoscript/fileName/PostProcessingModel.cs: 2f64caba6afa59bc78865f13b6f9065d -> 
  custom:scripting/monoscript/fileName/ChromaticAberrationComponent.cs: cda95994b71ba23d0c0f0fe0f241aab9 -> 
  custom:scripting/monoscript/fileName/ScreenSpaceReflectionComponent.cs: 79ad7ef64576d014e73a91b6c3af0688 -> 
  custom:scripting/monoscript/fileName/MotionBlurModel.cs: 4e24ef1d444a45a9e0056ed75c7c7eb7 -> 
  custom:scripting/monoscript/fileName/PostProcessingComponent.cs: 85236d6b86a55b2f46a14367ab625049 -> 
  custom:video-encoder-webm-vp8: eb34c28f22e8b96e1ab97ce403110664 -> 
  custom:audio-decoder-ogg-vorbis: bf7c407c2cedff20999df2af8eb42d56 -> 
  custom:scripting/monoscript/fileName/MaterialFactory.cs: 39b00f1518fc675c62e508eb4bdec486 -> 
  custom:scripting/monoscript/fileName/ColorGradingComponent.cs: fc28099e3cee649b1f5925a07b57ea96 -> 
  custom:scripting/monoscript/fileName/UserLutModel.cs: ce559ad59b29fc066f37249281afd441 -> 
  custom:scripting/monoscript/fileName/MinAttribute.cs: 941c73502025168e3301edfeaed1b25e -> 
  custom:scripting/monoscript/fileName/GrainComponent.cs: fae958f48caa0fab6bcf7f9c48b915e1 -> 
  custom:scripting/monoscript/fileName/FogComponent.cs: 2dfe6d4c859eabd11b82ff8fc7d7ad22 -> 
  custom:scripting/monoscript/fileName/VignetteComponent.cs: 293deb083808f71d2d18d818ef588272 -> 
  custom:scripting/monoscript/fileName/FogModel.cs: c4cd4da1fb97c7abf787083602f52bf5 -> 
  custom:scripting/monoscript/fileName/DitheringComponent.cs: 83d905897534466960141b85361bb6b4 -> 
  custom:audio-encoder-webm-vorbis: bf7c407c2cedff20999df2af8eb42d56 -> 
  custom:scripting/monoscript/fileName/UserLutComponent.cs: 944143ce5f543a40c92ecea777f35ae4 -> 
  custom:scripting/monoscript/fileName/PostProcessingBehaviour.cs: b0fbf7f67aeee9a6f7db03386dbc8c1e -> 
  custom:scripting/monoscript/fileName/BloomModel.cs: b4ba3e478c2698eb99512ead9d78d360 -> 
  custom:scripting/monoscript/fileName/GrainModel.cs: ce4589c9bbcb55f8f632b6617dc5d1f0 -> 
