Using pre-set license
Built from '2022.3/staging' branch; Version is '2022.3.7f1 (b16b3b16c7a0) revision 11627323'; Using compiler version '192829333'; Build Type 'Release'
OS: 'Windows 11  (10.0.22621) 64bit Professional' Language: 'pl' Physical Memory: 65420 MB
BatchMode: 1, IsHumanControllingUs: 0, StartBugReporterOnCrash: 0, Is64bit: 1, IsPro: 1

COMMAND LINE ARGUMENTS:
C:\Program Files\Unity\Hub\Editor\2022.3.7f1\Editor\Unity.exe
-adb2
-batchMode
-noUpm
-name
AssetImportWorker2
-projectPath
C:/Users/Student/Desktop/top-shoter-main
-logFile
Logs/AssetImportWorker2.log
-srvPort
52377
Successfully changed project path to: C:/Users/Student/Desktop/top-shoter-main
C:/Users/Student/Desktop/top-shoter-main
[UnityMemory] Configuration Parameters - Can be set up in boot.config
    "memorysetup-bucket-allocator-granularity=16"
    "memorysetup-bucket-allocator-bucket-count=8"
    "memorysetup-bucket-allocator-block-size=33554432"
    "memorysetup-bucket-allocator-block-count=8"
    "memorysetup-main-allocator-block-size=16777216"
    "memorysetup-thread-allocator-block-size=16777216"
    "memorysetup-gfx-main-allocator-block-size=16777216"
    "memorysetup-gfx-thread-allocator-block-size=16777216"
    "memorysetup-cache-allocator-block-size=4194304"
    "memorysetup-typetree-allocator-block-size=2097152"
    "memorysetup-profiler-bucket-allocator-granularity=16"
    "memorysetup-profiler-bucket-allocator-bucket-count=8"
    "memorysetup-profiler-bucket-allocator-block-size=33554432"
    "memorysetup-profiler-bucket-allocator-block-count=8"
    "memorysetup-profiler-allocator-block-size=16777216"
    "memorysetup-profiler-editor-allocator-block-size=1048576"
    "memorysetup-temp-allocator-size-main=16777216"
    "memorysetup-job-temp-allocator-block-size=2097152"
    "memorysetup-job-temp-allocator-block-size-background=1048576"
    "memorysetup-job-temp-allocator-reduction-small-platforms=262144"
    "memorysetup-allocator-temp-initial-block-size-main=262144"
    "memorysetup-allocator-temp-initial-block-size-worker=262144"
    "memorysetup-temp-allocator-size-background-worker=32768"
    "memorysetup-temp-allocator-size-job-worker=262144"
    "memorysetup-temp-allocator-size-preload-manager=33554432"
    "memorysetup-temp-allocator-size-nav-mesh-worker=65536"
    "memorysetup-temp-allocator-size-audio-worker=65536"
    "memorysetup-temp-allocator-size-cloud-worker=32768"
    "memorysetup-temp-allocator-size-gi-baking-worker=262144"
    "memorysetup-temp-allocator-size-gfx=262144"
Player connection [27964] Host "[IP] 10.171.170.75 [Port] 0 [Flags] 2 [Guid] 1571825485 [EditorId] 1571825485 [Version] 1048832 [Id] WindowsEditor(7,S55-107-27) [Debug] 1 [PackageName] WindowsEditor [ProjectName] Editor" joined multi-casting on [225.0.0.222:54997]...

Player connection [27964] Host "[IP] 10.171.170.75 [Port] 0 [Flags] 2 [Guid] 1571825485 [EditorId] 1571825485 [Version] 1048832 [Id] WindowsEditor(7,S55-107-27) [Debug] 1 [PackageName] WindowsEditor [ProjectName] Editor" joined alternative multi-casting on [225.0.0.222:34997]...

Refreshing native plugins compatible for Editor in 7.23 ms, found 3 plugins.
Preloading 0 native plugins for Editor in 0.00 ms.
Initialize engine version: 2022.3.7f1 (b16b3b16c7a0)
[Subsystems] Discovering subsystems at path C:/Program Files/Unity/Hub/Editor/2022.3.7f1/Editor/Data/Resources/UnitySubsystems
[Subsystems] Discovering subsystems at path C:/Users/Student/Desktop/top-shoter-main/Assets
GfxDevice: creating device client; threaded=0; jobified=0
Direct3D:
    Version:  Direct3D 11.0 [level 11.1]
    Renderer: NVIDIA GeForce RTX 3080 (ID=0x2216)
    Vendor:   NVIDIA
    VRAM:     10067 MB
    Driver:   31.0.15.3640
Initialize mono
Mono path[0] = 'C:/Program Files/Unity/Hub/Editor/2022.3.7f1/Editor/Data/Managed'
Mono path[1] = 'C:/Program Files/Unity/Hub/Editor/2022.3.7f1/Editor/Data/MonoBleedingEdge/lib/mono/unityjit-win32'
Mono config path = 'C:/Program Files/Unity/Hub/Editor/2022.3.7f1/Editor/Data/MonoBleedingEdge/etc'
Using monoOptions --debugger-agent=transport=dt_socket,embedding=1,server=y,suspend=n,address=127.0.0.1:56184
Begin MonoManager ReloadAssembly
Registering precompiled unity dll's ...
Register platform support module: C:/Program Files/Unity/Hub/Editor/2022.3.7f1/Editor/Data/PlaybackEngines/WebGLSupport/UnityEditor.WebGL.Extensions.dll
Register platform support module: C:/Program Files/Unity/Hub/Editor/2022.3.7f1/Editor/Data/PlaybackEngines/WindowsStandaloneSupport/UnityEditor.WindowsStandalone.Extensions.dll
Registered in 0.005366 seconds.
- Loaded All Assemblies, in  0.338 seconds
Native extension for WindowsStandalone target not found
Native extension for WebGL target not found
Mono: successfully reloaded assembly
- Finished resetting the current domain, in  0.179 seconds
Domain Reload Profiling: 516ms
	BeginReloadAssembly (135ms)
		ExecutionOrderSort (0ms)
		DisableScriptedObjects (0ms)
		BackupInstance (0ms)
		ReleaseScriptingObjects (0ms)
		CreateAndSetChildDomain (1ms)
	RebuildCommonClasses (27ms)
	RebuildNativeTypeToScriptingClass (8ms)
	initialDomainReloadingComplete (44ms)
	LoadAllAssembliesAndSetupDomain (123ms)
		LoadAssemblies (134ms)
		RebuildTransferFunctionScriptingTraits (0ms)
		AnalyzeDomain (120ms)
			TypeCache.Refresh (119ms)
				TypeCache.ScanAssembly (110ms)
			ScanForSourceGeneratedMonoScriptInfo (0ms)
			ResolveRequiredComponents (0ms)
	FinalizeReload (179ms)
		ReleaseScriptCaches (0ms)
		RebuildScriptCaches (0ms)
		SetupLoadedEditorAssemblies (138ms)
			LogAssemblyErrors (0ms)
			InitializePlatformSupportModulesInManaged (7ms)
			SetLoadedEditorAssemblies (5ms)
			RefreshPlugins (0ms)
			BeforeProcessingInitializeOnLoad (2ms)
			ProcessInitializeOnLoadAttributes (87ms)
			ProcessInitializeOnLoadMethodAttributes (37ms)
			AfterProcessingInitializeOnLoad (0ms)
			EditorAssembliesLoaded (0ms)
		ExecutionOrderSort2 (0ms)
		AwakeInstancesAfterBackupRestoration (0ms)
========================================================================
Worker process is ready to serve import requests
Begin MonoManager ReloadAssembly
Symbol file LoadedFromMemory doesn't match image C:\Users\Student\Desktop\top-shoter-main\Library\PackageCache\com.unity.visualscripting@1.8.0\Editor\VisualScripting.Core\Dependencies\YamlDotNet\Unity.VisualScripting.YamlDotNet.dll
Symbol file LoadedFromMemory doesn't match image C:\Users\Student\Desktop\top-shoter-main\Library\PackageCache\com.unity.visualscripting@1.8.0\Editor\VisualScripting.Core\Dependencies\DotNetZip\Unity.VisualScripting.IonicZip.dll
- Loaded All Assemblies, in  0.707 seconds
Refreshing native plugins compatible for Editor in 2.62 ms, found 3 plugins.
Native extension for WindowsStandalone target not found
Native extension for WebGL target not found
Mono: successfully reloaded assembly
- Finished resetting the current domain, in  0.427 seconds
Domain Reload Profiling: 1133ms
	BeginReloadAssembly (124ms)
		ExecutionOrderSort (0ms)
		DisableScriptedObjects (5ms)
		BackupInstance (0ms)
		ReleaseScriptingObjects (0ms)
		CreateAndSetChildDomain (18ms)
	RebuildCommonClasses (24ms)
	RebuildNativeTypeToScriptingClass (8ms)
	initialDomainReloadingComplete (29ms)
	LoadAllAssembliesAndSetupDomain (519ms)
		LoadAssemblies (398ms)
		RebuildTransferFunctionScriptingTraits (0ms)
		AnalyzeDomain (192ms)
			TypeCache.Refresh (158ms)
				TypeCache.ScanAssembly (142ms)
			ScanForSourceGeneratedMonoScriptInfo (22ms)
			ResolveRequiredComponents (11ms)
	FinalizeReload (428ms)
		ReleaseScriptCaches (0ms)
		RebuildScriptCaches (0ms)
		SetupLoadedEditorAssemblies (317ms)
			LogAssemblyErrors (0ms)
			InitializePlatformSupportModulesInManaged (5ms)
			SetLoadedEditorAssemblies (2ms)
			RefreshPlugins (0ms)
			BeforeProcessingInitializeOnLoad (51ms)
			ProcessInitializeOnLoadAttributes (204ms)
			ProcessInitializeOnLoadMethodAttributes (51ms)
			AfterProcessingInitializeOnLoad (5ms)
			EditorAssembliesLoaded (0ms)
		ExecutionOrderSort2 (0ms)
		AwakeInstancesAfterBackupRestoration (4ms)
Launched and connected shader compiler UnityShaderCompiler.exe after 0.05 seconds
Refreshing native plugins compatible for Editor in 5.21 ms, found 3 plugins.
Preloading 0 native plugins for Editor in 0.00 ms.
Unloading 5224 Unused Serialized files (Serialized files now loaded: 0)
Unloading 83 unused Assets / (1.0 MB). Loaded Objects now: 5686.
Memory consumption went from 219.0 MB to 218.0 MB.
Total: 6.814600 ms (FindLiveObjects: 0.850100 ms CreateObjectMapping: 0.431800 ms MarkObjects: 5.006600 ms  DeleteObjects: 0.524800 ms)

AssetImportParameters requested are different than current active one (requested -> active):
  custom:container-demuxer-ogg: 62fdf1f143b41e24485cea50d1cbac27 -> 
  custom:video-codec-MediaFoundation-h265: 746d11721c4dcdbdad8f713fa42b33f4 -> 
  custom:video-decoder-ogg-theora: a1e56fd34408186e4bbccfd4996cb3dc -> 
  custom:framework-win-MediaFoundation: 216162199b28c13a410421893ffa2e32 -> 
  custom:CustomObjectIndexerAttribute: a3ef5dd2817f97addfee359851a9dba5 -> 
  custom:container-demuxer-webm: 4f35f7cbe854078d1ac9338744f61a02 -> 
  custom:container-muxer-webm: aa71ff27fc2769a1b78a27578f13a17b -> 
  custom:video-decoder-webm-vp8: 9c59270c3fd7afecdb556c50c9e8de78 -> 
  custom:SearchIndexIgnoredProperties: e643bd26f0fe6173181afceb89e7c659 -> 
  custom:AudioImporter_EditorPlatform: d09bf68614088b80899f8185d706f6e7 -> 
  custom:video-encoder-webm-vp8: eb34c28f22e8b96e1ab97ce403110664 -> 
  custom:audio-decoder-ogg-vorbis: bf7c407c2cedff20999df2af8eb42d56 -> 
  custom:audio-encoder-webm-vorbis: bf7c407c2cedff20999df2af8eb42d56 -> 
  custom:scripting/precompiled-assembly-types:Assembly-CSharp: 09e6c7321cd174870f161f4d818399ba -> d90a53488b710fe2119d50a08035b300
  custom:scripting/monoscript/fileName/VignetteModel.cs:  -> ab6733272f937ac0155aab47b4a8e58e
  custom:scripting/monoscript/fileName/EyeAdaptationModel.cs:  -> 5bcc92c7d981d480ed07d6af7dd1a959
  custom:scripting/monoscript/fileName/ExampleWheelController.cs:  -> 9600d370c57ff0da5766666ba4365a29
  custom:scripting/monoscript/fileName/GetSetAttribute.cs:  -> b786c1938e0c0f5ecaf463807c2d7653
  custom:scripting/monoscript/fileName/PostProcessingContext.cs:  -> be8a0bc1565c6324b1fd40a33f66279b
  custom:scripting/monoscript/fileName/EyeAdaptationComponent.cs:  -> 0cb2aaf8cdc20c0baee2205168cbc73c
  custom:scripting/monoscript/fileName/FxaaComponent.cs:  -> 9d1fd3efb92e1fef6fd176ee45003f08
  custom:scripting/monoscript/fileName/DitheringModel.cs:  -> fa99c50231ddc7ca26b5d6c9a68b4b31
  custom:scripting/monoscript/fileName/TrackballAttribute.cs:  -> f1962deba67196a6cd6b7953be1caf36
  custom:scripting/monoscript/fileName/PostProcessingProfile.cs:  -> e94a21971fab43a541218a4f91e0403c
  custom:scripting/monoscript/fileName/BuiltinDebugViewsModel.cs:  -> 4a09809f2c0ed6cca27229b06ce1d289
  custom:scripting/monoscript/fileName/RenderTextureFactory.cs:  -> b11bc916a1a88ed67d986ee69a536511
  custom:scripting/monoscript/fileName/CharController_Motor.cs:  -> 95ad6a9e9f41b77ac8821bbc7a22986e
  custom:scripting/monoscript/fileName/DepthOfFieldModel.cs:  -> ab243c09a4b44fd7a53f73051db01cbc
  custom:scripting/monoscript/fileName/FPSDisplay.cs:  -> 4de2b1268e0d108618b876b31a439b05
  custom:scripting/monoscript/fileName/ColorGradingModel.cs:  -> d1c2ef15f5e9e4868052777d51361b40
  custom:scripting/monoscript/fileName/ScreenSpaceReflectionModel.cs:  -> 507d9c80d381478e1c14f5bfe34012ae
  custom:scripting/monoscript/fileName/TrackballGroupAttribute.cs:  -> 6d071733b141a3fb3360b110560ed1cc
  custom:scripting/monoscript/fileName/BloomComponent.cs:  -> 755f611bb4d32a54d162192a9fc6dd86
  custom:scripting/monoscript/fileName/MotionBlurComponent.cs:  -> 6cf5a99eefa473d803af3e64f841a0a6
  custom:scripting/monoscript/fileName/WaterFloat.cs:  -> 7ac8cb1106d215ea46d43dade9dd92c7
  custom:scripting/monoscript/fileName/BuiltinDebugViewsComponent.cs:  -> 1b8215a7f6eae55c3fc6a97379498db3
  custom:scripting/monoscript/fileName/AmbientOcclusionModel.cs:  -> ac26bcd19cab8c88e9b65cb75ee1c356
  custom:scripting/monoscript/fileName/DisableRenderer.cs:  -> 9cd9383a8381a51854f8fab592706848
  custom:scripting/monoscript/fileName/AmbientOcclusionComponent.cs:  -> ae5a7089fb97a5a97a8f11138ce7c9d2
  custom:scripting/monoscript/fileName/GraphicsUtils.cs:  -> f7df21c2acb52bb931f99c0a424b6be0
  custom:scripting/monoscript/fileName/DepthOfFieldComponent.cs:  -> b0afd8f8844e3e4017df6130c14d0dfc
  custom:scripting/monoscript/fileName/ColorGradingCurve.cs:  -> e1e989893ee31e7801923212f0468312
  custom:scripting/monoscript/fileName/AntialiasingModel.cs:  -> 325b0130eaada61513aeac7b8c97a9d7
  custom:scripting/monoscript/fileName/ChromaticAberrationModel.cs:  -> 3f166f1ecbc6f39ed2f6b10cbc5b4ba4
  custom:scripting/monoscript/fileName/TaaComponent.cs:  -> 7c343e97072a6712c3a2b01e75fdb7fa
  custom:scripting/monoscript/fileName/PostProcessingModel.cs:  -> 2f64caba6afa59bc78865f13b6f9065d
  custom:scripting/monoscript/fileName/ChromaticAberrationComponent.cs:  -> cda95994b71ba23d0c0f0fe0f241aab9
  custom:scripting/monoscript/fileName/ScreenSpaceReflectionComponent.cs:  -> 79ad7ef64576d014e73a91b6c3af0688
  custom:scripting/monoscript/fileName/MotionBlurModel.cs:  -> 4e24ef1d444a45a9e0056ed75c7c7eb7
  custom:scripting/monoscript/fileName/PostProcessingComponent.cs:  -> 85236d6b86a55b2f46a14367ab625049
  custom:scripting/monoscript/fileName/MaterialFactory.cs:  -> 39b00f1518fc675c62e508eb4bdec486
  custom:scripting/monoscript/fileName/ColorGradingComponent.cs:  -> fc28099e3cee649b1f5925a07b57ea96
  custom:scripting/monoscript/fileName/UserLutModel.cs:  -> ce559ad59b29fc066f37249281afd441
  custom:scripting/monoscript/fileName/MinAttribute.cs:  -> 941c73502025168e3301edfeaed1b25e
  custom:scripting/monoscript/fileName/GrainComponent.cs:  -> fae958f48caa0fab6bcf7f9c48b915e1
  custom:scripting/monoscript/fileName/FogComponent.cs:  -> 2dfe6d4c859eabd11b82ff8fc7d7ad22
  custom:scripting/monoscript/fileName/VignetteComponent.cs:  -> 293deb083808f71d2d18d818ef588272
  custom:scripting/monoscript/fileName/FogModel.cs:  -> c4cd4da1fb97c7abf787083602f52bf5
  custom:scripting/monoscript/fileName/DitheringComponent.cs:  -> 83d905897534466960141b85361bb6b4
  custom:scripting/monoscript/fileName/UserLutComponent.cs:  -> 944143ce5f543a40c92ecea777f35ae4
  custom:scripting/monoscript/fileName/PostProcessingBehaviour.cs:  -> b0fbf7f67aeee9a6f7db03386dbc8c1e
  custom:scripting/monoscript/fileName/BloomModel.cs:  -> b4ba3e478c2698eb99512ead9d78d360
  custom:scripting/monoscript/fileName/GrainModel.cs:  -> ce4589c9bbcb55f8f632b6617dc5d1f0
========================================================================
Received Import Request.
  Time since last request: 61534.104477 seconds.
  path: Assets/Flooded_Grounds/Content/Textures/ATM_Leaf1_AS.tif
  artifactKey: Guid(613c9ad9dfc6b484697801f5268522ff) Importer(815301076,1909f56bfc062723c751e8b465ee728b)
Start importing Assets/Flooded_Grounds/Content/Textures/ATM_Leaf1_AS.tif using Guid(613c9ad9dfc6b484697801f5268522ff) Importer(815301076,1909f56bfc062723c751e8b465ee728b)  -> (artifact id: '887731e8fac44637569644025f47c653') in 0.011494 seconds
Number of updated asset objects reloaded before import = 0
Number of asset objects unloaded after import = 1
========================================================================
Received Import Request.
  Time since last request: 6.293960 seconds.
  path: Assets/Flooded_Grounds/Content/Textures/PROP_Ship1_A.tif
  artifactKey: Guid(0db1ce58e489f9f4a8e35eec13e03bd3) Importer(815301076,1909f56bfc062723c751e8b465ee728b)
Start importing Assets/Flooded_Grounds/Content/Textures/PROP_Ship1_A.tif using Guid(0db1ce58e489f9f4a8e35eec13e03bd3) Importer(815301076,1909f56bfc062723c751e8b465ee728b)  -> (artifact id: '35add3c465178289cf35ddb6490ea6e5') in 0.012126 seconds
Number of updated asset objects reloaded before import = 0
Number of asset objects unloaded after import = 1
========================================================================
Received Import Request.
  Time since last request: 10.476762 seconds.
  path: Assets/Flooded_Grounds/Content/Textures/BLD_Bridge1_A.tif
  artifactKey: Guid(098fa56b6e8c3344cbce9e8a884c490b) Importer(815301076,1909f56bfc062723c751e8b465ee728b)
Start importing Assets/Flooded_Grounds/Content/Textures/BLD_Bridge1_A.tif using Guid(098fa56b6e8c3344cbce9e8a884c490b) Importer(815301076,1909f56bfc062723c751e8b465ee728b)  -> (artifact id: 'e82befc5c6a284ff7f66babaa5d38f41') in 0.006517 seconds
Number of updated asset objects reloaded before import = 0
Number of asset objects unloaded after import = 1
========================================================================
Received Import Request.
  Time since last request: 15.020954 seconds.
  path: Assets/Flooded_Grounds/Content/Textures
  artifactKey: Guid(f65e913b798083a4a8e3e24e0ec815ce) Importer(815301076,1909f56bfc062723c751e8b465ee728b)
Start importing Assets/Flooded_Grounds/Content/Textures using Guid(f65e913b798083a4a8e3e24e0ec815ce) Importer(815301076,1909f56bfc062723c751e8b465ee728b)  -> (artifact id: 'ebba68e74109ee2f76b336e9b4c9581d') in 0.000404 seconds
Number of updated asset objects reloaded before import = 0
Number of asset objects unloaded after import = 0
========================================================================
Received Import Request.
  Time since last request: 0.035895 seconds.
  path: Assets/Flooded_Grounds/Content/Textures/ATM_DustPartice1_AS.tif
  artifactKey: Guid(4ef6a6bc343d82749b9a5b849f8db1a3) Importer(815301076,1909f56bfc062723c751e8b465ee728b)
Start importing Assets/Flooded_Grounds/Content/Textures/ATM_DustPartice1_AS.tif using Guid(4ef6a6bc343d82749b9a5b849f8db1a3) Importer(815301076,1909f56bfc062723c751e8b465ee728b)  -> (artifact id: '36bc2827c5d0bbd5f4b52f090af0cba7') in 0.001003 seconds
Number of updated asset objects reloaded before import = 0
Number of asset objects unloaded after import = 1
========================================================================
Received Import Request.
  Time since last request: 0.000011 seconds.
  path: Assets/Flooded_Grounds/Content/Textures/BGR_Ocean_N.tif
  artifactKey: Guid(74423cbef99ad234e9191594e6c27a06) Importer(815301076,1909f56bfc062723c751e8b465ee728b)
Start importing Assets/Flooded_Grounds/Content/Textures/BGR_Ocean_N.tif using Guid(74423cbef99ad234e9191594e6c27a06) Importer(815301076,1909f56bfc062723c751e8b465ee728b)  -> (artifact id: '78ae545b8c9f94e674c9e70f63bc63c8') in 0.002448 seconds
Number of updated asset objects reloaded before import = 0
Number of asset objects unloaded after import = 1
========================================================================
Received Import Request.
  Time since last request: 0.000011 seconds.
  path: Assets/Flooded_Grounds/Content/Textures/BLD_BrickHouse1_AO.tif
  artifactKey: Guid(c77c5dd6079ae7749baa9f1611b6e412) Importer(815301076,1909f56bfc062723c751e8b465ee728b)
Start importing Assets/Flooded_Grounds/Content/Textures/BLD_BrickHouse1_AO.tif using Guid(c77c5dd6079ae7749baa9f1611b6e412) Importer(815301076,1909f56bfc062723c751e8b465ee728b)  -> (artifact id: '53088103b310832ffe6c6a0f9c803f26') in 0.001362 seconds
Number of updated asset objects reloaded before import = 0
Number of asset objects unloaded after import = 1
========================================================================
Received Import Request.
  Time since last request: 0.000563 seconds.
  path: Assets/Flooded_Grounds/Content/Textures/BLD_Cabins1_A.tif
  artifactKey: Guid(862297ff71c7f3e479996c3c8f21b942) Importer(815301076,1909f56bfc062723c751e8b465ee728b)
Start importing Assets/Flooded_Grounds/Content/Textures/BLD_Cabins1_A.tif using Guid(862297ff71c7f3e479996c3c8f21b942) Importer(815301076,1909f56bfc062723c751e8b465ee728b)  -> (artifact id: '07c06ce97356a7cc85d3bf8db868d3e2') in 0.004978 seconds
Number of updated asset objects reloaded before import = 0
Number of asset objects unloaded after import = 1
========================================================================
Received Import Request.
  Time since last request: 0.012143 seconds.
  path: Assets/Flooded_Grounds/Content/Textures/BLD_Cabins1_AO.tif
  artifactKey: Guid(ca00df4281acdd843a50d3e3456368fa) Importer(815301076,1909f56bfc062723c751e8b465ee728b)
Start importing Assets/Flooded_Grounds/Content/Textures/BLD_Cabins1_AO.tif using Guid(ca00df4281acdd843a50d3e3456368fa) Importer(815301076,1909f56bfc062723c751e8b465ee728b)  -> (artifact id: '49b4ce609eb2e9cec457732cad95daf2') in 0.000889 seconds
Number of updated asset objects reloaded before import = 0
Number of asset objects unloaded after import = 1
========================================================================
Received Import Request.
  Time since last request: 0.008361 seconds.
  path: Assets/Flooded_Grounds/Content/Textures/BLD_Cabins1_MS.tif
  artifactKey: Guid(dfd14658241371f48956461682c52cca) Importer(815301076,1909f56bfc062723c751e8b465ee728b)
Start importing Assets/Flooded_Grounds/Content/Textures/BLD_Cabins1_MS.tif using Guid(dfd14658241371f48956461682c52cca) Importer(815301076,1909f56bfc062723c751e8b465ee728b)  -> (artifact id: 'eb26657fe18a136441108fa124a17de4') in 0.001943 seconds
Number of updated asset objects reloaded before import = 0
Number of asset objects unloaded after import = 1
========================================================================
Received Import Request.
  Time since last request: 0.000010 seconds.
  path: Assets/Flooded_Grounds/Content/Textures/BLD_Doors1_A.tif
  artifactKey: Guid(966cf6398289d054592e01c08d5880f7) Importer(815301076,1909f56bfc062723c751e8b465ee728b)
Start importing Assets/Flooded_Grounds/Content/Textures/BLD_Doors1_A.tif using Guid(966cf6398289d054592e01c08d5880f7) Importer(815301076,1909f56bfc062723c751e8b465ee728b)  -> (artifact id: 'f4e751b3f82865b13623f0858860b1c2') in 0.005789 seconds
Number of updated asset objects reloaded before import = 0
Number of asset objects unloaded after import = 1
========================================================================
Received Import Request.
  Time since last request: 0.000017 seconds.
  path: Assets/Flooded_Grounds/Content/Textures/BLD_IndBuilding1_A.tif
  artifactKey: Guid(a6d89f2e60e5a1a42997166681410908) Importer(815301076,1909f56bfc062723c751e8b465ee728b)
Start importing Assets/Flooded_Grounds/Content/Textures/BLD_IndBuilding1_A.tif using Guid(a6d89f2e60e5a1a42997166681410908) Importer(815301076,1909f56bfc062723c751e8b465ee728b)  -> (artifact id: '79e5df01115872aa976ddcd769905b18') in 0.005809 seconds
Number of updated asset objects reloaded before import = 0
Number of asset objects unloaded after import = 1
========================================================================
Received Import Request.
  Time since last request: 0.000016 seconds.
  path: Assets/Flooded_Grounds/Content/Textures/BLD_Structures1_AO.tif
  artifactKey: Guid(9e78671d65c17ba4bb48fccc1aef0370) Importer(815301076,1909f56bfc062723c751e8b465ee728b)
Start importing Assets/Flooded_Grounds/Content/Textures/BLD_Structures1_AO.tif using Guid(9e78671d65c17ba4bb48fccc1aef0370) Importer(815301076,1909f56bfc062723c751e8b465ee728b)  -> (artifact id: '22806f11aab9070df57ab36d74a2454e') in 0.000931 seconds
Number of updated asset objects reloaded before import = 0
Number of asset objects unloaded after import = 1
========================================================================
Received Import Request.
  Time since last request: 0.000011 seconds.
  path: Assets/Flooded_Grounds/Content/Textures/BLD_Rubble1_A.tif
  artifactKey: Guid(6626f7396393484488cdc76763fb7382) Importer(815301076,1909f56bfc062723c751e8b465ee728b)
Start importing Assets/Flooded_Grounds/Content/Textures/BLD_Rubble1_A.tif using Guid(6626f7396393484488cdc76763fb7382) Importer(815301076,1909f56bfc062723c751e8b465ee728b)  -> (artifact id: 'db067a15438d5e4784894a27c7962b64') in 0.002034 seconds
Number of updated asset objects reloaded before import = 0
Number of asset objects unloaded after import = 1
========================================================================
Received Import Request.
  Time since last request: 0.000010 seconds.
  path: Assets/Flooded_Grounds/Content/Textures/BLD_Church1_N.tif
  artifactKey: Guid(3593e017fe71de94e9ad18791038fd6d) Importer(815301076,1909f56bfc062723c751e8b465ee728b)
Start importing Assets/Flooded_Grounds/Content/Textures/BLD_Church1_N.tif using Guid(3593e017fe71de94e9ad18791038fd6d) Importer(815301076,1909f56bfc062723c751e8b465ee728b)  -> (artifact id: '22d1bd27c77bf81abbe4d32fe15bf4c3') in 0.024950 seconds
Number of updated asset objects reloaded before import = 0
Number of asset objects unloaded after import = 1
========================================================================
Received Import Request.
  Time since last request: 0.004186 seconds.
  path: Assets/Flooded_Grounds/Content/Textures/BLD_Structures2_N.tif
  artifactKey: Guid(d51e916c844b644469451ac4a8daf24e) Importer(815301076,1909f56bfc062723c751e8b465ee728b)
Start importing Assets/Flooded_Grounds/Content/Textures/BLD_Structures2_N.tif using Guid(d51e916c844b644469451ac4a8daf24e) Importer(815301076,1909f56bfc062723c751e8b465ee728b)  -> (artifact id: '50e3ed91cafde4790a546ba9f3571327') in 0.013520 seconds
Number of updated asset objects reloaded before import = 0
Number of asset objects unloaded after import = 1
========================================================================
Received Import Request.
  Time since last request: 0.042349 seconds.
  path: Assets/Flooded_Grounds/Content/Textures/BLD_Villa1_A.tif
  artifactKey: Guid(556d3cdc57e19ff4182da5b6b8060d3d) Importer(815301076,1909f56bfc062723c751e8b465ee728b)
Start importing Assets/Flooded_Grounds/Content/Textures/BLD_Villa1_A.tif using Guid(556d3cdc57e19ff4182da5b6b8060d3d) Importer(815301076,1909f56bfc062723c751e8b465ee728b)  -> (artifact id: '40d449bf453f9a55fe90cbd27213af64') in 0.003292 seconds
Number of updated asset objects reloaded before import = 0
Number of asset objects unloaded after import = 1
========================================================================
Received Import Request.
  Time since last request: 0.001198 seconds.
  path: Assets/Flooded_Grounds/Content/Textures/BLD_Villa1_AO.tif
  artifactKey: Guid(ba402f1b7239e624694502c95edce603) Importer(815301076,1909f56bfc062723c751e8b465ee728b)
Start importing Assets/Flooded_Grounds/Content/Textures/BLD_Villa1_AO.tif using Guid(ba402f1b7239e624694502c95edce603) Importer(815301076,1909f56bfc062723c751e8b465ee728b)  -> (artifact id: '756571a1be9a7801c853a9ec353ad8e2') in 0.000878 seconds
Number of updated asset objects reloaded before import = 0
Number of asset objects unloaded after import = 1
========================================================================
Received Import Request.
  Time since last request: 0.000014 seconds.
  path: Assets/Flooded_Grounds/Content/Textures/DET_Concrete1_A.tif
  artifactKey: Guid(c862d600284db8342b7687e0e97de574) Importer(815301076,1909f56bfc062723c751e8b465ee728b)
Start importing Assets/Flooded_Grounds/Content/Textures/DET_Concrete1_A.tif using Guid(c862d600284db8342b7687e0e97de574) Importer(815301076,1909f56bfc062723c751e8b465ee728b)  -> (artifact id: '881ad801987d25c96eaab6fd1ad8a507') in 0.001244 seconds
Number of updated asset objects reloaded before import = 0
Number of asset objects unloaded after import = 1
========================================================================
Received Import Request.
  Time since last request: 0.000010 seconds.
  path: Assets/Flooded_Grounds/Content/Textures/BLD_WindowGlass1_A.tif
  artifactKey: Guid(ec04c678fb72c1b4fb5f0cc7ae4cc117) Importer(815301076,1909f56bfc062723c751e8b465ee728b)
Start importing Assets/Flooded_Grounds/Content/Textures/BLD_WindowGlass1_A.tif using Guid(ec04c678fb72c1b4fb5f0cc7ae4cc117) Importer(815301076,1909f56bfc062723c751e8b465ee728b)  -> (artifact id: '1f1d7fdf6e3129310ad358961fe7ed33') in 0.001992 seconds
Number of updated asset objects reloaded before import = 0
Number of asset objects unloaded after import = 1
========================================================================
Received Import Request.
  Time since last request: 0.000012 seconds.
  path: Assets/Flooded_Grounds/Content/Textures/DET_Rust1_AS.tif
  artifactKey: Guid(1691a7bf317a173418aeb5e3a1f8f1f0) Importer(815301076,1909f56bfc062723c751e8b465ee728b)
Start importing Assets/Flooded_Grounds/Content/Textures/DET_Rust1_AS.tif using Guid(1691a7bf317a173418aeb5e3a1f8f1f0) Importer(815301076,1909f56bfc062723c751e8b465ee728b)  -> (artifact id: '1c812131071ace4db08ad4aecd8e5d3d') in 0.001264 seconds
Number of updated asset objects reloaded before import = 0
Number of asset objects unloaded after import = 1
========================================================================
Received Import Request.
  Time since last request: 0.000012 seconds.
  path: Assets/Flooded_Grounds/Content/Textures/BLD_WindowGlass1_N.tif
  artifactKey: Guid(eb799aa129deb9c4ca94540c1352657c) Importer(815301076,1909f56bfc062723c751e8b465ee728b)
Start importing Assets/Flooded_Grounds/Content/Textures/BLD_WindowGlass1_N.tif using Guid(eb799aa129deb9c4ca94540c1352657c) Importer(815301076,1909f56bfc062723c751e8b465ee728b)  -> (artifact id: '73bce97f87624058742ebcb55f1dc552') in 0.000791 seconds
Number of updated asset objects reloaded before import = 0
Number of asset objects unloaded after import = 1
========================================================================
Received Import Request.
  Time since last request: 0.005704 seconds.
  path: Assets/Flooded_Grounds/Content/Textures/DET_Rust1_N.tif
  artifactKey: Guid(e1302a654ba0d9c49b645d40bedd313d) Importer(815301076,1909f56bfc062723c751e8b465ee728b)
Start importing Assets/Flooded_Grounds/Content/Textures/DET_Rust1_N.tif using Guid(e1302a654ba0d9c49b645d40bedd313d) Importer(815301076,1909f56bfc062723c751e8b465ee728b)  -> (artifact id: '42593ca6e9327d34ebfa311c497a915a') in 0.000782 seconds
Number of updated asset objects reloaded before import = 0
Number of asset objects unloaded after import = 1
========================================================================
Received Import Request.
  Time since last request: 0.029356 seconds.
  path: Assets/Flooded_Grounds/Content/Textures/DET_Wood1_N.tif
  artifactKey: Guid(71125a98538a1fc47baccad99640157e) Importer(815301076,1909f56bfc062723c751e8b465ee728b)
Start importing Assets/Flooded_Grounds/Content/Textures/DET_Wood1_N.tif using Guid(71125a98538a1fc47baccad99640157e) Importer(815301076,1909f56bfc062723c751e8b465ee728b)  -> (artifact id: 'be057a242a66dafc3425e0377fb8fe47') in 0.000708 seconds
Number of updated asset objects reloaded before import = 0
Number of asset objects unloaded after import = 1
========================================================================
Received Import Request.
  Time since last request: 0.000015 seconds.
  path: Assets/Flooded_Grounds/Content/Textures/GR_Dirt1_N.tif
  artifactKey: Guid(504c6e0b6a68a1141aeb5b2328db2a42) Importer(815301076,1909f56bfc062723c751e8b465ee728b)
Start importing Assets/Flooded_Grounds/Content/Textures/GR_Dirt1_N.tif using Guid(504c6e0b6a68a1141aeb5b2328db2a42) Importer(815301076,1909f56bfc062723c751e8b465ee728b)  -> (artifact id: '12a28115ce5306c2d13f849d695eb2e7') in 0.002166 seconds
Number of updated asset objects reloaded before import = 0
Number of asset objects unloaded after import = 1
========================================================================
Received Import Request.
  Time since last request: 0.000009 seconds.
  path: Assets/Flooded_Grounds/Content/Textures/NAT_Rocks1_AO.tif
  artifactKey: Guid(9122d63617accac4cb8caf6e99dfc67f) Importer(815301076,1909f56bfc062723c751e8b465ee728b)
Start importing Assets/Flooded_Grounds/Content/Textures/NAT_Rocks1_AO.tif using Guid(9122d63617accac4cb8caf6e99dfc67f) Importer(815301076,1909f56bfc062723c751e8b465ee728b)  -> (artifact id: '676d2f446296769e6299531cd4018a1e') in 0.000699 seconds
Number of updated asset objects reloaded before import = 0
Number of asset objects unloaded after import = 1
========================================================================
Received Import Request.
  Time since last request: 0.000009 seconds.
  path: Assets/Flooded_Grounds/Content/Textures/NAT_Rocks1_A.tif
  artifactKey: Guid(d7e7d2f467c11f145b19071766826717) Importer(815301076,1909f56bfc062723c751e8b465ee728b)
Start importing Assets/Flooded_Grounds/Content/Textures/NAT_Rocks1_A.tif using Guid(d7e7d2f467c11f145b19071766826717) Importer(815301076,1909f56bfc062723c751e8b465ee728b)  -> (artifact id: '90107cd03b8e74830981c07c4d835253') in 0.001245 seconds
Number of updated asset objects reloaded before import = 0
Number of asset objects unloaded after import = 1
========================================================================
Received Import Request.
  Time since last request: 0.000010 seconds.
  path: Assets/Flooded_Grounds/Content/Textures/NAT_Rocks1_MS.tif
  artifactKey: Guid(9f6e42bf925bc1844a4f48c5459b9ab5) Importer(815301076,1909f56bfc062723c751e8b465ee728b)
Start importing Assets/Flooded_Grounds/Content/Textures/NAT_Rocks1_MS.tif using Guid(9f6e42bf925bc1844a4f48c5459b9ab5) Importer(815301076,1909f56bfc062723c751e8b465ee728b)  -> (artifact id: 'd6bcf0792370d5214c9b359f0d5886ef') in 0.001479 seconds
Number of updated asset objects reloaded before import = 0
Number of asset objects unloaded after import = 1
========================================================================
Received Import Request.
  Time since last request: 0.000010 seconds.
  path: Assets/Flooded_Grounds/Content/Textures/MISC_Grid.tif
  artifactKey: Guid(c49f6b57ebaac5847ba14f1e511415e1) Importer(815301076,1909f56bfc062723c751e8b465ee728b)
Start importing Assets/Flooded_Grounds/Content/Textures/MISC_Grid.tif using Guid(c49f6b57ebaac5847ba14f1e511415e1) Importer(815301076,1909f56bfc062723c751e8b465ee728b)  -> (artifact id: 'c5f4d6f7542d6110f82d77c6e11c29c0') in 0.000801 seconds
Number of updated asset objects reloaded before import = 0
Number of asset objects unloaded after import = 1
========================================================================
Received Import Request.
  Time since last request: 29.415529 seconds.
  path: Assets/Flooded_Grounds/Content/Textures/PROP_Beds1_A.tif
  artifactKey: Guid(742a3801ef4e3704f999d7d2b2c55cfb) Importer(815301076,1909f56bfc062723c751e8b465ee728b)
Start importing Assets/Flooded_Grounds/Content/Textures/PROP_Beds1_A.tif using Guid(742a3801ef4e3704f999d7d2b2c55cfb) Importer(815301076,1909f56bfc062723c751e8b465ee728b)  -> (artifact id: '7ab58ff99ed0b87a3b72527e609e28a0') in 0.001844 seconds
Number of updated asset objects reloaded before import = 0
Number of asset objects unloaded after import = 1
========================================================================
Received Import Request.
  Time since last request: 0.000024 seconds.
  path: Assets/Flooded_Grounds/Content/Textures/PROP_Car1_N.tif
  artifactKey: Guid(6fa141c84c783e443b399bacfc4bee1c) Importer(815301076,1909f56bfc062723c751e8b465ee728b)
Start importing Assets/Flooded_Grounds/Content/Textures/PROP_Car1_N.tif using Guid(6fa141c84c783e443b399bacfc4bee1c) Importer(815301076,1909f56bfc062723c751e8b465ee728b)  -> (artifact id: '9b442df0e3ac8627195ec14dd1bbe0ec') in 0.014608 seconds
Number of updated asset objects reloaded before import = 0
Number of asset objects unloaded after import = 1
========================================================================
Received Import Request.
  Time since last request: 0.000012 seconds.
  path: Assets/Flooded_Grounds/Content/Textures/PROP_Cabinets1_MS.tif
  artifactKey: Guid(d0317a7dbc9e55d4fba37ce367563793) Importer(815301076,1909f56bfc062723c751e8b465ee728b)
Start importing Assets/Flooded_Grounds/Content/Textures/PROP_Cabinets1_MS.tif using Guid(d0317a7dbc9e55d4fba37ce367563793) Importer(815301076,1909f56bfc062723c751e8b465ee728b)  -> (artifact id: '90fd9ee039eb7ca45f4ae918b2f94405') in 0.001175 seconds
Number of updated asset objects reloaded before import = 0
Number of asset objects unloaded after import = 1
========================================================================
Received Import Request.
  Time since last request: 3.147795 seconds.
  path: Assets/Flooded_Grounds/Scenes/Postprocess_FloodedGrounds.asset
  artifactKey: Guid(29ac70c6bc481c64fb76807cbc16dc82) Importer(815301076,1909f56bfc062723c751e8b465ee728b)
Start importing Assets/Flooded_Grounds/Scenes/Postprocess_FloodedGrounds.asset using Guid(29ac70c6bc481c64fb76807cbc16dc82) Importer(815301076,1909f56bfc062723c751e8b465ee728b)  -> (artifact id: 'd2b34addfbab759ee5cb01cce510acfb') in 0.001032 seconds
Number of updated asset objects reloaded before import = 0
Number of asset objects unloaded after import = 1
========================================================================
Received Import Request.
  Time since last request: 15.287457 seconds.
  path: Assets/Flooded_Grounds/Scenes/Scene_A.unity
  artifactKey: Guid(c0d944ca9defd20449bc336e50d75a08) Importer(815301076,1909f56bfc062723c751e8b465ee728b)
Start importing Assets/Flooded_Grounds/Scenes/Scene_A.unity using Guid(c0d944ca9defd20449bc336e50d75a08) Importer(815301076,1909f56bfc062723c751e8b465ee728b)  -> (artifact id: 'd1707fb4922e1813498c1305edd7f7f2') in 0.000383 seconds
Number of updated asset objects reloaded before import = 0
Number of asset objects unloaded after import = 0
========================================================================
Received Import Request.
  Time since last request: 6.908972 seconds.
  path: Assets/Flooded_Grounds/Scenes/Postprocess_FloodedGrounds.asset
  artifactKey: Guid(29ac70c6bc481c64fb76807cbc16dc82) Importer(815301076,1909f56bfc062723c751e8b465ee728b)
Start importing Assets/Flooded_Grounds/Scenes/Postprocess_FloodedGrounds.asset using Guid(29ac70c6bc481c64fb76807cbc16dc82) Importer(815301076,1909f56bfc062723c751e8b465ee728b)  -> (artifact id: '9f2bdf1ffd1235600b84790968af1be2') in 0.001045 seconds
Number of updated asset objects reloaded before import = 0
Number of asset objects unloaded after import = 1
========================================================================
Received Import Request.
  Time since last request: 6.098190 seconds.
  path: Assets/Flooded_Grounds/Scenes/Scene_A
  artifactKey: Guid(1ffc1a0556bf73d4ba1d34d2a930ff94) Importer(815301076,1909f56bfc062723c751e8b465ee728b)
Start importing Assets/Flooded_Grounds/Scenes/Scene_A using Guid(1ffc1a0556bf73d4ba1d34d2a930ff94) Importer(815301076,1909f56bfc062723c751e8b465ee728b)  -> (artifact id: 'ad862ccabae71325d7abeebf4c1a6b3c') in 0.000380 seconds
Number of updated asset objects reloaded before import = 0
Number of asset objects unloaded after import = 0
========================================================================
Received Import Request.
  Time since last request: 0.068372 seconds.
  path: Assets/Flooded_Grounds/Scenes/Scene_A/LightingData.asset
  artifactKey: Guid(b2096a5c2235a0a48a9af9a3a42f4b87) Importer(815301076,1909f56bfc062723c751e8b465ee728b)
Start importing Assets/Flooded_Grounds/Scenes/Scene_A/LightingData.asset using Guid(b2096a5c2235a0a48a9af9a3a42f4b87) Importer(815301076,1909f56bfc062723c751e8b465ee728b)  -> (artifact id: '270d6b16117dfadaabb0b74806726e06') in 0.000990 seconds
Number of updated asset objects reloaded before import = 0
Number of asset objects unloaded after import = 2
