Using pre-set license
Built from '2022.3/staging' branch; Version is '2022.3.7f1 (b16b3b16c7a0) revision 11627323'; Using compiler version '192829333'; Build Type 'Release'
OS: 'Windows 11  (10.0.22621) 64bit Professional' Language: 'pl' Physical Memory: 65420 MB
BatchMode: 1, IsHumanControllingUs: 0, StartBugReporterOnCrash: 0, Is64bit: 1, IsPro: 1

COMMAND LINE ARGUMENTS:
C:\Program Files\Unity\Hub\Editor\2022.3.7f1\Editor\Unity.exe
-adb2
-batchMode
-noUpm
-name
AssetImportWorker3
-projectPath
C:/Users/Student/Desktop/top-shoter-main
-logFile
Logs/AssetImportWorker3.log
-srvPort
52377
Successfully changed project path to: C:/Users/Student/Desktop/top-shoter-main
C:/Users/Student/Desktop/top-shoter-main
[UnityMemory] Configuration Parameters - Can be set up in boot.config
    "memorysetup-bucket-allocator-granularity=16"
    "memorysetup-bucket-allocator-bucket-count=8"
    "memorysetup-bucket-allocator-block-size=33554432"
    "memorysetup-bucket-allocator-block-count=8"
    "memorysetup-main-allocator-block-size=16777216"
    "memorysetup-thread-allocator-block-size=16777216"
    "memorysetup-gfx-main-allocator-block-size=16777216"
    "memorysetup-gfx-thread-allocator-block-size=16777216"
    "memorysetup-cache-allocator-block-size=4194304"
    "memorysetup-typetree-allocator-block-size=2097152"
    "memorysetup-profiler-bucket-allocator-granularity=16"
    "memorysetup-profiler-bucket-allocator-bucket-count=8"
    "memorysetup-profiler-bucket-allocator-block-size=33554432"
    "memorysetup-profiler-bucket-allocator-block-count=8"
    "memorysetup-profiler-allocator-block-size=16777216"
    "memorysetup-profiler-editor-allocator-block-size=1048576"
    "memorysetup-temp-allocator-size-main=16777216"
    "memorysetup-job-temp-allocator-block-size=2097152"
    "memorysetup-job-temp-allocator-block-size-background=1048576"
    "memorysetup-job-temp-allocator-reduction-small-platforms=262144"
    "memorysetup-allocator-temp-initial-block-size-main=262144"
    "memorysetup-allocator-temp-initial-block-size-worker=262144"
    "memorysetup-temp-allocator-size-background-worker=32768"
    "memorysetup-temp-allocator-size-job-worker=262144"
    "memorysetup-temp-allocator-size-preload-manager=33554432"
    "memorysetup-temp-allocator-size-nav-mesh-worker=65536"
    "memorysetup-temp-allocator-size-audio-worker=65536"
    "memorysetup-temp-allocator-size-cloud-worker=32768"
    "memorysetup-temp-allocator-size-gi-baking-worker=262144"
    "memorysetup-temp-allocator-size-gfx=262144"
Player connection [20868] Host "[IP] 10.171.170.75 [Port] 0 [Flags] 2 [Guid] 3840655935 [EditorId] 3840655935 [Version] 1048832 [Id] WindowsEditor(7,S55-107-27) [Debug] 1 [PackageName] WindowsEditor [ProjectName] Editor" joined multi-casting on [225.0.0.222:54997]...

Player connection [20868] Host "[IP] 10.171.170.75 [Port] 0 [Flags] 2 [Guid] 3840655935 [EditorId] 3840655935 [Version] 1048832 [Id] WindowsEditor(7,S55-107-27) [Debug] 1 [PackageName] WindowsEditor [ProjectName] Editor" joined alternative multi-casting on [225.0.0.222:34997]...

Refreshing native plugins compatible for Editor in 7.12 ms, found 3 plugins.
Preloading 0 native plugins for Editor in 0.00 ms.
Initialize engine version: 2022.3.7f1 (b16b3b16c7a0)
[Subsystems] Discovering subsystems at path C:/Program Files/Unity/Hub/Editor/2022.3.7f1/Editor/Data/Resources/UnitySubsystems
[Subsystems] Discovering subsystems at path C:/Users/Student/Desktop/top-shoter-main/Assets
GfxDevice: creating device client; threaded=0; jobified=0
Direct3D:
    Version:  Direct3D 11.0 [level 11.1]
    Renderer: NVIDIA GeForce RTX 3080 (ID=0x2216)
    Vendor:   NVIDIA
    VRAM:     10067 MB
    Driver:   31.0.15.3640
Initialize mono
Mono path[0] = 'C:/Program Files/Unity/Hub/Editor/2022.3.7f1/Editor/Data/Managed'
Mono path[1] = 'C:/Program Files/Unity/Hub/Editor/2022.3.7f1/Editor/Data/MonoBleedingEdge/lib/mono/unityjit-win32'
Mono config path = 'C:/Program Files/Unity/Hub/Editor/2022.3.7f1/Editor/Data/MonoBleedingEdge/etc'
Using monoOptions --debugger-agent=transport=dt_socket,embedding=1,server=y,suspend=n,address=127.0.0.1:56388
Begin MonoManager ReloadAssembly
Registering precompiled unity dll's ...
Register platform support module: C:/Program Files/Unity/Hub/Editor/2022.3.7f1/Editor/Data/PlaybackEngines/WebGLSupport/UnityEditor.WebGL.Extensions.dll
Register platform support module: C:/Program Files/Unity/Hub/Editor/2022.3.7f1/Editor/Data/PlaybackEngines/WindowsStandaloneSupport/UnityEditor.WindowsStandalone.Extensions.dll
Registered in 0.005798 seconds.
- Loaded All Assemblies, in  0.366 seconds
Native extension for WindowsStandalone target not found
Native extension for WebGL target not found
Mono: successfully reloaded assembly
- Finished resetting the current domain, in  0.171 seconds
Domain Reload Profiling: 536ms
	BeginReloadAssembly (145ms)
		ExecutionOrderSort (0ms)
		DisableScriptedObjects (0ms)
		BackupInstance (0ms)
		ReleaseScriptingObjects (0ms)
		CreateAndSetChildDomain (1ms)
	RebuildCommonClasses (33ms)
	RebuildNativeTypeToScriptingClass (8ms)
	initialDomainReloadingComplete (46ms)
	LoadAllAssembliesAndSetupDomain (133ms)
		LoadAssemblies (144ms)
		RebuildTransferFunctionScriptingTraits (0ms)
		AnalyzeDomain (131ms)
			TypeCache.Refresh (130ms)
				TypeCache.ScanAssembly (116ms)
			ScanForSourceGeneratedMonoScriptInfo (0ms)
			ResolveRequiredComponents (0ms)
	FinalizeReload (172ms)
		ReleaseScriptCaches (0ms)
		RebuildScriptCaches (0ms)
		SetupLoadedEditorAssemblies (132ms)
			LogAssemblyErrors (0ms)
			InitializePlatformSupportModulesInManaged (7ms)
			SetLoadedEditorAssemblies (3ms)
			RefreshPlugins (0ms)
			BeforeProcessingInitializeOnLoad (1ms)
			ProcessInitializeOnLoadAttributes (86ms)
			ProcessInitializeOnLoadMethodAttributes (34ms)
			AfterProcessingInitializeOnLoad (0ms)
			EditorAssembliesLoaded (0ms)
		ExecutionOrderSort2 (0ms)
		AwakeInstancesAfterBackupRestoration (0ms)
========================================================================
Worker process is ready to serve import requests
Begin MonoManager ReloadAssembly
Symbol file LoadedFromMemory doesn't match image C:\Users\Student\Desktop\top-shoter-main\Library\PackageCache\com.unity.visualscripting@1.8.0\Editor\VisualScripting.Core\Dependencies\YamlDotNet\Unity.VisualScripting.YamlDotNet.dll
Symbol file LoadedFromMemory doesn't match image C:\Users\Student\Desktop\top-shoter-main\Library\PackageCache\com.unity.visualscripting@1.8.0\Editor\VisualScripting.Core\Dependencies\DotNetZip\Unity.VisualScripting.IonicZip.dll
- Loaded All Assemblies, in  0.724 seconds
Refreshing native plugins compatible for Editor in 2.52 ms, found 3 plugins.
Native extension for WindowsStandalone target not found
Native extension for WebGL target not found
Mono: successfully reloaded assembly
- Finished resetting the current domain, in  0.429 seconds
Domain Reload Profiling: 1151ms
	BeginReloadAssembly (123ms)
		ExecutionOrderSort (0ms)
		DisableScriptedObjects (4ms)
		BackupInstance (0ms)
		ReleaseScriptingObjects (0ms)
		CreateAndSetChildDomain (19ms)
	RebuildCommonClasses (24ms)
	RebuildNativeTypeToScriptingClass (8ms)
	initialDomainReloadingComplete (30ms)
	LoadAllAssembliesAndSetupDomain (538ms)
		LoadAssemblies (407ms)
		RebuildTransferFunctionScriptingTraits (0ms)
		AnalyzeDomain (200ms)
			TypeCache.Refresh (170ms)
				TypeCache.ScanAssembly (154ms)
			ScanForSourceGeneratedMonoScriptInfo (21ms)
			ResolveRequiredComponents (8ms)
	FinalizeReload (429ms)
		ReleaseScriptCaches (0ms)
		RebuildScriptCaches (0ms)
		SetupLoadedEditorAssemblies (316ms)
			LogAssemblyErrors (0ms)
			InitializePlatformSupportModulesInManaged (5ms)
			SetLoadedEditorAssemblies (2ms)
			RefreshPlugins (0ms)
			BeforeProcessingInitializeOnLoad (51ms)
			ProcessInitializeOnLoadAttributes (202ms)
			ProcessInitializeOnLoadMethodAttributes (51ms)
			AfterProcessingInitializeOnLoad (4ms)
			EditorAssembliesLoaded (0ms)
		ExecutionOrderSort2 (0ms)
		AwakeInstancesAfterBackupRestoration (4ms)
Launched and connected shader compiler UnityShaderCompiler.exe after 0.05 seconds
Refreshing native plugins compatible for Editor in 5.60 ms, found 3 plugins.
Preloading 0 native plugins for Editor in 0.00 ms.
Unloading 5224 Unused Serialized files (Serialized files now loaded: 0)
Unloading 83 unused Assets / (1.0 MB). Loaded Objects now: 5686.
Memory consumption went from 219.0 MB to 218.0 MB.
Total: 6.677600 ms (FindLiveObjects: 0.814900 ms CreateObjectMapping: 0.381500 ms MarkObjects: 4.965800 ms  DeleteObjects: 0.514500 ms)

AssetImportParameters requested are different than current active one (requested -> active):
  custom:container-demuxer-ogg: 62fdf1f143b41e24485cea50d1cbac27 -> 
  custom:video-codec-MediaFoundation-h265: 746d11721c4dcdbdad8f713fa42b33f4 -> 
  custom:video-decoder-ogg-theora: a1e56fd34408186e4bbccfd4996cb3dc -> 
  custom:framework-win-MediaFoundation: 216162199b28c13a410421893ffa2e32 -> 
  custom:CustomObjectIndexerAttribute: a3ef5dd2817f97addfee359851a9dba5 -> 
  custom:container-demuxer-webm: 4f35f7cbe854078d1ac9338744f61a02 -> 
  custom:container-muxer-webm: aa71ff27fc2769a1b78a27578f13a17b -> 
  custom:video-decoder-webm-vp8: 9c59270c3fd7afecdb556c50c9e8de78 -> 
  custom:SearchIndexIgnoredProperties: e643bd26f0fe6173181afceb89e7c659 -> 
  custom:AudioImporter_EditorPlatform: d09bf68614088b80899f8185d706f6e7 -> 
  custom:video-encoder-webm-vp8: eb34c28f22e8b96e1ab97ce403110664 -> 
  custom:audio-decoder-ogg-vorbis: bf7c407c2cedff20999df2af8eb42d56 -> 
  custom:audio-encoder-webm-vorbis: bf7c407c2cedff20999df2af8eb42d56 -> 
  custom:scripting/precompiled-assembly-types:Assembly-CSharp: 09e6c7321cd174870f161f4d818399ba -> d90a53488b710fe2119d50a08035b300
  custom:scripting/monoscript/fileName/VignetteModel.cs:  -> ab6733272f937ac0155aab47b4a8e58e
  custom:scripting/monoscript/fileName/EyeAdaptationModel.cs:  -> 5bcc92c7d981d480ed07d6af7dd1a959
  custom:scripting/monoscript/fileName/ExampleWheelController.cs:  -> 9600d370c57ff0da5766666ba4365a29
  custom:scripting/monoscript/fileName/GetSetAttribute.cs:  -> b786c1938e0c0f5ecaf463807c2d7653
  custom:scripting/monoscript/fileName/PostProcessingContext.cs:  -> be8a0bc1565c6324b1fd40a33f66279b
  custom:scripting/monoscript/fileName/EyeAdaptationComponent.cs:  -> 0cb2aaf8cdc20c0baee2205168cbc73c
  custom:scripting/monoscript/fileName/FxaaComponent.cs:  -> 9d1fd3efb92e1fef6fd176ee45003f08
  custom:scripting/monoscript/fileName/DitheringModel.cs:  -> fa99c50231ddc7ca26b5d6c9a68b4b31
  custom:scripting/monoscript/fileName/TrackballAttribute.cs:  -> f1962deba67196a6cd6b7953be1caf36
  custom:scripting/monoscript/fileName/PostProcessingProfile.cs:  -> e94a21971fab43a541218a4f91e0403c
  custom:scripting/monoscript/fileName/BuiltinDebugViewsModel.cs:  -> 4a09809f2c0ed6cca27229b06ce1d289
  custom:scripting/monoscript/fileName/RenderTextureFactory.cs:  -> b11bc916a1a88ed67d986ee69a536511
  custom:scripting/monoscript/fileName/CharController_Motor.cs:  -> 95ad6a9e9f41b77ac8821bbc7a22986e
  custom:scripting/monoscript/fileName/DepthOfFieldModel.cs:  -> ab243c09a4b44fd7a53f73051db01cbc
  custom:scripting/monoscript/fileName/FPSDisplay.cs:  -> 4de2b1268e0d108618b876b31a439b05
  custom:scripting/monoscript/fileName/ColorGradingModel.cs:  -> d1c2ef15f5e9e4868052777d51361b40
  custom:scripting/monoscript/fileName/ScreenSpaceReflectionModel.cs:  -> 507d9c80d381478e1c14f5bfe34012ae
  custom:scripting/monoscript/fileName/TrackballGroupAttribute.cs:  -> 6d071733b141a3fb3360b110560ed1cc
  custom:scripting/monoscript/fileName/BloomComponent.cs:  -> 755f611bb4d32a54d162192a9fc6dd86
  custom:scripting/monoscript/fileName/MotionBlurComponent.cs:  -> 6cf5a99eefa473d803af3e64f841a0a6
  custom:scripting/monoscript/fileName/WaterFloat.cs:  -> 7ac8cb1106d215ea46d43dade9dd92c7
  custom:scripting/monoscript/fileName/BuiltinDebugViewsComponent.cs:  -> 1b8215a7f6eae55c3fc6a97379498db3
  custom:scripting/monoscript/fileName/AmbientOcclusionModel.cs:  -> ac26bcd19cab8c88e9b65cb75ee1c356
  custom:scripting/monoscript/fileName/DisableRenderer.cs:  -> 9cd9383a8381a51854f8fab592706848
  custom:scripting/monoscript/fileName/AmbientOcclusionComponent.cs:  -> ae5a7089fb97a5a97a8f11138ce7c9d2
  custom:scripting/monoscript/fileName/GraphicsUtils.cs:  -> f7df21c2acb52bb931f99c0a424b6be0
  custom:scripting/monoscript/fileName/DepthOfFieldComponent.cs:  -> b0afd8f8844e3e4017df6130c14d0dfc
  custom:scripting/monoscript/fileName/ColorGradingCurve.cs:  -> e1e989893ee31e7801923212f0468312
  custom:scripting/monoscript/fileName/AntialiasingModel.cs:  -> 325b0130eaada61513aeac7b8c97a9d7
  custom:scripting/monoscript/fileName/ChromaticAberrationModel.cs:  -> 3f166f1ecbc6f39ed2f6b10cbc5b4ba4
  custom:scripting/monoscript/fileName/TaaComponent.cs:  -> 7c343e97072a6712c3a2b01e75fdb7fa
  custom:scripting/monoscript/fileName/PostProcessingModel.cs:  -> 2f64caba6afa59bc78865f13b6f9065d
  custom:scripting/monoscript/fileName/ChromaticAberrationComponent.cs:  -> cda95994b71ba23d0c0f0fe0f241aab9
  custom:scripting/monoscript/fileName/ScreenSpaceReflectionComponent.cs:  -> 79ad7ef64576d014e73a91b6c3af0688
  custom:scripting/monoscript/fileName/MotionBlurModel.cs:  -> 4e24ef1d444a45a9e0056ed75c7c7eb7
  custom:scripting/monoscript/fileName/PostProcessingComponent.cs:  -> 85236d6b86a55b2f46a14367ab625049
  custom:scripting/monoscript/fileName/MaterialFactory.cs:  -> 39b00f1518fc675c62e508eb4bdec486
  custom:scripting/monoscript/fileName/ColorGradingComponent.cs:  -> fc28099e3cee649b1f5925a07b57ea96
  custom:scripting/monoscript/fileName/UserLutModel.cs:  -> ce559ad59b29fc066f37249281afd441
  custom:scripting/monoscript/fileName/MinAttribute.cs:  -> 941c73502025168e3301edfeaed1b25e
  custom:scripting/monoscript/fileName/GrainComponent.cs:  -> fae958f48caa0fab6bcf7f9c48b915e1
  custom:scripting/monoscript/fileName/FogComponent.cs:  -> 2dfe6d4c859eabd11b82ff8fc7d7ad22
  custom:scripting/monoscript/fileName/VignetteComponent.cs:  -> 293deb083808f71d2d18d818ef588272
  custom:scripting/monoscript/fileName/FogModel.cs:  -> c4cd4da1fb97c7abf787083602f52bf5
  custom:scripting/monoscript/fileName/DitheringComponent.cs:  -> 83d905897534466960141b85361bb6b4
  custom:scripting/monoscript/fileName/UserLutComponent.cs:  -> 944143ce5f543a40c92ecea777f35ae4
  custom:scripting/monoscript/fileName/PostProcessingBehaviour.cs:  -> b0fbf7f67aeee9a6f7db03386dbc8c1e
  custom:scripting/monoscript/fileName/BloomModel.cs:  -> b4ba3e478c2698eb99512ead9d78d360
  custom:scripting/monoscript/fileName/GrainModel.cs:  -> ce4589c9bbcb55f8f632b6617dc5d1f0
========================================================================
Received Import Request.
  Time since last request: 61540.418677 seconds.
  path: Assets/Flooded_Grounds/Content/Textures/PROP_Ship1_AO.tif
  artifactKey: Guid(6186d6ff878b9ee45b72aa1d6261ad43) Importer(815301076,1909f56bfc062723c751e8b465ee728b)
Start importing Assets/Flooded_Grounds/Content/Textures/PROP_Ship1_AO.tif using Guid(6186d6ff878b9ee45b72aa1d6261ad43) Importer(815301076,1909f56bfc062723c751e8b465ee728b)  -> (artifact id: '49f187884f5e016057ae7285e07fe366') in 0.013223 seconds
Number of updated asset objects reloaded before import = 0
Number of asset objects unloaded after import = 1
========================================================================
Received Import Request.
  Time since last request: 10.475700 seconds.
  path: Assets/Flooded_Grounds/Content/Textures/BLD_Bridge1_AO.tif
  artifactKey: Guid(371d5bd6e6ed4f4478110dfe1c66db56) Importer(815301076,1909f56bfc062723c751e8b465ee728b)
Start importing Assets/Flooded_Grounds/Content/Textures/BLD_Bridge1_AO.tif using Guid(371d5bd6e6ed4f4478110dfe1c66db56) Importer(815301076,1909f56bfc062723c751e8b465ee728b)  -> (artifact id: 'f6ac67fa532ec69634d8d3e9e231cdcc') in 0.002536 seconds
Number of updated asset objects reloaded before import = 0
Number of asset objects unloaded after import = 1
========================================================================
Received Import Request.
  Time since last request: 15.070161 seconds.
  path: Assets/Flooded_Grounds/Content/Textures/BGR_Ocean_H.tif
  artifactKey: Guid(80dccd4a38b2fe2449a29dbfb3c058fb) Importer(815301076,1909f56bfc062723c751e8b465ee728b)
Start importing Assets/Flooded_Grounds/Content/Textures/BGR_Ocean_H.tif using Guid(80dccd4a38b2fe2449a29dbfb3c058fb) Importer(815301076,1909f56bfc062723c751e8b465ee728b)  -> (artifact id: '94f7ec6750f4add462b05212df7585b7') in 0.000981 seconds
Number of updated asset objects reloaded before import = 0
Number of asset objects unloaded after import = 1
========================================================================
Received Import Request.
  Time since last request: 0.000010 seconds.
  path: Assets/Flooded_Grounds/Content/Textures/BLD_BrickHouse1_A.tif
  artifactKey: Guid(ff65229a7320f7248bd4885b5a3932b7) Importer(815301076,1909f56bfc062723c751e8b465ee728b)
Start importing Assets/Flooded_Grounds/Content/Textures/BLD_BrickHouse1_A.tif using Guid(ff65229a7320f7248bd4885b5a3932b7) Importer(815301076,1909f56bfc062723c751e8b465ee728b)  -> (artifact id: 'f538e4f097025b57d508991a3f4a8901') in 0.010183 seconds
Number of updated asset objects reloaded before import = 0
Number of asset objects unloaded after import = 1
========================================================================
Received Import Request.
  Time since last request: 0.038707 seconds.
  path: Assets/Flooded_Grounds/Content/Textures/BLD_Church1_AO.tif
  artifactKey: Guid(ae56e4ed2076beb43901de13ca96afd1) Importer(815301076,1909f56bfc062723c751e8b465ee728b)
Start importing Assets/Flooded_Grounds/Content/Textures/BLD_Church1_AO.tif using Guid(ae56e4ed2076beb43901de13ca96afd1) Importer(815301076,1909f56bfc062723c751e8b465ee728b)  -> (artifact id: 'f960a2123c28c2e5d8f35488b0981e2f') in 0.001165 seconds
Number of updated asset objects reloaded before import = 0
Number of asset objects unloaded after import = 1
========================================================================
Received Import Request.
  Time since last request: 0.000012 seconds.
  path: Assets/Flooded_Grounds/Content/Textures/BLD_IndBuilding1_N.tif
  artifactKey: Guid(7b3e37e57f656034b9058de7d72c851f) Importer(815301076,1909f56bfc062723c751e8b465ee728b)
Start importing Assets/Flooded_Grounds/Content/Textures/BLD_IndBuilding1_N.tif using Guid(7b3e37e57f656034b9058de7d72c851f) Importer(815301076,1909f56bfc062723c751e8b465ee728b)  -> (artifact id: '648c3f3ce791467597babcfcaa47df87') in 0.021934 seconds
Number of updated asset objects reloaded before import = 0
Number of asset objects unloaded after import = 1
========================================================================
Received Import Request.
  Time since last request: 0.000012 seconds.
  path: Assets/Flooded_Grounds/Content/Textures/BLD_Structures1_MS.tif
  artifactKey: Guid(ffebb5e12a0e7bc4f8538c69b1a21684) Importer(815301076,1909f56bfc062723c751e8b465ee728b)
Start importing Assets/Flooded_Grounds/Content/Textures/BLD_Structures1_MS.tif using Guid(ffebb5e12a0e7bc4f8538c69b1a21684) Importer(815301076,1909f56bfc062723c751e8b465ee728b)  -> (artifact id: '5085f810feeccd6a4bcd063ab10c5dd8') in 0.008051 seconds
Number of updated asset objects reloaded before import = 0
Number of asset objects unloaded after import = 1
========================================================================
Received Import Request.
  Time since last request: 0.000011 seconds.
  path: Assets/Flooded_Grounds/Content/Textures/BLD_Structures1_A.tif
  artifactKey: Guid(20827a6cec0daea4a8c8059f9cbf0b6a) Importer(815301076,1909f56bfc062723c751e8b465ee728b)
Start importing Assets/Flooded_Grounds/Content/Textures/BLD_Structures1_A.tif using Guid(20827a6cec0daea4a8c8059f9cbf0b6a) Importer(815301076,1909f56bfc062723c751e8b465ee728b)  -> (artifact id: '2332ed5169723f1ec26e23fe4e81ec5c') in 0.005604 seconds
Number of updated asset objects reloaded before import = 0
Number of asset objects unloaded after import = 1
========================================================================
Received Import Request.
  Time since last request: 0.000016 seconds.
  path: Assets/Flooded_Grounds/Content/Textures/BLD_Doors1_MS.tif
  artifactKey: Guid(d5cc8eaa1e44ec14d86470c81aa2e1a9) Importer(815301076,1909f56bfc062723c751e8b465ee728b)
Start importing Assets/Flooded_Grounds/Content/Textures/BLD_Doors1_MS.tif using Guid(d5cc8eaa1e44ec14d86470c81aa2e1a9) Importer(815301076,1909f56bfc062723c751e8b465ee728b)  -> (artifact id: 'cf7cb8ddb2473cc6f759131cc1a16371') in 0.002747 seconds
Number of updated asset objects reloaded before import = 0
Number of asset objects unloaded after import = 1
========================================================================
Received Import Request.
  Time since last request: 0.082020 seconds.
  path: Assets/Flooded_Grounds/Content/Textures/BLD_Villa2_A.tif
  artifactKey: Guid(64763b599f4ac8c438a7b286e41ad67e) Importer(815301076,1909f56bfc062723c751e8b465ee728b)
Start importing Assets/Flooded_Grounds/Content/Textures/BLD_Villa2_A.tif using Guid(64763b599f4ac8c438a7b286e41ad67e) Importer(815301076,1909f56bfc062723c751e8b465ee728b)  -> (artifact id: '70ebf8d9e2f69af3ae465296ff34e294') in 0.004243 seconds
Number of updated asset objects reloaded before import = 0
Number of asset objects unloaded after import = 1
========================================================================
Received Import Request.
  Time since last request: 0.000011 seconds.
  path: Assets/Flooded_Grounds/Content/Textures/BLD_Villa2_MS.tif
  artifactKey: Guid(5673fd1bd7b7edc42b6d0ab328eb8d4e) Importer(815301076,1909f56bfc062723c751e8b465ee728b)
Start importing Assets/Flooded_Grounds/Content/Textures/BLD_Villa2_MS.tif using Guid(5673fd1bd7b7edc42b6d0ab328eb8d4e) Importer(815301076,1909f56bfc062723c751e8b465ee728b)  -> (artifact id: '911ab1b0308e3b4791ce08d7a7a87e11') in 0.002747 seconds
Number of updated asset objects reloaded before import = 0
Number of asset objects unloaded after import = 1
========================================================================
Received Import Request.
  Time since last request: 0.000013 seconds.
  path: Assets/Flooded_Grounds/Content/Textures/BLD_WindowGlass1_MS.tif
  artifactKey: Guid(cda6643c125264d49beaa658d2048eac) Importer(815301076,1909f56bfc062723c751e8b465ee728b)
Start importing Assets/Flooded_Grounds/Content/Textures/BLD_WindowGlass1_MS.tif using Guid(cda6643c125264d49beaa658d2048eac) Importer(815301076,1909f56bfc062723c751e8b465ee728b)  -> (artifact id: 'e5db09f1d0abab029630b25fa621d174') in 0.001289 seconds
Number of updated asset objects reloaded before import = 0
Number of asset objects unloaded after import = 1
========================================================================
Received Import Request.
  Time since last request: 0.048059 seconds.
  path: Assets/Flooded_Grounds/Content/Textures/GR_Asphalt1_N.tif
  artifactKey: Guid(c11fbfccde3717848823659d1dc067bf) Importer(815301076,1909f56bfc062723c751e8b465ee728b)
Start importing Assets/Flooded_Grounds/Content/Textures/GR_Asphalt1_N.tif using Guid(c11fbfccde3717848823659d1dc067bf) Importer(815301076,1909f56bfc062723c751e8b465ee728b)  -> (artifact id: '59e7d62c85f3571edd8d365ba835fc0e') in 0.003347 seconds
Number of updated asset objects reloaded before import = 0
Number of asset objects unloaded after import = 1
========================================================================
Received Import Request.
  Time since last request: 0.000011 seconds.
  path: Assets/Flooded_Grounds/Content/Textures/MISC_Grid2.tif
  artifactKey: Guid(c2658d65b57586f42826ce7dd47cc77c) Importer(815301076,1909f56bfc062723c751e8b465ee728b)
Start importing Assets/Flooded_Grounds/Content/Textures/MISC_Grid2.tif using Guid(c2658d65b57586f42826ce7dd47cc77c) Importer(815301076,1909f56bfc062723c751e8b465ee728b)  -> (artifact id: '4e08dd0d8dda121c6e59b8acc1511365') in 0.000981 seconds
Number of updated asset objects reloaded before import = 0
Number of asset objects unloaded after import = 1
========================================================================
Received Import Request.
  Time since last request: 0.000012 seconds.
  path: Assets/Flooded_Grounds/Content/Textures/NAT_CobbleRocks1_N.tif
  artifactKey: Guid(2f7dc2afc597da7488b0eed1642754f8) Importer(815301076,1909f56bfc062723c751e8b465ee728b)
Start importing Assets/Flooded_Grounds/Content/Textures/NAT_CobbleRocks1_N.tif using Guid(2f7dc2afc597da7488b0eed1642754f8) Importer(815301076,1909f56bfc062723c751e8b465ee728b)  -> (artifact id: 'c408d89cdee6d1003502a0fa22d62417') in 0.002391 seconds
Number of updated asset objects reloaded before import = 0
Number of asset objects unloaded after import = 1
========================================================================
Received Import Request.
  Time since last request: 0.000009 seconds.
  path: Assets/Flooded_Grounds/Content/Textures/NAT_Hedge1_A.tif
  artifactKey: Guid(4afee4e1180c3b94cae45ca1e64d7c24) Importer(815301076,1909f56bfc062723c751e8b465ee728b)
Start importing Assets/Flooded_Grounds/Content/Textures/NAT_Hedge1_A.tif using Guid(4afee4e1180c3b94cae45ca1e64d7c24) Importer(815301076,1909f56bfc062723c751e8b465ee728b)  -> (artifact id: 'f96d57e100cd21963aa6f8fb7b5b9a5d') in 0.001507 seconds
Number of updated asset objects reloaded before import = 0
Number of asset objects unloaded after import = 1
========================================================================
Received Import Request.
  Time since last request: 0.000028 seconds.
  path: Assets/Flooded_Grounds/Content/Textures/NAT_CobbleRocks1_MS.tif
  artifactKey: Guid(312f2f1204d2edc45bd30d34947f04f4) Importer(815301076,1909f56bfc062723c751e8b465ee728b)
Start importing Assets/Flooded_Grounds/Content/Textures/NAT_CobbleRocks1_MS.tif using Guid(312f2f1204d2edc45bd30d34947f04f4) Importer(815301076,1909f56bfc062723c751e8b465ee728b)  -> (artifact id: 'b23f23801c5f3db751d2b18b2886ece5') in 0.001152 seconds
Number of updated asset objects reloaded before import = 0
Number of asset objects unloaded after import = 1
========================================================================
Received Import Request.
  Time since last request: 29.417836 seconds.
  path: Assets/Flooded_Grounds/Content/Textures/PROP_Beds1_N.tif
  artifactKey: Guid(4e8c1fa62fe87144db2f2e7d3b875760) Importer(815301076,1909f56bfc062723c751e8b465ee728b)
Start importing Assets/Flooded_Grounds/Content/Textures/PROP_Beds1_N.tif using Guid(4e8c1fa62fe87144db2f2e7d3b875760) Importer(815301076,1909f56bfc062723c751e8b465ee728b)  -> (artifact id: '0ba8dee09c7347eec4010a002b2715ad') in 0.002581 seconds
Number of updated asset objects reloaded before import = 0
Number of asset objects unloaded after import = 1
========================================================================
Received Import Request.
  Time since last request: 0.000010 seconds.
  path: Assets/Flooded_Grounds/Content/Textures/PROP_Boat1_N.tif
  artifactKey: Guid(9cd88bf3fa6832549bd247ff65e228f2) Importer(815301076,1909f56bfc062723c751e8b465ee728b)
Start importing Assets/Flooded_Grounds/Content/Textures/PROP_Boat1_N.tif using Guid(9cd88bf3fa6832549bd247ff65e228f2) Importer(815301076,1909f56bfc062723c751e8b465ee728b)  -> (artifact id: 'fb0bc12a059f1efc9972a302ff515e05') in 0.015342 seconds
Number of updated asset objects reloaded before import = 0
Number of asset objects unloaded after import = 1
========================================================================
Received Import Request.
  Time since last request: 0.000011 seconds.
  path: Assets/Flooded_Grounds/Content/Textures/PROP_Car1_AO.tif
  artifactKey: Guid(c5621d59e16f0ce47bcd84076fa3a382) Importer(815301076,1909f56bfc062723c751e8b465ee728b)
Start importing Assets/Flooded_Grounds/Content/Textures/PROP_Car1_AO.tif using Guid(c5621d59e16f0ce47bcd84076fa3a382) Importer(815301076,1909f56bfc062723c751e8b465ee728b)  -> (artifact id: 'dd1111fdf99f435932d55398603a1ac8') in 0.000956 seconds
Number of updated asset objects reloaded before import = 0
Number of asset objects unloaded after import = 1
Editor requested this worker to shutdown with reason: Scaling down because of idle timeout
TcpMessagingSession - receive error: operation aborted. errorcode: 995, details: Operacja We/Wy zostala przerwana z powodu zakonczenia watku lub zadania aplikacji.
AssetImportWorker is now disconnected from the server
Process exiting
Exiting without the bug reporter. Application will terminate with return code 0